{"/workspaces/windgapacademy/components/AvatarBuilder.js": {"path":"/workspaces/windgapacademy/components/AvatarBuilder.js","statementMap":{"0":{"start":{"line":7,"column":2},"end":{"line":16,"column":4}},"1":{"start":{"line":30,"column":2},"end":{"line":62,"column":4}}},"fnMap":{"0":{"name":"getAvatarState","decl":{"start":{"line":6,"column":16},"end":{"line":6,"column":30}},"loc":{"start":{"line":6,"column":46},"end":{"line":17,"column":1}},"line":6},"1":{"name":"showAvatarBuilder","decl":{"start":{"line":29,"column":16},"end":{"line":29,"column":33}},"loc":{"start":{"line":29,"column":60},"end":{"line":64,"column":11}},"line":29}},"branchMap":{"0":{"loc":{"start":{"line":6,"column":31},"end":{"line":6,"column":44}},"type":"default-arg","locations":[{"start":{"line":6,"column":42},"end":{"line":6,"column":44}}],"line":6},"1":{"loc":{"start":{"line":29,"column":45},"end":{"line":29,"column":58}},"type":"default-arg","locations":[{"start":{"line":29,"column":56},"end":{"line":29,"column":58}}],"line":29}},"s":{"0":2,"1":1},"f":{"0":2,"1":1},"b":{"0":[0],"1":[1]},"_coverageSchema":"1a1c01bbd47fc00a2c39e90264f33305004495a9","hash":"ab533208778873d5f12931081e62150ea1ca3611"}
,"/workspaces/windgapacademy/components/Dashboard.js": {"path":"/workspaces/windgapacademy/components/Dashboard.js","statementMap":{"0":{"start":{"line":13,"column":16},"end":{"line":13,"column":45}},"1":{"start":{"line":14,"column":2},"end":{"line":14,"column":39}},"2":{"start":{"line":15,"column":2},"end":{"line":15,"column":195}},"3":{"start":{"line":16,"column":2},"end":{"line":16,"column":35}},"4":{"start":{"line":17,"column":2},"end":{"line":17,"column":77}},"5":{"start":{"line":17,"column":62},"end":{"line":17,"column":76}},"6":{"start":{"line":21,"column":17},"end":{"line":21,"column":53}},"7":{"start":{"line":22,"column":2},"end":{"line":25,"column":3}},"8":{"start":{"line":23,"column":4},"end":{"line":23,"column":42}},"9":{"start":{"line":24,"column":4},"end":{"line":24,"column":51}},"10":{"start":{"line":29,"column":2},"end":{"line":29,"column":70}},"11":{"start":{"line":32,"column":2},"end":{"line":32,"column":71}},"12":{"start":{"line":48,"column":2},"end":{"line":48,"column":57}},"13":{"start":{"line":48,"column":8},"end":{"line":48,"column":13}},"14":{"start":{"line":48,"column":28},"end":{"line":48,"column":55}},"15":{"start":{"line":56,"column":2},"end":{"line":56,"column":19}},"16":{"start":{"line":57,"column":2},"end":{"line":57,"column":21}},"17":{"start":{"line":61,"column":0},"end":{"line":63,"column":1}},"18":{"start":{"line":62,"column":2},"end":{"line":62,"column":64}},"19":{"start":{"line":70,"column":4},"end":{"line":70,"column":138}},"20":{"start":{"line":74,"column":4},"end":{"line":74,"column":89}},"21":{"start":{"line":77,"column":4},"end":{"line":77,"column":158}},"22":{"start":{"line":80,"column":15},"end":{"line":115,"column":3}},"23":{"start":{"line":116,"column":20},"end":{"line":116,"column":24}},"24":{"start":{"line":118,"column":4},"end":{"line":118,"column":23}},"25":{"start":{"line":119,"column":4},"end":{"line":119,"column":41}},"26":{"start":{"line":120,"column":4},"end":{"line":120,"column":54}},"27":{"start":{"line":121,"column":4},"end":{"line":121,"column":22}},"28":{"start":{"line":124,"column":4},"end":{"line":124,"column":36}},"29":{"start":{"line":128,"column":4},"end":{"line":180,"column":6}},"30":{"start":{"line":182,"column":4},"end":{"line":182,"column":72}},"31":{"start":{"line":183,"column":4},"end":{"line":183,"column":72}},"32":{"start":{"line":184,"column":4},"end":{"line":184,"column":86}},"33":{"start":{"line":184,"column":59},"end":{"line":184,"column":84}},"34":{"start":{"line":185,"column":4},"end":{"line":185,"column":73}},"35":{"start":{"line":187,"column":4},"end":{"line":187,"column":116}},"36":{"start":{"line":189,"column":25},"end":{"line":189,"column":65}},"37":{"start":{"line":190,"column":4},"end":{"line":195,"column":5}},"38":{"start":{"line":191,"column":6},"end":{"line":194,"column":8}},"39":{"start":{"line":192,"column":8},"end":{"line":192,"column":27}},"40":{"start":{"line":193,"column":8},"end":{"line":193,"column":46}},"41":{"start":{"line":197,"column":24},"end":{"line":197,"column":64}},"42":{"start":{"line":198,"column":4},"end":{"line":198,"column":76}},"43":{"start":{"line":198,"column":21},"end":{"line":198,"column":76}},"44":{"start":{"line":198,"column":51},"end":{"line":198,"column":75}},"45":{"start":{"line":199,"column":23},"end":{"line":199,"column":62}},"46":{"start":{"line":200,"column":4},"end":{"line":200,"column":77}},"47":{"start":{"line":200,"column":20},"end":{"line":200,"column":77}},"48":{"start":{"line":200,"column":49},"end":{"line":200,"column":76}},"49":{"start":{"line":202,"column":29},"end":{"line":202,"column":71}},"50":{"start":{"line":203,"column":4},"end":{"line":207,"column":5}},"51":{"start":{"line":204,"column":6},"end":{"line":206,"column":8}},"52":{"start":{"line":205,"column":8},"end":{"line":205,"column":138}},"53":{"start":{"line":209,"column":20},"end":{"line":214,"column":5}},"54":{"start":{"line":215,"column":22},"end":{"line":215,"column":23}},"55":{"start":{"line":217,"column":30},"end":{"line":217,"column":73}},"56":{"start":{"line":218,"column":6},"end":{"line":220,"column":7}},"57":{"start":{"line":219,"column":8},"end":{"line":219,"column":76}},"58":{"start":{"line":221,"column":6},"end":{"line":221,"column":20}},"59":{"start":{"line":222,"column":6},"end":{"line":222,"column":35}},"60":{"start":{"line":224,"column":4},"end":{"line":224,"column":17}},"61":{"start":{"line":226,"column":25},"end":{"line":226,"column":97}},"62":{"start":{"line":227,"column":29},"end":{"line":227,"column":73}},"63":{"start":{"line":228,"column":4},"end":{"line":235,"column":5}},"64":{"start":{"line":229,"column":6},"end":{"line":234,"column":9}},"65":{"start":{"line":230,"column":22},"end":{"line":230,"column":52}},"66":{"start":{"line":231,"column":8},"end":{"line":231,"column":34}},"67":{"start":{"line":232,"column":8},"end":{"line":232,"column":30}},"68":{"start":{"line":233,"column":8},"end":{"line":233,"column":44}},"69":{"start":{"line":237,"column":25},"end":{"line":237,"column":65}},"70":{"start":{"line":238,"column":4},"end":{"line":240,"column":5}},"71":{"start":{"line":239,"column":6},"end":{"line":239,"column":77}},"72":{"start":{"line":242,"column":19},"end":{"line":242,"column":108}},"73":{"start":{"line":243,"column":23},"end":{"line":243,"column":67}},"74":{"start":{"line":244,"column":4},"end":{"line":250,"column":5}},"75":{"start":{"line":245,"column":6},"end":{"line":249,"column":9}},"76":{"start":{"line":246,"column":19},"end":{"line":246,"column":47}},"77":{"start":{"line":247,"column":8},"end":{"line":247,"column":27}},"78":{"start":{"line":248,"column":8},"end":{"line":248,"column":35}},"79":{"start":{"line":252,"column":4},"end":{"line":254,"column":7}},"80":{"start":{"line":253,"column":6},"end":{"line":253,"column":22}},"81":{"start":{"line":256,"column":2},"end":{"line":256,"column":20}},"82":{"start":{"line":257,"column":2},"end":{"line":257,"column":22}},"83":{"start":{"line":262,"column":2},"end":{"line":274,"column":5}},"84":{"start":{"line":263,"column":19},"end":{"line":263,"column":58}},"85":{"start":{"line":264,"column":4},"end":{"line":273,"column":5}},"86":{"start":{"line":265,"column":18},"end":{"line":265,"column":41}},"87":{"start":{"line":266,"column":6},"end":{"line":266,"column":59}},"88":{"start":{"line":267,"column":6},"end":{"line":267,"column":22}},"89":{"start":{"line":268,"column":6},"end":{"line":268,"column":42}},"90":{"start":{"line":269,"column":6},"end":{"line":269,"column":17}},"91":{"start":{"line":270,"column":6},"end":{"line":270,"column":30}},"92":{"start":{"line":271,"column":6},"end":{"line":271,"column":29}},"93":{"start":{"line":272,"column":6},"end":{"line":272,"column":73}}},"fnMap":{"0":{"name":"showOnboarding","decl":{"start":{"line":12,"column":9},"end":{"line":12,"column":23}},"loc":{"start":{"line":12,"column":26},"end":{"line":18,"column":1}},"line":12},"1":{"name":"(anonymous_1)","decl":{"start":{"line":17,"column":56},"end":{"line":17,"column":57}},"loc":{"start":{"line":17,"column":62},"end":{"line":17,"column":76}},"line":17},"2":{"name":"setAccessibility","decl":{"start":{"line":20,"column":9},"end":{"line":20,"column":25}},"loc":{"start":{"line":20,"column":28},"end":{"line":26,"column":1}},"line":20},"3":{"name":"backupProgress","decl":{"start":{"line":28,"column":9},"end":{"line":28,"column":23}},"loc":{"start":{"line":28,"column":34},"end":{"line":30,"column":1}},"line":28},"4":{"name":"syncProgress","decl":{"start":{"line":31,"column":9},"end":{"line":31,"column":21}},"loc":{"start":{"line":31,"column":24},"end":{"line":33,"column":1}},"line":31},"5":{"name":"updateLeaderboard","decl":{"start":{"line":35,"column":9},"end":{"line":35,"column":26}},"loc":{"start":{"line":35,"column":34},"end":{"line":37,"column":1}},"line":35},"6":{"name":"sendFeedback","decl":{"start":{"line":39,"column":9},"end":{"line":39,"column":21}},"loc":{"start":{"line":39,"column":32},"end":{"line":41,"column":1}},"line":39},"7":{"name":"logEvent","decl":{"start":{"line":43,"column":9},"end":{"line":43,"column":17}},"loc":{"start":{"line":43,"column":25},"end":{"line":45,"column":1}},"line":43},"8":{"name":"safeRun","decl":{"start":{"line":47,"column":9},"end":{"line":47,"column":16}},"loc":{"start":{"line":47,"column":21},"end":{"line":49,"column":1}},"line":47},"9":{"name":"showSettings","decl":{"start":{"line":51,"column":9},"end":{"line":51,"column":21}},"loc":{"start":{"line":51,"column":24},"end":{"line":53,"column":1}},"line":51},"10":{"name":"startDashboard","decl":{"start":{"line":55,"column":9},"end":{"line":55,"column":23}},"loc":{"start":{"line":55,"column":26},"end":{"line":59,"column":1}},"line":55},"11":{"name":"showDashboard","decl":{"start":{"line":66,"column":16},"end":{"line":66,"column":29}},"loc":{"start":{"line":66,"column":52},"end":{"line":258,"column":1}},"line":66},"12":{"name":"navButton","decl":{"start":{"line":69,"column":11},"end":{"line":69,"column":20}},"loc":{"start":{"line":69,"column":51},"end":{"line":71,"column":3}},"line":69},"13":{"name":"helpButton","decl":{"start":{"line":73,"column":11},"end":{"line":73,"column":21}},"loc":{"start":{"line":73,"column":24},"end":{"line":75,"column":3}},"line":73},"14":{"name":"privacyNotice","decl":{"start":{"line":76,"column":11},"end":{"line":76,"column":24}},"loc":{"start":{"line":76,"column":27},"end":{"line":78,"column":3}},"line":76},"15":{"name":"setLanguage","decl":{"start":{"line":117,"column":11},"end":{"line":117,"column":22}},"loc":{"start":{"line":117,"column":29},"end":{"line":122,"column":3}},"line":117},"16":{"name":"setTheme","decl":{"start":{"line":123,"column":11},"end":{"line":123,"column":19}},"loc":{"start":{"line":123,"column":27},"end":{"line":125,"column":3}},"line":123},"17":{"name":"renderDashboard","decl":{"start":{"line":127,"column":11},"end":{"line":127,"column":26}},"loc":{"start":{"line":127,"column":29},"end":{"line":255,"column":3}},"line":127},"18":{"name":"(anonymous_18)","decl":{"start":{"line":184,"column":52},"end":{"line":184,"column":53}},"loc":{"start":{"line":184,"column":59},"end":{"line":184,"column":84}},"line":184},"19":{"name":"(anonymous_19)","decl":{"start":{"line":191,"column":30},"end":{"line":191,"column":31}},"loc":{"start":{"line":191,"column":42},"end":{"line":194,"column":7}},"line":191},"20":{"name":"(anonymous_20)","decl":{"start":{"line":198,"column":44},"end":{"line":198,"column":45}},"loc":{"start":{"line":198,"column":51},"end":{"line":198,"column":75}},"line":198},"21":{"name":"(anonymous_21)","decl":{"start":{"line":200,"column":42},"end":{"line":200,"column":43}},"loc":{"start":{"line":200,"column":49},"end":{"line":200,"column":76}},"line":200},"22":{"name":"(anonymous_22)","decl":{"start":{"line":204,"column":33},"end":{"line":204,"column":34}},"loc":{"start":{"line":204,"column":39},"end":{"line":206,"column":7}},"line":204},"23":{"name":"showPrompt","decl":{"start":{"line":216,"column":13},"end":{"line":216,"column":23}},"loc":{"start":{"line":216,"column":26},"end":{"line":223,"column":5}},"line":216},"24":{"name":"(anonymous_24)","decl":{"start":{"line":229,"column":27},"end":{"line":229,"column":28}},"loc":{"start":{"line":229,"column":32},"end":{"line":234,"column":7}},"line":229},"25":{"name":"(anonymous_25)","decl":{"start":{"line":245,"column":21},"end":{"line":245,"column":22}},"loc":{"start":{"line":245,"column":26},"end":{"line":249,"column":7}},"line":245},"26":{"name":"(anonymous_26)","decl":{"start":{"line":252,"column":68},"end":{"line":252,"column":69}},"loc":{"start":{"line":252,"column":76},"end":{"line":254,"column":5}},"line":252},"27":{"name":"animateCharacters","decl":{"start":{"line":259,"column":9},"end":{"line":259,"column":26}},"loc":{"start":{"line":259,"column":29},"end":{"line":275,"column":1}},"line":259},"28":{"name":"(anonymous_28)","decl":{"start":{"line":262,"column":38},"end":{"line":262,"column":39}},"loc":{"start":{"line":262,"column":51},"end":{"line":274,"column":3}},"line":262}},"branchMap":{"0":{"loc":{"start":{"line":22,"column":2},"end":{"line":25,"column":3}},"type":"if","locations":[{"start":{"line":22,"column":2},"end":{"line":25,"column":3}},{"start":{},"end":{}}],"line":22},"1":{"loc":{"start":{"line":32,"column":20},"end":{"line":32,"column":69}},"type":"binary-expr","locations":[{"start":{"line":32,"column":20},"end":{"line":32,"column":61}},{"start":{"line":32,"column":65},"end":{"line":32,"column":69}}],"line":32},"2":{"loc":{"start":{"line":61,"column":0},"end":{"line":63,"column":1}},"type":"if","locations":[{"start":{"line":61,"column":0},"end":{"line":63,"column":1}},{"start":{},"end":{}}],"line":61},"3":{"loc":{"start":{"line":66,"column":41},"end":{"line":66,"column":50}},"type":"default-arg","locations":[{"start":{"line":66,"column":48},"end":{"line":66,"column":50}}],"line":66},"4":{"loc":{"start":{"line":69,"column":35},"end":{"line":69,"column":49}},"type":"default-arg","locations":[{"start":{"line":69,"column":44},"end":{"line":69,"column":49}}],"line":69},"5":{"loc":{"start":{"line":70,"column":36},"end":{"line":70,"column":59}},"type":"cond-expr","locations":[{"start":{"line":70,"column":45},"end":{"line":70,"column":54}},{"start":{"line":70,"column":57},"end":{"line":70,"column":59}}],"line":70},"6":{"loc":{"start":{"line":120,"column":24},"end":{"line":120,"column":53}},"type":"cond-expr","locations":[{"start":{"line":120,"column":40},"end":{"line":120,"column":45}},{"start":{"line":120,"column":48},"end":{"line":120,"column":53}}],"line":120},"7":{"loc":{"start":{"line":190,"column":4},"end":{"line":195,"column":5}},"type":"if","locations":[{"start":{"line":190,"column":4},"end":{"line":195,"column":5}},{"start":{},"end":{}}],"line":190},"8":{"loc":{"start":{"line":198,"column":4},"end":{"line":198,"column":76}},"type":"if","locations":[{"start":{"line":198,"column":4},"end":{"line":198,"column":76}},{"start":{},"end":{}}],"line":198},"9":{"loc":{"start":{"line":200,"column":4},"end":{"line":200,"column":77}},"type":"if","locations":[{"start":{"line":200,"column":4},"end":{"line":200,"column":77}},{"start":{},"end":{}}],"line":200},"10":{"loc":{"start":{"line":203,"column":4},"end":{"line":207,"column":5}},"type":"if","locations":[{"start":{"line":203,"column":4},"end":{"line":207,"column":5}},{"start":{},"end":{}}],"line":203},"11":{"loc":{"start":{"line":218,"column":6},"end":{"line":220,"column":7}},"type":"if","locations":[{"start":{"line":218,"column":6},"end":{"line":220,"column":7}},{"start":{},"end":{}}],"line":218},"12":{"loc":{"start":{"line":228,"column":4},"end":{"line":235,"column":5}},"type":"if","locations":[{"start":{"line":228,"column":4},"end":{"line":235,"column":5}},{"start":{},"end":{}}],"line":228},"13":{"loc":{"start":{"line":238,"column":4},"end":{"line":240,"column":5}},"type":"if","locations":[{"start":{"line":238,"column":4},"end":{"line":240,"column":5}},{"start":{},"end":{}}],"line":238},"14":{"loc":{"start":{"line":244,"column":4},"end":{"line":250,"column":5}},"type":"if","locations":[{"start":{"line":244,"column":4},"end":{"line":250,"column":5}},{"start":{},"end":{}}],"line":244},"15":{"loc":{"start":{"line":264,"column":4},"end":{"line":273,"column":5}},"type":"if","locations":[{"start":{"line":264,"column":4},"end":{"line":273,"column":5}},{"start":{},"end":{}}],"line":264}},"s":{"0":0,"1":0,"2":0,"3":0,"4":0,"5":0,"6":0,"7":0,"8":0,"9":0,"10":0,"11":0,"12":0,"13":0,"14":0,"15":0,"16":0,"17":1,"18":1,"19":0,"20":0,"21":0,"22":1,"23":1,"24":0,"25":0,"26":0,"27":0,"28":0,"29":1,"30":1,"31":1,"32":1,"33":0,"34":1,"35":1,"36":1,"37":1,"38":0,"39":0,"40":0,"41":1,"42":1,"43":1,"44":0,"45":1,"46":1,"47":1,"48":0,"49":1,"50":1,"51":1,"52":0,"53":1,"54":1,"55":1,"56":1,"57":0,"58":1,"59":1,"60":1,"61":1,"62":1,"63":1,"64":0,"65":0,"66":0,"67":0,"68":0,"69":1,"70":1,"71":0,"72":1,"73":1,"74":1,"75":0,"76":0,"77":0,"78":0,"79":1,"80":6,"81":1,"82":1,"83":1,"84":3,"85":3,"86":0,"87":0,"88":0,"89":0,"90":0,"91":0,"92":0,"93":0},"f":{"0":0,"1":0,"2":0,"3":0,"4":0,"5":0,"6":0,"7":0,"8":0,"9":0,"10":0,"11":1,"12":0,"13":0,"14":0,"15":0,"16":0,"17":1,"18":0,"19":0,"20":0,"21":0,"22":0,"23":1,"24":0,"25":0,"26":6,"27":1,"28":3},"b":{"0":[0,0],"1":[0,0],"2":[1,0],"3":[0],"4":[0],"5":[0,0],"6":[0,0],"7":[0,1],"8":[1,0],"9":[1,0],"10":[1,0],"11":[0,1],"12":[0,1],"13":[0,1],"14":[0,1],"15":[0,3]},"_coverageSchema":"1a1c01bbd47fc00a2c39e90264f33305004495a9","hash":"3caca2db423db124314607d7686c7212ab8e1b0b"}
,"/workspaces/windgapacademy/components/GameModules/DigitalSkillsGame.js": {"path":"/workspaces/windgapacademy/components/GameModules/DigitalSkillsGame.js","statementMap":{"0":{"start":{"line":7,"column":15},"end":{"line":53,"column":3}},"1":{"start":{"line":54,"column":20},"end":{"line":54,"column":24}},"2":{"start":{"line":56,"column":4},"end":{"line":56,"column":23}},"3":{"start":{"line":57,"column":4},"end":{"line":57,"column":41}},"4":{"start":{"line":58,"column":4},"end":{"line":58,"column":62}},"5":{"start":{"line":59,"column":4},"end":{"line":59,"column":18}},"6":{"start":{"line":60,"column":4},"end":{"line":60,"column":17}},"7":{"start":{"line":65,"column":4},"end":{"line":71,"column":5}},"8":{"start":{"line":65,"column":10},"end":{"line":65,"column":15}},"9":{"start":{"line":66,"column":6},"end":{"line":70,"column":7}},"10":{"start":{"line":67,"column":8},"end":{"line":67,"column":46}},"11":{"start":{"line":69,"column":8},"end":{"line":69,"column":47}},"12":{"start":{"line":76,"column":4},"end":{"line":79,"column":5}},"13":{"start":{"line":77,"column":6},"end":{"line":77,"column":40}},"14":{"start":{"line":78,"column":6},"end":{"line":78,"column":19}},"15":{"start":{"line":80,"column":4},"end":{"line":80,"column":16}},"16":{"start":{"line":85,"column":16},"end":{"line":85,"column":61}},"17":{"start":{"line":86,"column":4},"end":{"line":97,"column":5}},"18":{"start":{"line":87,"column":6},"end":{"line":87,"column":44}},"19":{"start":{"line":88,"column":6},"end":{"line":88,"column":38}},"20":{"start":{"line":89,"column":6},"end":{"line":89,"column":171}},"21":{"start":{"line":90,"column":6},"end":{"line":94,"column":14}},"22":{"start":{"line":95,"column":6},"end":{"line":95,"column":39}},"23":{"start":{"line":96,"column":6},"end":{"line":96,"column":83}},"24":{"start":{"line":96,"column":68},"end":{"line":96,"column":82}},"25":{"start":{"line":101,"column":36},"end":{"line":101,"column":100}},"26":{"start":{"line":102,"column":34},"end":{"line":102,"column":112}},"27":{"start":{"line":105,"column":29},"end":{"line":105,"column":108}},"28":{"start":{"line":109,"column":4},"end":{"line":109,"column":18}},"29":{"start":{"line":110,"column":4},"end":{"line":124,"column":6}},"30":{"start":{"line":125,"column":4},"end":{"line":162,"column":6}},"31":{"start":{"line":126,"column":18},"end":{"line":126,"column":59}},"32":{"start":{"line":127,"column":6},"end":{"line":160,"column":47}},"33":{"start":{"line":128,"column":8},"end":{"line":128,"column":46}},"34":{"start":{"line":129,"column":8},"end":{"line":129,"column":36}},"35":{"start":{"line":130,"column":8},"end":{"line":130,"column":191}},"36":{"start":{"line":131,"column":8},"end":{"line":151,"column":10}},"37":{"start":{"line":152,"column":8},"end":{"line":152,"column":41}},"38":{"start":{"line":153,"column":8},"end":{"line":153,"column":81}},"39":{"start":{"line":153,"column":66},"end":{"line":153,"column":80}},"40":{"start":{"line":154,"column":8},"end":{"line":154,"column":69}},"41":{"start":{"line":155,"column":8},"end":{"line":155,"column":75}},"42":{"start":{"line":156,"column":8},"end":{"line":156,"column":61}},"43":{"start":{"line":157,"column":8},"end":{"line":157,"column":71}},"44":{"start":{"line":158,"column":8},"end":{"line":158,"column":67}},"45":{"start":{"line":159,"column":8},"end":{"line":159,"column":118}},"46":{"start":{"line":159,"column":71},"end":{"line":159,"column":99}},"47":{"start":{"line":159,"column":100},"end":{"line":159,"column":115}},"48":{"start":{"line":160,"column":15},"end":{"line":160,"column":45}},"49":{"start":{"line":161,"column":6},"end":{"line":161,"column":20}},"50":{"start":{"line":163,"column":4},"end":{"line":163,"column":75}},"51":{"start":{"line":164,"column":4},"end":{"line":164,"column":75}},"52":{"start":{"line":165,"column":4},"end":{"line":165,"column":71}},"53":{"start":{"line":166,"column":4},"end":{"line":166,"column":69}},"54":{"start":{"line":167,"column":4},"end":{"line":167,"column":18}},"55":{"start":{"line":168,"column":4},"end":{"line":171,"column":6}},"56":{"start":{"line":169,"column":6},"end":{"line":169,"column":32}},"57":{"start":{"line":170,"column":6},"end":{"line":170,"column":20}},"58":{"start":{"line":173,"column":25},"end":{"line":173,"column":69}},"59":{"start":{"line":174,"column":4},"end":{"line":184,"column":5}},"60":{"start":{"line":175,"column":6},"end":{"line":175,"column":20}},"61":{"start":{"line":176,"column":6},"end":{"line":176,"column":212}},"62":{"start":{"line":177,"column":6},"end":{"line":183,"column":8}},"63":{"start":{"line":178,"column":8},"end":{"line":178,"column":22}},"64":{"start":{"line":179,"column":20},"end":{"line":179,"column":59}},"65":{"start":{"line":180,"column":8},"end":{"line":182,"column":9}},"66":{"start":{"line":181,"column":10},"end":{"line":181,"column":122}},"67":{"start":{"line":186,"column":4},"end":{"line":186,"column":122}},"68":{"start":{"line":187,"column":4},"end":{"line":187,"column":108}},"69":{"start":{"line":189,"column":4},"end":{"line":189,"column":31}},"70":{"start":{"line":191,"column":2},"end":{"line":191,"column":28}},"71":{"start":{"line":195,"column":4},"end":{"line":218,"column":7}},"72":{"start":{"line":196,"column":6},"end":{"line":217,"column":7}},"73":{"start":{"line":197,"column":8},"end":{"line":197,"column":41}},"74":{"start":{"line":198,"column":8},"end":{"line":212,"column":10}},"75":{"start":{"line":199,"column":20},"end":{"line":199,"column":49}},"76":{"start":{"line":200,"column":10},"end":{"line":200,"column":36}},"77":{"start":{"line":201,"column":10},"end":{"line":201,"column":70}},"78":{"start":{"line":202,"column":10},"end":{"line":202,"column":42}},"79":{"start":{"line":203,"column":10},"end":{"line":203,"column":40}},"80":{"start":{"line":204,"column":10},"end":{"line":204,"column":35}},"81":{"start":{"line":205,"column":10},"end":{"line":205,"column":40}},"82":{"start":{"line":206,"column":10},"end":{"line":206,"column":41}},"83":{"start":{"line":207,"column":10},"end":{"line":207,"column":71}},"84":{"start":{"line":208,"column":10},"end":{"line":208,"column":68}},"85":{"start":{"line":209,"column":10},"end":{"line":209,"column":34}},"86":{"start":{"line":210,"column":10},"end":{"line":210,"column":36}},"87":{"start":{"line":211,"column":10},"end":{"line":211,"column":41}},"88":{"start":{"line":213,"column":8},"end":{"line":216,"column":10}},"89":{"start":{"line":214,"column":20},"end":{"line":214,"column":61}},"90":{"start":{"line":215,"column":10},"end":{"line":215,"column":32}},"91":{"start":{"line":215,"column":19},"end":{"line":215,"column":32}},"92":{"start":{"line":223,"column":16},"end":{"line":223,"column":59}},"93":{"start":{"line":224,"column":4},"end":{"line":245,"column":5}},"94":{"start":{"line":225,"column":6},"end":{"line":225,"column":44}},"95":{"start":{"line":226,"column":6},"end":{"line":226,"column":36}},"96":{"start":{"line":227,"column":6},"end":{"line":227,"column":171}},"97":{"start":{"line":228,"column":6},"end":{"line":234,"column":14}},"98":{"start":{"line":235,"column":6},"end":{"line":235,"column":39}},"99":{"start":{"line":236,"column":6},"end":{"line":236,"column":81}},"100":{"start":{"line":236,"column":66},"end":{"line":236,"column":80}},"101":{"start":{"line":237,"column":6},"end":{"line":240,"column":8}},"102":{"start":{"line":238,"column":8},"end":{"line":238,"column":23}},"103":{"start":{"line":239,"column":8},"end":{"line":239,"column":26}},"104":{"start":{"line":241,"column":6},"end":{"line":244,"column":8}},"105":{"start":{"line":242,"column":8},"end":{"line":242,"column":23}},"106":{"start":{"line":243,"column":8},"end":{"line":243,"column":26}},"107":{"start":{"line":248,"column":16},"end":{"line":248,"column":52}},"108":{"start":{"line":249,"column":4},"end":{"line":260,"column":5}},"109":{"start":{"line":250,"column":6},"end":{"line":250,"column":44}},"110":{"start":{"line":251,"column":6},"end":{"line":251,"column":29}},"111":{"start":{"line":252,"column":6},"end":{"line":252,"column":171}},"112":{"start":{"line":253,"column":6},"end":{"line":257,"column":14}},"113":{"start":{"line":258,"column":6},"end":{"line":258,"column":39}},"114":{"start":{"line":259,"column":6},"end":{"line":259,"column":74}},"115":{"start":{"line":259,"column":59},"end":{"line":259,"column":73}},"116":{"start":{"line":264,"column":30},"end":{"line":264,"column":62}},"117":{"start":{"line":265,"column":28},"end":{"line":265,"column":58}},"118":{"start":{"line":267,"column":2},"end":{"line":277,"column":4}},"119":{"start":{"line":278,"column":24},"end":{"line":278,"column":64}},"120":{"start":{"line":279,"column":4},"end":{"line":314,"column":5}},"121":{"start":{"line":280,"column":6},"end":{"line":313,"column":8}},"122":{"start":{"line":281,"column":20},"end":{"line":281,"column":62}},"123":{"start":{"line":282,"column":8},"end":{"line":311,"column":49}},"124":{"start":{"line":283,"column":10},"end":{"line":283,"column":48}},"125":{"start":{"line":284,"column":10},"end":{"line":284,"column":38}},"126":{"start":{"line":285,"column":10},"end":{"line":285,"column":193}},"127":{"start":{"line":286,"column":10},"end":{"line":303,"column":12}},"128":{"start":{"line":304,"column":10},"end":{"line":304,"column":39}},"129":{"start":{"line":305,"column":10},"end":{"line":305,"column":80}},"130":{"start":{"line":305,"column":65},"end":{"line":305,"column":79}},"131":{"start":{"line":306,"column":10},"end":{"line":306,"column":74}},"132":{"start":{"line":307,"column":10},"end":{"line":307,"column":60}},"133":{"start":{"line":308,"column":10},"end":{"line":308,"column":70}},"134":{"start":{"line":309,"column":10},"end":{"line":309,"column":66}},"135":{"start":{"line":310,"column":10},"end":{"line":310,"column":117}},"136":{"start":{"line":310,"column":70},"end":{"line":310,"column":98}},"137":{"start":{"line":310,"column":99},"end":{"line":310,"column":114}},"138":{"start":{"line":311,"column":17},"end":{"line":311,"column":47}},"139":{"start":{"line":312,"column":8},"end":{"line":312,"column":22}},"140":{"start":{"line":315,"column":4},"end":{"line":315,"column":18}},"141":{"start":{"line":316,"column":22},"end":{"line":316,"column":64}},"142":{"start":{"line":317,"column":4},"end":{"line":321,"column":5}},"143":{"start":{"line":318,"column":6},"end":{"line":320,"column":8}},"144":{"start":{"line":319,"column":8},"end":{"line":319,"column":34}},"145":{"start":{"line":336,"column":16},"end":{"line":336,"column":45}},"146":{"start":{"line":337,"column":2},"end":{"line":337,"column":39}},"147":{"start":{"line":338,"column":2},"end":{"line":338,"column":196}},"148":{"start":{"line":339,"column":2},"end":{"line":339,"column":35}},"149":{"start":{"line":340,"column":2},"end":{"line":340,"column":77}},"150":{"start":{"line":340,"column":62},"end":{"line":340,"column":76}},"151":{"start":{"line":345,"column":17},"end":{"line":345,"column":63}},"152":{"start":{"line":346,"column":2},"end":{"line":349,"column":3}},"153":{"start":{"line":347,"column":4},"end":{"line":347,"column":42}},"154":{"start":{"line":348,"column":4},"end":{"line":348,"column":61}},"155":{"start":{"line":354,"column":2},"end":{"line":354,"column":74}},"156":{"start":{"line":357,"column":2},"end":{"line":357,"column":75}},"157":{"start":{"line":377,"column":2},"end":{"line":377,"column":57}},"158":{"start":{"line":377,"column":8},"end":{"line":377,"column":13}},"159":{"start":{"line":377,"column":28},"end":{"line":377,"column":55}},"160":{"start":{"line":387,"column":2},"end":{"line":387,"column":19}},"161":{"start":{"line":388,"column":2},"end":{"line":388,"column":21}},"162":{"start":{"line":393,"column":0},"end":{"line":395,"column":1}},"163":{"start":{"line":394,"column":2},"end":{"line":394,"column":59}},"164":{"start":{"line":397,"column":14},"end":{"line":397,"column":52}},"165":{"start":{"line":398,"column":2},"end":{"line":398,"column":28}},"166":{"start":{"line":400,"column":18},"end":{"line":400,"column":60}},"167":{"start":{"line":401,"column":2},"end":{"line":401,"column":33}},"168":{"start":{"line":425,"column":2},"end":{"line":434,"column":5}},"169":{"start":{"line":426,"column":4},"end":{"line":433,"column":5}},"170":{"start":{"line":428,"column":24},"end":{"line":428,"column":98}},"171":{"start":{"line":429,"column":20},"end":{"line":429,"column":61}},"172":{"start":{"line":430,"column":19},"end":{"line":430,"column":60}},"173":{"start":{"line":431,"column":6},"end":{"line":431,"column":29}},"174":{"start":{"line":431,"column":16},"end":{"line":431,"column":29}},"175":{"start":{"line":432,"column":6},"end":{"line":432,"column":25}},"176":{"start":{"line":437,"column":22},"end":{"line":437,"column":68}},"177":{"start":{"line":438,"column":2},"end":{"line":438,"column":81}},"178":{"start":{"line":438,"column":19},"end":{"line":438,"column":81}},"179":{"start":{"line":439,"column":20},"end":{"line":439,"column":64}},"180":{"start":{"line":440,"column":2},"end":{"line":440,"column":63}},"181":{"start":{"line":440,"column":17},"end":{"line":440,"column":63}},"182":{"start":{"line":452,"column":0},"end":{"line":455,"column":3}},"183":{"start":{"line":453,"column":2},"end":{"line":453,"column":18}},"184":{"start":{"line":454,"column":2},"end":{"line":454,"column":29}}},"fnMap":{"0":{"name":"showDigitalSkillsGame","decl":{"start":{"line":5,"column":16},"end":{"line":5,"column":37}},"loc":{"start":{"line":5,"column":49},"end":{"line":402,"column":1}},"line":5},"1":{"name":"setLanguage","decl":{"start":{"line":55,"column":11},"end":{"line":55,"column":22}},"loc":{"start":{"line":55,"column":29},"end":{"line":61,"column":3}},"line":55},"2":{"name":"errorBoundary","decl":{"start":{"line":64,"column":11},"end":{"line":64,"column":24}},"loc":{"start":{"line":64,"column":29},"end":{"line":72,"column":3}},"line":64},"3":{"name":"validateInput","decl":{"start":{"line":75,"column":11},"end":{"line":75,"column":24}},"loc":{"start":{"line":75,"column":32},"end":{"line":81,"column":3}},"line":75},"4":{"name":"showAchievements","decl":{"start":{"line":84,"column":11},"end":{"line":84,"column":27}},"loc":{"start":{"line":84,"column":30},"end":{"line":98,"column":3}},"line":84},"5":{"name":"(anonymous_5)","decl":{"start":{"line":96,"column":62},"end":{"line":96,"column":63}},"loc":{"start":{"line":96,"column":68},"end":{"line":96,"column":82}},"line":96},"6":{"name":"showEducatorFeedback","decl":{"start":{"line":101,"column":11},"end":{"line":101,"column":31}},"loc":{"start":{"line":101,"column":34},"end":{"line":101,"column":102}},"line":101},"7":{"name":"showParentFeedback","decl":{"start":{"line":102,"column":11},"end":{"line":102,"column":29}},"loc":{"start":{"line":102,"column":32},"end":{"line":102,"column":114}},"line":102},"8":{"name":"showAnalytics","decl":{"start":{"line":105,"column":11},"end":{"line":105,"column":24}},"loc":{"start":{"line":105,"column":27},"end":{"line":105,"column":110}},"line":105},"9":{"name":"renderGame","decl":{"start":{"line":108,"column":11},"end":{"line":108,"column":21}},"loc":{"start":{"line":108,"column":24},"end":{"line":190,"column":3}},"line":108},"10":{"name":"(anonymous_10)","decl":{"start":{"line":125,"column":54},"end":{"line":125,"column":55}},"loc":{"start":{"line":125,"column":66},"end":{"line":162,"column":5}},"line":125},"11":{"name":"(anonymous_11)","decl":{"start":{"line":153,"column":60},"end":{"line":153,"column":61}},"loc":{"start":{"line":153,"column":66},"end":{"line":153,"column":80}},"line":153},"12":{"name":"(anonymous_12)","decl":{"start":{"line":159,"column":62},"end":{"line":159,"column":63}},"loc":{"start":{"line":159,"column":69},"end":{"line":159,"column":117}},"line":159},"13":{"name":"(anonymous_13)","decl":{"start":{"line":168,"column":56},"end":{"line":168,"column":57}},"loc":{"start":{"line":168,"column":68},"end":{"line":171,"column":5}},"line":168},"14":{"name":"(anonymous_14)","decl":{"start":{"line":177,"column":57},"end":{"line":177,"column":58}},"loc":{"start":{"line":177,"column":69},"end":{"line":183,"column":7}},"line":177},"15":{"name":"addTooltips","decl":{"start":{"line":194,"column":11},"end":{"line":194,"column":22}},"loc":{"start":{"line":194,"column":25},"end":{"line":219,"column":3}},"line":194},"16":{"name":"(anonymous_16)","decl":{"start":{"line":195,"column":62},"end":{"line":195,"column":63}},"loc":{"start":{"line":195,"column":68},"end":{"line":218,"column":5}},"line":195},"17":{"name":"(anonymous_17)","decl":{"start":{"line":198,"column":38},"end":{"line":198,"column":39}},"loc":{"start":{"line":198,"column":49},"end":{"line":212,"column":9}},"line":198},"18":{"name":"(anonymous_18)","decl":{"start":{"line":213,"column":36},"end":{"line":213,"column":37}},"loc":{"start":{"line":213,"column":47},"end":{"line":216,"column":9}},"line":213},"19":{"name":"showOnboarding","decl":{"start":{"line":222,"column":11},"end":{"line":222,"column":25}},"loc":{"start":{"line":222,"column":28},"end":{"line":246,"column":3}},"line":222},"20":{"name":"(anonymous_20)","decl":{"start":{"line":236,"column":60},"end":{"line":236,"column":61}},"loc":{"start":{"line":236,"column":66},"end":{"line":236,"column":80}},"line":236},"21":{"name":"(anonymous_21)","decl":{"start":{"line":237,"column":60},"end":{"line":237,"column":61}},"loc":{"start":{"line":237,"column":66},"end":{"line":240,"column":7}},"line":237},"22":{"name":"(anonymous_22)","decl":{"start":{"line":241,"column":60},"end":{"line":241,"column":61}},"loc":{"start":{"line":241,"column":66},"end":{"line":244,"column":7}},"line":241},"23":{"name":"showFAQ","decl":{"start":{"line":247,"column":11},"end":{"line":247,"column":18}},"loc":{"start":{"line":247,"column":21},"end":{"line":261,"column":3}},"line":247},"24":{"name":"(anonymous_24)","decl":{"start":{"line":259,"column":53},"end":{"line":259,"column":54}},"loc":{"start":{"line":259,"column":59},"end":{"line":259,"column":73}},"line":259},"25":{"name":"backupProgress","decl":{"start":{"line":264,"column":11},"end":{"line":264,"column":25}},"loc":{"start":{"line":264,"column":28},"end":{"line":264,"column":64}},"line":264},"26":{"name":"syncProgress","decl":{"start":{"line":265,"column":11},"end":{"line":265,"column":23}},"loc":{"start":{"line":265,"column":26},"end":{"line":265,"column":60}},"line":265},"27":{"name":"(anonymous_27)","decl":{"start":{"line":280,"column":28},"end":{"line":280,"column":29}},"loc":{"start":{"line":280,"column":40},"end":{"line":313,"column":7}},"line":280},"28":{"name":"(anonymous_28)","decl":{"start":{"line":305,"column":59},"end":{"line":305,"column":60}},"loc":{"start":{"line":305,"column":65},"end":{"line":305,"column":79}},"line":305},"29":{"name":"(anonymous_29)","decl":{"start":{"line":310,"column":61},"end":{"line":310,"column":62}},"loc":{"start":{"line":310,"column":68},"end":{"line":310,"column":116}},"line":310},"30":{"name":"(anonymous_30)","decl":{"start":{"line":318,"column":26},"end":{"line":318,"column":27}},"loc":{"start":{"line":318,"column":38},"end":{"line":320,"column":7}},"line":318},"31":{"name":"showOnboarding","decl":{"start":{"line":335,"column":9},"end":{"line":335,"column":23}},"loc":{"start":{"line":335,"column":26},"end":{"line":341,"column":1}},"line":335},"32":{"name":"(anonymous_32)","decl":{"start":{"line":340,"column":56},"end":{"line":340,"column":57}},"loc":{"start":{"line":340,"column":62},"end":{"line":340,"column":76}},"line":340},"33":{"name":"setAccessibility","decl":{"start":{"line":344,"column":9},"end":{"line":344,"column":25}},"loc":{"start":{"line":344,"column":28},"end":{"line":350,"column":1}},"line":344},"34":{"name":"backupProgress","decl":{"start":{"line":353,"column":9},"end":{"line":353,"column":23}},"loc":{"start":{"line":353,"column":34},"end":{"line":355,"column":1}},"line":353},"35":{"name":"syncProgress","decl":{"start":{"line":356,"column":9},"end":{"line":356,"column":21}},"loc":{"start":{"line":356,"column":24},"end":{"line":358,"column":1}},"line":356},"36":{"name":"updateLeaderboard","decl":{"start":{"line":361,"column":9},"end":{"line":361,"column":26}},"loc":{"start":{"line":361,"column":34},"end":{"line":363,"column":1}},"line":361},"37":{"name":"sendFeedback","decl":{"start":{"line":366,"column":9},"end":{"line":366,"column":21}},"loc":{"start":{"line":366,"column":32},"end":{"line":368,"column":1}},"line":366},"38":{"name":"logEvent","decl":{"start":{"line":371,"column":9},"end":{"line":371,"column":17}},"loc":{"start":{"line":371,"column":25},"end":{"line":373,"column":1}},"line":371},"39":{"name":"safeRun","decl":{"start":{"line":376,"column":9},"end":{"line":376,"column":16}},"loc":{"start":{"line":376,"column":21},"end":{"line":378,"column":1}},"line":376},"40":{"name":"showSettings","decl":{"start":{"line":381,"column":9},"end":{"line":381,"column":21}},"loc":{"start":{"line":381,"column":24},"end":{"line":383,"column":1}},"line":381},"41":{"name":"startGame","decl":{"start":{"line":386,"column":9},"end":{"line":386,"column":18}},"loc":{"start":{"line":386,"column":21},"end":{"line":390,"column":1}},"line":386},"42":{"name":"enableKeyboardNavigation","decl":{"start":{"line":424,"column":9},"end":{"line":424,"column":33}},"loc":{"start":{"line":424,"column":36},"end":{"line":435,"column":1}},"line":424},"43":{"name":"(anonymous_43)","decl":{"start":{"line":425,"column":39},"end":{"line":425,"column":40}},"loc":{"start":{"line":425,"column":52},"end":{"line":434,"column":3}},"line":425},"44":{"name":"addAriaLabels","decl":{"start":{"line":436,"column":9},"end":{"line":436,"column":22}},"loc":{"start":{"line":436,"column":25},"end":{"line":441,"column":1}},"line":436},"45":{"name":"(anonymous_45)","decl":{"start":{"line":452,"column":44},"end":{"line":452,"column":45}},"loc":{"start":{"line":452,"column":50},"end":{"line":455,"column":1}},"line":452}},"branchMap":{"0":{"loc":{"start":{"line":58,"column":24},"end":{"line":58,"column":61}},"type":"cond-expr","locations":[{"start":{"line":58,"column":48},"end":{"line":58,"column":53}},{"start":{"line":58,"column":56},"end":{"line":58,"column":61}}],"line":58},"1":{"loc":{"start":{"line":66,"column":6},"end":{"line":70,"column":7}},"type":"if","locations":[{"start":{"line":66,"column":6},"end":{"line":70,"column":7}},{"start":{"line":68,"column":13},"end":{"line":70,"column":7}}],"line":66},"2":{"loc":{"start":{"line":66,"column":10},"end":{"line":66,"column":77}},"type":"binary-expr","locations":[{"start":{"line":66,"column":10},"end":{"line":66,"column":39}},{"start":{"line":66,"column":43},"end":{"line":66,"column":77}}],"line":66},"3":{"loc":{"start":{"line":76,"column":4},"end":{"line":79,"column":5}},"type":"if","locations":[{"start":{"line":76,"column":4},"end":{"line":79,"column":5}},{"start":{},"end":{}}],"line":76},"4":{"loc":{"start":{"line":76,"column":8},"end":{"line":76,"column":37}},"type":"binary-expr","locations":[{"start":{"line":76,"column":8},"end":{"line":76,"column":14}},{"start":{"line":76,"column":18},"end":{"line":76,"column":37}}],"line":76},"5":{"loc":{"start":{"line":86,"column":4},"end":{"line":97,"column":5}},"type":"if","locations":[{"start":{"line":86,"column":4},"end":{"line":97,"column":5}},{"start":{},"end":{}}],"line":86},"6":{"loc":{"start":{"line":127,"column":6},"end":{"line":160,"column":47}},"type":"if","locations":[{"start":{"line":127,"column":6},"end":{"line":160,"column":47}},{"start":{"line":160,"column":13},"end":{"line":160,"column":47}}],"line":127},"7":{"loc":{"start":{"line":174,"column":4},"end":{"line":184,"column":5}},"type":"if","locations":[{"start":{"line":174,"column":4},"end":{"line":184,"column":5}},{"start":{},"end":{}}],"line":174},"8":{"loc":{"start":{"line":180,"column":8},"end":{"line":182,"column":9}},"type":"if","locations":[{"start":{"line":180,"column":8},"end":{"line":182,"column":9}},{"start":{},"end":{}}],"line":180},"9":{"loc":{"start":{"line":196,"column":6},"end":{"line":217,"column":7}},"type":"if","locations":[{"start":{"line":196,"column":6},"end":{"line":217,"column":7}},{"start":{},"end":{}}],"line":196},"10":{"loc":{"start":{"line":196,"column":10},"end":{"line":196,"column":51}},"type":"binary-expr","locations":[{"start":{"line":196,"column":10},"end":{"line":196,"column":18}},{"start":{"line":196,"column":22},"end":{"line":196,"column":51}}],"line":196},"11":{"loc":{"start":{"line":201,"column":28},"end":{"line":201,"column":69}},"type":"binary-expr","locations":[{"start":{"line":201,"column":28},"end":{"line":201,"column":36}},{"start":{"line":201,"column":40},"end":{"line":201,"column":69}}],"line":201},"12":{"loc":{"start":{"line":215,"column":10},"end":{"line":215,"column":32}},"type":"if","locations":[{"start":{"line":215,"column":10},"end":{"line":215,"column":32}},{"start":{},"end":{}}],"line":215},"13":{"loc":{"start":{"line":224,"column":4},"end":{"line":245,"column":5}},"type":"if","locations":[{"start":{"line":224,"column":4},"end":{"line":245,"column":5}},{"start":{},"end":{}}],"line":224},"14":{"loc":{"start":{"line":249,"column":4},"end":{"line":260,"column":5}},"type":"if","locations":[{"start":{"line":249,"column":4},"end":{"line":260,"column":5}},{"start":{},"end":{}}],"line":249},"15":{"loc":{"start":{"line":279,"column":4},"end":{"line":314,"column":5}},"type":"if","locations":[{"start":{"line":279,"column":4},"end":{"line":314,"column":5}},{"start":{},"end":{}}],"line":279},"16":{"loc":{"start":{"line":282,"column":8},"end":{"line":311,"column":49}},"type":"if","locations":[{"start":{"line":282,"column":8},"end":{"line":311,"column":49}},{"start":{"line":311,"column":15},"end":{"line":311,"column":49}}],"line":282},"17":{"loc":{"start":{"line":317,"column":4},"end":{"line":321,"column":5}},"type":"if","locations":[{"start":{"line":317,"column":4},"end":{"line":321,"column":5}},{"start":{},"end":{}}],"line":317},"18":{"loc":{"start":{"line":346,"column":2},"end":{"line":349,"column":3}},"type":"if","locations":[{"start":{"line":346,"column":2},"end":{"line":349,"column":3}},{"start":{},"end":{}}],"line":346},"19":{"loc":{"start":{"line":357,"column":20},"end":{"line":357,"column":73}},"type":"binary-expr","locations":[{"start":{"line":357,"column":20},"end":{"line":357,"column":65}},{"start":{"line":357,"column":69},"end":{"line":357,"column":73}}],"line":357},"20":{"loc":{"start":{"line":393,"column":0},"end":{"line":395,"column":1}},"type":"if","locations":[{"start":{"line":393,"column":0},"end":{"line":395,"column":1}},{"start":{},"end":{}}],"line":393},"21":{"loc":{"start":{"line":426,"column":4},"end":{"line":433,"column":5}},"type":"if","locations":[{"start":{"line":426,"column":4},"end":{"line":433,"column":5}},{"start":{},"end":{}}],"line":426},"22":{"loc":{"start":{"line":431,"column":6},"end":{"line":431,"column":29}},"type":"if","locations":[{"start":{"line":431,"column":6},"end":{"line":431,"column":29}},{"start":{},"end":{}}],"line":431},"23":{"loc":{"start":{"line":438,"column":2},"end":{"line":438,"column":81}},"type":"if","locations":[{"start":{"line":438,"column":2},"end":{"line":438,"column":81}},{"start":{},"end":{}}],"line":438},"24":{"loc":{"start":{"line":440,"column":2},"end":{"line":440,"column":63}},"type":"if","locations":[{"start":{"line":440,"column":2},"end":{"line":440,"column":63}},{"start":{},"end":{}}],"line":440}},"s":{"0":1,"1":1,"2":0,"3":0,"4":0,"5":0,"6":0,"7":1,"8":1,"9":1,"10":1,"11":0,"12":0,"13":0,"14":0,"15":0,"16":0,"17":0,"18":0,"19":0,"20":0,"21":0,"22":0,"23":0,"24":0,"25":0,"26":0,"27":0,"28":1,"29":1,"30":1,"31":0,"32":0,"33":0,"34":0,"35":0,"36":0,"37":0,"38":0,"39":0,"40":0,"41":0,"42":0,"43":0,"44":0,"45":0,"46":0,"47":0,"48":0,"49":0,"50":0,"51":0,"52":0,"53":0,"54":0,"55":0,"56":0,"57":0,"58":0,"59":0,"60":0,"61":0,"62":0,"63":0,"64":0,"65":0,"66":0,"67":0,"68":0,"69":0,"70":1,"71":3,"72":0,"73":0,"74":0,"75":0,"76":0,"77":0,"78":0,"79":0,"80":0,"81":0,"82":0,"83":0,"84":0,"85":0,"86":0,"87":0,"88":0,"89":0,"90":0,"91":0,"92":0,"93":0,"94":0,"95":0,"96":0,"97":0,"98":0,"99":0,"100":0,"101":0,"102":0,"103":0,"104":0,"105":0,"106":0,"107":0,"108":0,"109":0,"110":0,"111":0,"112":0,"113":0,"114":0,"115":0,"116":0,"117":0,"118":1,"119":1,"120":1,"121":1,"122":1,"123":1,"124":1,"125":1,"126":1,"127":1,"128":1,"129":1,"130":0,"131":1,"132":1,"133":1,"134":1,"135":1,"136":0,"137":0,"138":0,"139":1,"140":1,"141":1,"142":1,"143":1,"144":0,"145":0,"146":0,"147":0,"148":0,"149":0,"150":0,"151":0,"152":0,"153":0,"154":0,"155":0,"156":0,"157":0,"158":0,"159":0,"160":0,"161":0,"162":1,"163":1,"164":1,"165":1,"166":1,"167":1,"168":0,"169":0,"170":0,"171":0,"172":0,"173":0,"174":0,"175":0,"176":0,"177":0,"178":0,"179":0,"180":0,"181":0,"182":1,"183":0,"184":0},"f":{"0":1,"1":0,"2":1,"3":0,"4":0,"5":0,"6":0,"7":0,"8":0,"9":1,"10":0,"11":0,"12":0,"13":0,"14":0,"15":3,"16":0,"17":0,"18":0,"19":0,"20":0,"21":0,"22":0,"23":0,"24":0,"25":0,"26":0,"27":1,"28":0,"29":0,"30":0,"31":0,"32":0,"33":0,"34":0,"35":0,"36":0,"37":0,"38":0,"39":0,"40":0,"41":0,"42":0,"43":0,"44":0,"45":0},"b":{"0":[0,0],"1":[1,0],"2":[1,1],"3":[0,0],"4":[0,0],"5":[0,0],"6":[0,0],"7":[0,0],"8":[0,0],"9":[0,0],"10":[0,0],"11":[0,0],"12":[0,0],"13":[0,0],"14":[0,0],"15":[1,0],"16":[1,0],"17":[1,0],"18":[0,0],"19":[0,0],"20":[1,0],"21":[0,0],"22":[0,0],"23":[0,0],"24":[0,0]},"_coverageSchema":"1a1c01bbd47fc00a2c39e90264f33305004495a9","hash":"98d3a7a8821d9750979a0c00a8987be081288294"}
,"/workspaces/windgapacademy/components/GameModules/MoneySkillsGame.js": {"path":"/workspaces/windgapacademy/components/GameModules/MoneySkillsGame.js","statementMap":{"0":{"start":{"line":6,"column":18},"end":{"line":6,"column":43}},"1":{"start":{"line":7,"column":18},"end":{"line":7,"column":38}},"2":{"start":{"line":11,"column":18},"end":{"line":11,"column":49}},"3":{"start":{"line":12,"column":16},"end":{"line":12,"column":71}},"4":{"start":{"line":13,"column":2},"end":{"line":13,"column":31}},"5":{"start":{"line":17,"column":22},"end":{"line":17,"column":66}},"6":{"start":{"line":18,"column":2},"end":{"line":18,"column":27}},"7":{"start":{"line":18,"column":20},"end":{"line":18,"column":27}},"8":{"start":{"line":19,"column":2},"end":{"line":19,"column":80}},"9":{"start":{"line":20,"column":2},"end":{"line":26,"column":5}},"10":{"start":{"line":21,"column":16},"end":{"line":21,"column":48}},"11":{"start":{"line":22,"column":4},"end":{"line":22,"column":31}},"12":{"start":{"line":23,"column":4},"end":{"line":23,"column":52}},"13":{"start":{"line":24,"column":4},"end":{"line":24,"column":51}},"14":{"start":{"line":24,"column":24},"end":{"line":24,"column":50}},"15":{"start":{"line":25,"column":4},"end":{"line":25,"column":33}},"16":{"start":{"line":27,"column":2},"end":{"line":33,"column":5}},"17":{"start":{"line":28,"column":16},"end":{"line":28,"column":48}},"18":{"start":{"line":29,"column":4},"end":{"line":29,"column":31}},"19":{"start":{"line":30,"column":4},"end":{"line":30,"column":33}},"20":{"start":{"line":31,"column":4},"end":{"line":31,"column":45}},"21":{"start":{"line":31,"column":24},"end":{"line":31,"column":44}},"22":{"start":{"line":32,"column":4},"end":{"line":32,"column":33}},"23":{"start":{"line":36,"column":20},"end":{"line":36,"column":21}},"24":{"start":{"line":37,"column":19},"end":{"line":37,"column":20}},"25":{"start":{"line":40,"column":2},"end":{"line":40,"column":25}},"26":{"start":{"line":41,"column":2},"end":{"line":41,"column":21}},"27":{"start":{"line":45,"column":20},"end":{"line":45,"column":67}},"28":{"start":{"line":46,"column":2},"end":{"line":46,"column":25}},"29":{"start":{"line":46,"column":18},"end":{"line":46,"column":25}},"30":{"start":{"line":47,"column":2},"end":{"line":47,"column":114}},"31":{"start":{"line":48,"column":2},"end":{"line":56,"column":3}},"32":{"start":{"line":49,"column":4},"end":{"line":49,"column":85}},"33":{"start":{"line":50,"column":4},"end":{"line":50,"column":22}},"34":{"start":{"line":51,"column":4},"end":{"line":51,"column":36}},"35":{"start":{"line":52,"column":9},"end":{"line":56,"column":3}},"36":{"start":{"line":53,"column":4},"end":{"line":53,"column":71}},"37":{"start":{"line":54,"column":4},"end":{"line":54,"column":22}},"38":{"start":{"line":55,"column":4},"end":{"line":55,"column":36}},"39":{"start":{"line":60,"column":2},"end":{"line":60,"column":35}},"40":{"start":{"line":61,"column":2},"end":{"line":61,"column":20}},"41":{"start":{"line":62,"column":2},"end":{"line":62,"column":21}},"42":{"start":{"line":69,"column":15},"end":{"line":97,"column":3}},"43":{"start":{"line":98,"column":20},"end":{"line":98,"column":24}},"44":{"start":{"line":100,"column":4},"end":{"line":100,"column":23}},"45":{"start":{"line":101,"column":4},"end":{"line":101,"column":41}},"46":{"start":{"line":102,"column":4},"end":{"line":102,"column":62}},"47":{"start":{"line":103,"column":4},"end":{"line":103,"column":18}},"48":{"start":{"line":108,"column":4},"end":{"line":131,"column":7}},"49":{"start":{"line":109,"column":6},"end":{"line":130,"column":7}},"50":{"start":{"line":110,"column":8},"end":{"line":110,"column":41}},"51":{"start":{"line":111,"column":8},"end":{"line":125,"column":10}},"52":{"start":{"line":112,"column":20},"end":{"line":112,"column":49}},"53":{"start":{"line":113,"column":10},"end":{"line":113,"column":36}},"54":{"start":{"line":114,"column":10},"end":{"line":114,"column":70}},"55":{"start":{"line":115,"column":10},"end":{"line":115,"column":42}},"56":{"start":{"line":116,"column":10},"end":{"line":116,"column":40}},"57":{"start":{"line":117,"column":10},"end":{"line":117,"column":35}},"58":{"start":{"line":118,"column":10},"end":{"line":118,"column":40}},"59":{"start":{"line":119,"column":10},"end":{"line":119,"column":41}},"60":{"start":{"line":120,"column":10},"end":{"line":120,"column":71}},"61":{"start":{"line":121,"column":10},"end":{"line":121,"column":68}},"62":{"start":{"line":122,"column":10},"end":{"line":122,"column":34}},"63":{"start":{"line":123,"column":10},"end":{"line":123,"column":36}},"64":{"start":{"line":124,"column":10},"end":{"line":124,"column":41}},"65":{"start":{"line":126,"column":8},"end":{"line":129,"column":10}},"66":{"start":{"line":127,"column":20},"end":{"line":127,"column":61}},"67":{"start":{"line":128,"column":10},"end":{"line":128,"column":32}},"68":{"start":{"line":128,"column":19},"end":{"line":128,"column":32}},"69":{"start":{"line":136,"column":16},"end":{"line":136,"column":59}},"70":{"start":{"line":137,"column":4},"end":{"line":148,"column":5}},"71":{"start":{"line":138,"column":6},"end":{"line":138,"column":44}},"72":{"start":{"line":139,"column":6},"end":{"line":139,"column":36}},"73":{"start":{"line":140,"column":6},"end":{"line":140,"column":171}},"74":{"start":{"line":141,"column":6},"end":{"line":145,"column":14}},"75":{"start":{"line":146,"column":6},"end":{"line":146,"column":39}},"76":{"start":{"line":147,"column":6},"end":{"line":147,"column":81}},"77":{"start":{"line":147,"column":66},"end":{"line":147,"column":80}},"78":{"start":{"line":151,"column":16},"end":{"line":151,"column":52}},"79":{"start":{"line":152,"column":4},"end":{"line":163,"column":5}},"80":{"start":{"line":153,"column":6},"end":{"line":153,"column":44}},"81":{"start":{"line":154,"column":6},"end":{"line":154,"column":29}},"82":{"start":{"line":155,"column":6},"end":{"line":155,"column":171}},"83":{"start":{"line":156,"column":6},"end":{"line":160,"column":14}},"84":{"start":{"line":161,"column":6},"end":{"line":161,"column":39}},"85":{"start":{"line":162,"column":6},"end":{"line":162,"column":74}},"86":{"start":{"line":162,"column":59},"end":{"line":162,"column":73}},"87":{"start":{"line":167,"column":30},"end":{"line":167,"column":62}},"88":{"start":{"line":168,"column":28},"end":{"line":168,"column":58}},"89":{"start":{"line":170,"column":2},"end":{"line":185,"column":14}},"90":{"start":{"line":186,"column":2},"end":{"line":222,"column":4}},"91":{"start":{"line":187,"column":16},"end":{"line":187,"column":57}},"92":{"start":{"line":188,"column":4},"end":{"line":220,"column":45}},"93":{"start":{"line":189,"column":6},"end":{"line":189,"column":44}},"94":{"start":{"line":190,"column":6},"end":{"line":190,"column":34}},"95":{"start":{"line":191,"column":6},"end":{"line":191,"column":189}},"96":{"start":{"line":192,"column":6},"end":{"line":212,"column":8}},"97":{"start":{"line":213,"column":6},"end":{"line":213,"column":39}},"98":{"start":{"line":214,"column":6},"end":{"line":214,"column":79}},"99":{"start":{"line":214,"column":64},"end":{"line":214,"column":78}},"100":{"start":{"line":215,"column":6},"end":{"line":215,"column":73}},"101":{"start":{"line":216,"column":6},"end":{"line":216,"column":59}},"102":{"start":{"line":217,"column":6},"end":{"line":217,"column":69}},"103":{"start":{"line":218,"column":6},"end":{"line":218,"column":65}},"104":{"start":{"line":219,"column":6},"end":{"line":219,"column":116}},"105":{"start":{"line":219,"column":69},"end":{"line":219,"column":97}},"106":{"start":{"line":219,"column":98},"end":{"line":219,"column":113}},"107":{"start":{"line":220,"column":13},"end":{"line":220,"column":43}},"108":{"start":{"line":221,"column":4},"end":{"line":221,"column":18}},"109":{"start":{"line":223,"column":2},"end":{"line":223,"column":16}},"110":{"start":{"line":224,"column":25},"end":{"line":224,"column":64}},"111":{"start":{"line":225,"column":2},"end":{"line":229,"column":3}},"112":{"start":{"line":226,"column":4},"end":{"line":228,"column":6}},"113":{"start":{"line":227,"column":6},"end":{"line":227,"column":32}},"114":{"start":{"line":232,"column":14},"end":{"line":232,"column":50}},"115":{"start":{"line":233,"column":2},"end":{"line":233,"column":37}},"116":{"start":{"line":233,"column":11},"end":{"line":233,"column":37}},"117":{"start":{"line":235,"column":18},"end":{"line":235,"column":58}},"118":{"start":{"line":236,"column":2},"end":{"line":236,"column":46}},"119":{"start":{"line":236,"column":15},"end":{"line":236,"column":46}},"120":{"start":{"line":242,"column":2},"end":{"line":242,"column":53}},"121":{"start":{"line":246,"column":2},"end":{"line":246,"column":57}},"122":{"start":{"line":250,"column":2},"end":{"line":250,"column":63}},"123":{"start":{"line":254,"column":2},"end":{"line":254,"column":59}},"124":{"start":{"line":258,"column":2},"end":{"line":258,"column":49}},"125":{"start":{"line":262,"column":2},"end":{"line":262,"column":52}},"126":{"start":{"line":266,"column":2},"end":{"line":266,"column":46}},"127":{"start":{"line":270,"column":2},"end":{"line":270,"column":55}},"128":{"start":{"line":274,"column":2},"end":{"line":274,"column":50}},"129":{"start":{"line":278,"column":2},"end":{"line":278,"column":45}},"130":{"start":{"line":288,"column":2},"end":{"line":288,"column":47}},"131":{"start":{"line":292,"column":2},"end":{"line":292,"column":44}},"132":{"start":{"line":297,"column":2},"end":{"line":297,"column":43}},"133":{"start":{"line":305,"column":2},"end":{"line":305,"column":73}}},"fnMap":{"0":{"name":"getRandomAmount","decl":{"start":{"line":9,"column":9},"end":{"line":9,"column":24}},"loc":{"start":{"line":9,"column":27},"end":{"line":14,"column":1}},"line":9},"1":{"name":"renderCurrencyOptions","decl":{"start":{"line":16,"column":9},"end":{"line":16,"column":30}},"loc":{"start":{"line":16,"column":42},"end":{"line":34,"column":1}},"line":16},"2":{"name":"(anonymous_2)","decl":{"start":{"line":20,"column":20},"end":{"line":20,"column":21}},"loc":{"start":{"line":20,"column":28},"end":{"line":26,"column":3}},"line":20},"3":{"name":"(anonymous_3)","decl":{"start":{"line":24,"column":18},"end":{"line":24,"column":19}},"loc":{"start":{"line":24,"column":24},"end":{"line":24,"column":50}},"line":24},"4":{"name":"(anonymous_4)","decl":{"start":{"line":27,"column":20},"end":{"line":27,"column":21}},"loc":{"start":{"line":27,"column":28},"end":{"line":33,"column":3}},"line":27},"5":{"name":"(anonymous_5)","decl":{"start":{"line":31,"column":18},"end":{"line":31,"column":19}},"loc":{"start":{"line":31,"column":24},"end":{"line":31,"column":44}},"line":31},"6":{"name":"selectCurrency","decl":{"start":{"line":39,"column":9},"end":{"line":39,"column":23}},"loc":{"start":{"line":39,"column":31},"end":{"line":42,"column":1}},"line":39},"7":{"name":"updateGameStatus","decl":{"start":{"line":44,"column":9},"end":{"line":44,"column":25}},"loc":{"start":{"line":44,"column":28},"end":{"line":57,"column":1}},"line":44},"8":{"name":"startNewRound","decl":{"start":{"line":59,"column":9},"end":{"line":59,"column":22}},"loc":{"start":{"line":59,"column":25},"end":{"line":63,"column":1}},"line":59},"9":{"name":"showMoneySkillsGame","decl":{"start":{"line":67,"column":16},"end":{"line":67,"column":35}},"loc":{"start":{"line":67,"column":62},"end":{"line":237,"column":1}},"line":67},"10":{"name":"setLanguage","decl":{"start":{"line":99,"column":11},"end":{"line":99,"column":22}},"loc":{"start":{"line":99,"column":29},"end":{"line":104,"column":3}},"line":99},"11":{"name":"addTooltips","decl":{"start":{"line":107,"column":11},"end":{"line":107,"column":22}},"loc":{"start":{"line":107,"column":25},"end":{"line":132,"column":3}},"line":107},"12":{"name":"(anonymous_12)","decl":{"start":{"line":108,"column":62},"end":{"line":108,"column":63}},"loc":{"start":{"line":108,"column":68},"end":{"line":131,"column":5}},"line":108},"13":{"name":"(anonymous_13)","decl":{"start":{"line":111,"column":38},"end":{"line":111,"column":39}},"loc":{"start":{"line":111,"column":49},"end":{"line":125,"column":9}},"line":111},"14":{"name":"(anonymous_14)","decl":{"start":{"line":126,"column":36},"end":{"line":126,"column":37}},"loc":{"start":{"line":126,"column":47},"end":{"line":129,"column":9}},"line":126},"15":{"name":"showOnboarding","decl":{"start":{"line":135,"column":11},"end":{"line":135,"column":25}},"loc":{"start":{"line":135,"column":28},"end":{"line":149,"column":3}},"line":135},"16":{"name":"(anonymous_16)","decl":{"start":{"line":147,"column":60},"end":{"line":147,"column":61}},"loc":{"start":{"line":147,"column":66},"end":{"line":147,"column":80}},"line":147},"17":{"name":"showFAQ","decl":{"start":{"line":150,"column":11},"end":{"line":150,"column":18}},"loc":{"start":{"line":150,"column":21},"end":{"line":164,"column":3}},"line":150},"18":{"name":"(anonymous_18)","decl":{"start":{"line":162,"column":53},"end":{"line":162,"column":54}},"loc":{"start":{"line":162,"column":59},"end":{"line":162,"column":73}},"line":162},"19":{"name":"backupProgress","decl":{"start":{"line":167,"column":11},"end":{"line":167,"column":25}},"loc":{"start":{"line":167,"column":28},"end":{"line":167,"column":64}},"line":167},"20":{"name":"syncProgress","decl":{"start":{"line":168,"column":11},"end":{"line":168,"column":23}},"loc":{"start":{"line":168,"column":26},"end":{"line":168,"column":60}},"line":168},"21":{"name":"(anonymous_21)","decl":{"start":{"line":186,"column":52},"end":{"line":186,"column":53}},"loc":{"start":{"line":186,"column":64},"end":{"line":222,"column":3}},"line":186},"22":{"name":"(anonymous_22)","decl":{"start":{"line":214,"column":58},"end":{"line":214,"column":59}},"loc":{"start":{"line":214,"column":64},"end":{"line":214,"column":78}},"line":214},"23":{"name":"(anonymous_23)","decl":{"start":{"line":219,"column":60},"end":{"line":219,"column":61}},"loc":{"start":{"line":219,"column":67},"end":{"line":219,"column":115}},"line":219},"24":{"name":"(anonymous_24)","decl":{"start":{"line":226,"column":29},"end":{"line":226,"column":30}},"loc":{"start":{"line":226,"column":41},"end":{"line":228,"column":5}},"line":226},"25":{"name":"openParentFeedback","decl":{"start":{"line":240,"column":9},"end":{"line":240,"column":27}},"loc":{"start":{"line":240,"column":30},"end":{"line":243,"column":1}},"line":240},"26":{"name":"showThemeCustomization","decl":{"start":{"line":244,"column":9},"end":{"line":244,"column":31}},"loc":{"start":{"line":244,"column":34},"end":{"line":247,"column":1}},"line":244},"27":{"name":"showChallengesAndLeaderboard","decl":{"start":{"line":248,"column":9},"end":{"line":248,"column":37}},"loc":{"start":{"line":248,"column":40},"end":{"line":251,"column":1}},"line":248},"28":{"name":"enableSignLanguageAvatar","decl":{"start":{"line":252,"column":9},"end":{"line":252,"column":33}},"loc":{"start":{"line":252,"column":36},"end":{"line":255,"column":1}},"line":252},"29":{"name":"enableARVRMode","decl":{"start":{"line":256,"column":9},"end":{"line":256,"column":23}},"loc":{"start":{"line":256,"column":26},"end":{"line":259,"column":1}},"line":256},"30":{"name":"enableOfflineMode","decl":{"start":{"line":260,"column":9},"end":{"line":260,"column":26}},"loc":{"start":{"line":260,"column":29},"end":{"line":263,"column":1}},"line":260},"31":{"name":"setLanguage","decl":{"start":{"line":264,"column":9},"end":{"line":264,"column":20}},"loc":{"start":{"line":264,"column":27},"end":{"line":267,"column":1}},"line":264},"32":{"name":"showLanguageSelector","decl":{"start":{"line":268,"column":9},"end":{"line":268,"column":29}},"loc":{"start":{"line":268,"column":32},"end":{"line":271,"column":1}},"line":268},"33":{"name":"startOnboarding","decl":{"start":{"line":272,"column":9},"end":{"line":272,"column":24}},"loc":{"start":{"line":272,"column":27},"end":{"line":275,"column":1}},"line":272},"34":{"name":"backupData","decl":{"start":{"line":276,"column":9},"end":{"line":276,"column":19}},"loc":{"start":{"line":276,"column":22},"end":{"line":279,"column":1}},"line":276},"35":{"name":"trackEvent","decl":{"start":{"line":286,"column":9},"end":{"line":286,"column":19}},"loc":{"start":{"line":286,"column":33},"end":{"line":289,"column":1}},"line":286},"36":{"name":"showAnalyticsDashboard","decl":{"start":{"line":290,"column":9},"end":{"line":290,"column":31}},"loc":{"start":{"line":290,"column":34},"end":{"line":293,"column":1}},"line":290},"37":{"name":"showEducatorDashboard","decl":{"start":{"line":295,"column":9},"end":{"line":295,"column":30}},"loc":{"start":{"line":295,"column":33},"end":{"line":298,"column":1}},"line":295},"38":{"name":"openContentCreationTools","decl":{"start":{"line":299,"column":9},"end":{"line":299,"column":33}},"loc":{"start":{"line":299,"column":36},"end":{"line":301,"column":1}},"line":299},"39":{"name":"showCommunityFeatures","decl":{"start":{"line":303,"column":9},"end":{"line":303,"column":30}},"loc":{"start":{"line":303,"column":33},"end":{"line":306,"column":1}},"line":303}},"branchMap":{"0":{"loc":{"start":{"line":18,"column":2},"end":{"line":18,"column":27}},"type":"if","locations":[{"start":{"line":18,"column":2},"end":{"line":18,"column":27}},{"start":{},"end":{}}],"line":18},"1":{"loc":{"start":{"line":46,"column":2},"end":{"line":46,"column":25}},"type":"if","locations":[{"start":{"line":46,"column":2},"end":{"line":46,"column":25}},{"start":{},"end":{}}],"line":46},"2":{"loc":{"start":{"line":48,"column":2},"end":{"line":56,"column":3}},"type":"if","locations":[{"start":{"line":48,"column":2},"end":{"line":56,"column":3}},{"start":{"line":52,"column":9},"end":{"line":56,"column":3}}],"line":48},"3":{"loc":{"start":{"line":52,"column":9},"end":{"line":56,"column":3}},"type":"if","locations":[{"start":{"line":52,"column":9},"end":{"line":56,"column":3}},{"start":{},"end":{}}],"line":52},"4":{"loc":{"start":{"line":67,"column":47},"end":{"line":67,"column":60}},"type":"default-arg","locations":[{"start":{"line":67,"column":58},"end":{"line":67,"column":60}}],"line":67},"5":{"loc":{"start":{"line":102,"column":24},"end":{"line":102,"column":61}},"type":"cond-expr","locations":[{"start":{"line":102,"column":48},"end":{"line":102,"column":53}},{"start":{"line":102,"column":56},"end":{"line":102,"column":61}}],"line":102},"6":{"loc":{"start":{"line":109,"column":6},"end":{"line":130,"column":7}},"type":"if","locations":[{"start":{"line":109,"column":6},"end":{"line":130,"column":7}},{"start":{},"end":{}}],"line":109},"7":{"loc":{"start":{"line":109,"column":10},"end":{"line":109,"column":51}},"type":"binary-expr","locations":[{"start":{"line":109,"column":10},"end":{"line":109,"column":18}},{"start":{"line":109,"column":22},"end":{"line":109,"column":51}}],"line":109},"8":{"loc":{"start":{"line":114,"column":28},"end":{"line":114,"column":69}},"type":"binary-expr","locations":[{"start":{"line":114,"column":28},"end":{"line":114,"column":36}},{"start":{"line":114,"column":40},"end":{"line":114,"column":69}}],"line":114},"9":{"loc":{"start":{"line":128,"column":10},"end":{"line":128,"column":32}},"type":"if","locations":[{"start":{"line":128,"column":10},"end":{"line":128,"column":32}},{"start":{},"end":{}}],"line":128},"10":{"loc":{"start":{"line":137,"column":4},"end":{"line":148,"column":5}},"type":"if","locations":[{"start":{"line":137,"column":4},"end":{"line":148,"column":5}},{"start":{},"end":{}}],"line":137},"11":{"loc":{"start":{"line":152,"column":4},"end":{"line":163,"column":5}},"type":"if","locations":[{"start":{"line":152,"column":4},"end":{"line":163,"column":5}},{"start":{},"end":{}}],"line":152},"12":{"loc":{"start":{"line":188,"column":4},"end":{"line":220,"column":45}},"type":"if","locations":[{"start":{"line":188,"column":4},"end":{"line":220,"column":45}},{"start":{"line":220,"column":11},"end":{"line":220,"column":45}}],"line":188},"13":{"loc":{"start":{"line":225,"column":2},"end":{"line":229,"column":3}},"type":"if","locations":[{"start":{"line":225,"column":2},"end":{"line":229,"column":3}},{"start":{},"end":{}}],"line":225},"14":{"loc":{"start":{"line":233,"column":2},"end":{"line":233,"column":37}},"type":"if","locations":[{"start":{"line":233,"column":2},"end":{"line":233,"column":37}},{"start":{},"end":{}}],"line":233},"15":{"loc":{"start":{"line":236,"column":2},"end":{"line":236,"column":46}},"type":"if","locations":[{"start":{"line":236,"column":2},"end":{"line":236,"column":46}},{"start":{},"end":{}}],"line":236}},"s":{"0":1,"1":1,"2":0,"3":0,"4":0,"5":0,"6":0,"7":0,"8":0,"9":0,"10":0,"11":0,"12":0,"13":0,"14":0,"15":0,"16":0,"17":0,"18":0,"19":0,"20":0,"21":0,"22":0,"23":1,"24":1,"25":0,"26":0,"27":0,"28":0,"29":0,"30":0,"31":0,"32":0,"33":0,"34":0,"35":0,"36":0,"37":0,"38":0,"39":0,"40":0,"41":0,"42":1,"43":1,"44":0,"45":0,"46":0,"47":0,"48":2,"49":18,"50":10,"51":10,"52":0,"53":0,"54":0,"55":0,"56":0,"57":0,"58":0,"59":0,"60":0,"61":0,"62":0,"63":0,"64":0,"65":10,"66":0,"67":0,"68":0,"69":0,"70":0,"71":0,"72":0,"73":0,"74":0,"75":0,"76":0,"77":0,"78":0,"79":0,"80":0,"81":0,"82":0,"83":0,"84":0,"85":0,"86":0,"87":0,"88":0,"89":1,"90":1,"91":1,"92":1,"93":1,"94":1,"95":1,"96":1,"97":1,"98":1,"99":0,"100":1,"101":1,"102":1,"103":1,"104":1,"105":0,"106":0,"107":0,"108":1,"109":1,"110":1,"111":1,"112":1,"113":0,"114":1,"115":1,"116":0,"117":1,"118":1,"119":0,"120":0,"121":0,"122":0,"123":0,"124":0,"125":0,"126":0,"127":0,"128":0,"129":0,"130":0,"131":0,"132":0,"133":0},"f":{"0":0,"1":0,"2":0,"3":0,"4":0,"5":0,"6":0,"7":0,"8":0,"9":1,"10":0,"11":2,"12":18,"13":0,"14":0,"15":0,"16":0,"17":0,"18":0,"19":0,"20":0,"21":1,"22":0,"23":0,"24":0,"25":0,"26":0,"27":0,"28":0,"29":0,"30":0,"31":0,"32":0,"33":0,"34":0,"35":0,"36":0,"37":0,"38":0,"39":0},"b":{"0":[0,0],"1":[0,0],"2":[0,0],"3":[0,0],"4":[1],"5":[0,0],"6":[10,8],"7":[18,18],"8":[0,0],"9":[0,0],"10":[0,0],"11":[0,0],"12":[1,0],"13":[1,0],"14":[0,1],"15":[0,1]},"_coverageSchema":"1a1c01bbd47fc00a2c39e90264f33305004495a9","hash":"a9e03d84acf9e1f6d25b1b7f97875ac4fdb7dde1"}
,"/workspaces/windgapacademy/utils/uiUtils.js": {"path":"/workspaces/windgapacademy/utils/uiUtils.js","statementMap":{"0":{"start":{"line":9,"column":2},"end":{"line":9,"column":19}},"1":{"start":{"line":9,"column":12},"end":{"line":9,"column":19}},"2":{"start":{"line":10,"column":2},"end":{"line":10,"column":58}},"3":{"start":{"line":11,"column":2},"end":{"line":13,"column":3}},"4":{"start":{"line":12,"column":4},"end":{"line":12,"column":86}},"5":{"start":{"line":22,"column":2},"end":{"line":22,"column":23}},"6":{"start":{"line":22,"column":16},"end":{"line":22,"column":23}},"7":{"start":{"line":23,"column":2},"end":{"line":23,"column":54}},"8":{"start":{"line":32,"column":2},"end":{"line":32,"column":18}},"9":{"start":{"line":32,"column":11},"end":{"line":32,"column":18}},"10":{"start":{"line":33,"column":2},"end":{"line":35,"column":5}},"11":{"start":{"line":34,"column":4},"end":{"line":34,"column":42}}},"fnMap":{"0":{"name":"applyButtonAnimation","decl":{"start":{"line":8,"column":16},"end":{"line":8,"column":36}},"loc":{"start":{"line":8,"column":42},"end":{"line":14,"column":1}},"line":8},"1":{"name":"applyHeadingAnimation","decl":{"start":{"line":21,"column":16},"end":{"line":21,"column":37}},"loc":{"start":{"line":21,"column":47},"end":{"line":24,"column":1}},"line":21},"2":{"name":"setAriaAttributes","decl":{"start":{"line":31,"column":16},"end":{"line":31,"column":33}},"loc":{"start":{"line":31,"column":50},"end":{"line":36,"column":1}},"line":31},"3":{"name":"(anonymous_3)","decl":{"start":{"line":33,"column":32},"end":{"line":33,"column":33}},"loc":{"start":{"line":33,"column":50},"end":{"line":35,"column":3}},"line":33}},"branchMap":{"0":{"loc":{"start":{"line":9,"column":2},"end":{"line":9,"column":19}},"type":"if","locations":[{"start":{"line":9,"column":2},"end":{"line":9,"column":19}},{"start":{},"end":{}}],"line":9},"1":{"loc":{"start":{"line":11,"column":2},"end":{"line":13,"column":3}},"type":"if","locations":[{"start":{"line":11,"column":2},"end":{"line":13,"column":3}},{"start":{},"end":{}}],"line":11},"2":{"loc":{"start":{"line":22,"column":2},"end":{"line":22,"column":23}},"type":"if","locations":[{"start":{"line":22,"column":2},"end":{"line":22,"column":23}},{"start":{},"end":{}}],"line":22},"3":{"loc":{"start":{"line":31,"column":38},"end":{"line":31,"column":48}},"type":"default-arg","locations":[{"start":{"line":31,"column":46},"end":{"line":31,"column":48}}],"line":31},"4":{"loc":{"start":{"line":32,"column":2},"end":{"line":32,"column":18}},"type":"if","locations":[{"start":{"line":32,"column":2},"end":{"line":32,"column":18}},{"start":{},"end":{}}],"line":32}},"s":{"0":3,"1":3,"2":0,"3":0,"4":0,"5":2,"6":2,"7":0,"8":1,"9":1,"10":0,"11":0},"f":{"0":3,"1":2,"2":1,"3":0},"b":{"0":[3,0],"1":[0,0],"2":[2,0],"3":[0],"4":[1,0]},"_coverageSchema":"1a1c01bbd47fc00a2c39e90264f33305004495a9","hash":"998becd2bc7f577a591b086d8a4c0aa8924e1118"}
}
