{"/home/runner/work/windgapacademy/windgapacademy/backend/app.js": {"path":"/home/runner/work/windgapacademy/windgapacademy/backend/app.js","statementMap":{"0":{"start":{"line":1,"column":0},"end":{"line":1,"column":27}},"1":{"start":{"line":2,"column":16},"end":{"line":2,"column":34}},"2":{"start":{"line":4,"column":19},"end":{"line":4,"column":49}},"3":{"start":{"line":5,"column":25},"end":{"line":5,"column":55}},"4":{"start":{"line":6,"column":19},"end":{"line":6,"column":40}},"5":{"start":{"line":7,"column":19},"end":{"line":7,"column":41}},"6":{"start":{"line":8,"column":23},"end":{"line":8,"column":49}},"7":{"start":{"line":9,"column":25},"end":{"line":9,"column":53}},"8":{"start":{"line":10,"column":19},"end":{"line":10,"column":40}},"9":{"start":{"line":11,"column":15},"end":{"line":11,"column":40}},"10":{"start":{"line":13,"column":12},"end":{"line":13,"column":21}},"11":{"start":{"line":14,"column":13},"end":{"line":14,"column":37}},"12":{"start":{"line":16,"column":0},"end":{"line":16,"column":24}},"13":{"start":{"line":19,"column":0},"end":{"line":22,"column":3}},"14":{"start":{"line":20,"column":2},"end":{"line":20,"column":42}},"15":{"start":{"line":21,"column":2},"end":{"line":21,"column":9}},"16":{"start":{"line":24,"column":0},"end":{"line":24,"column":33}},"17":{"start":{"line":25,"column":0},"end":{"line":25,"column":45}},"18":{"start":{"line":26,"column":0},"end":{"line":26,"column":33}},"19":{"start":{"line":27,"column":0},"end":{"line":27,"column":34}},"20":{"start":{"line":28,"column":0},"end":{"line":28,"column":42}},"21":{"start":{"line":29,"column":0},"end":{"line":29,"column":46}},"22":{"start":{"line":30,"column":0},"end":{"line":30,"column":33}},"23":{"start":{"line":32,"column":0},"end":{"line":34,"column":3}},"24":{"start":{"line":33,"column":2},"end":{"line":33,"column":42}},"25":{"start":{"line":37,"column":0},"end":{"line":40,"column":3}},"26":{"start":{"line":38,"column":2},"end":{"line":38,"column":26}},"27":{"start":{"line":39,"column":2},"end":{"line":39,"column":59}},"28":{"start":{"line":42,"column":0},"end":{"line":46,"column":1}},"29":{"start":{"line":43,"column":2},"end":{"line":45,"column":5}},"30":{"start":{"line":44,"column":4},"end":{"line":44,"column":58}},"31":{"start":{"line":48,"column":0},"end":{"line":48,"column":21}}},"fnMap":{"0":{"name":"(anonymous_0)","decl":{"start":{"line":19,"column":8},"end":{"line":19,"column":9}},"loc":{"start":{"line":19,"column":28},"end":{"line":22,"column":1}},"line":19},"1":{"name":"(anonymous_1)","decl":{"start":{"line":32,"column":13},"end":{"line":32,"column":14}},"loc":{"start":{"line":32,"column":27},"end":{"line":34,"column":1}},"line":32},"2":{"name":"(anonymous_2)","decl":{"start":{"line":37,"column":8},"end":{"line":37,"column":9}},"loc":{"start":{"line":37,"column":33},"end":{"line":40,"column":1}},"line":37},"3":{"name":"(anonymous_3)","decl":{"start":{"line":43,"column":19},"end":{"line":43,"column":20}},"loc":{"start":{"line":43,"column":25},"end":{"line":45,"column":3}},"line":43}},"branchMap":{"0":{"loc":{"start":{"line":14,"column":13},"end":{"line":14,"column":37}},"type":"binary-expr","locations":[{"start":{"line":14,"column":13},"end":{"line":14,"column":29}},{"start":{"line":14,"column":33},"end":{"line":14,"column":37}}],"line":14},"1":{"loc":{"start":{"line":42,"column":0},"end":{"line":46,"column":1}},"type":"if","locations":[{"start":{"line":42,"column":0},"end":{"line":46,"column":1}},{"start":{},"end":{}}],"line":42}},"s":{"0":1,"1":1,"2":1,"3":1,"4":1,"5":1,"6":1,"7":1,"8":1,"9":1,"10":1,"11":1,"12":1,"13":1,"14":1,"15":1,"16":1,"17":1,"18":1,"19":1,"20":1,"21":1,"22":1,"23":1,"24":0,"25":1,"26":0,"27":0,"28":1,"29":0,"30":0,"31":1},"f":{"0":1,"1":0,"2":0,"3":0},"b":{"0":[1,0],"1":[0,1]},"_coverageSchema":"1a1c01bbd47fc00a2c39e90264f33305004495a9","hash":"1e7827f13dc9259c5a638b949fd2a18081fb5702"}
,"/home/runner/work/windgapacademy/windgapacademy/backend/server.js": {"path":"/home/runner/work/windgapacademy/windgapacademy/backend/server.js","statementMap":{"0":{"start":{"line":1,"column":13},"end":{"line":1,"column":28}},"1":{"start":{"line":2,"column":16},"end":{"line":2,"column":34}},"2":{"start":{"line":4,"column":18},"end":{"line":4,"column":34}},"3":{"start":{"line":6,"column":12},"end":{"line":6,"column":21}},"4":{"start":{"line":7,"column":0},"end":{"line":7,"column":16}},"5":{"start":{"line":8,"column":0},"end":{"line":8,"column":24}},"6":{"start":{"line":9,"column":0},"end":{"line":9,"column":27}},"7":{"start":{"line":11,"column":0},"end":{"line":16,"column":1}},"8":{"start":{"line":12,"column":15},"end":{"line":12,"column":39}},"9":{"start":{"line":13,"column":2},"end":{"line":15,"column":5}},"10":{"start":{"line":14,"column":4},"end":{"line":14,"column":62}},"11":{"start":{"line":19,"column":0},"end":{"line":19,"column":21}}},"fnMap":{"0":{"name":"(anonymous_0)","decl":{"start":{"line":13,"column":19},"end":{"line":13,"column":20}},"loc":{"start":{"line":13,"column":25},"end":{"line":15,"column":3}},"line":13}},"branchMap":{"0":{"loc":{"start":{"line":11,"column":0},"end":{"line":16,"column":1}},"type":"if","locations":[{"start":{"line":11,"column":0},"end":{"line":16,"column":1}},{"start":{},"end":{}}],"line":11},"1":{"loc":{"start":{"line":12,"column":15},"end":{"line":12,"column":39}},"type":"binary-expr","locations":[{"start":{"line":12,"column":15},"end":{"line":12,"column":31}},{"start":{"line":12,"column":35},"end":{"line":12,"column":39}}],"line":12}},"s":{"0":2,"1":2,"2":2,"3":2,"4":2,"5":2,"6":2,"7":2,"8":0,"9":0,"10":0,"11":2},"f":{"0":0},"b":{"0":[0,2],"1":[0,0]},"_coverageSchema":"1a1c01bbd47fc00a2c39e90264f33305004495a9","hash":"f17fff410fc0a75c249db01c4fcfc68a0558b2a8"}
,"/home/runner/work/windgapacademy/windgapacademy/backend/api/assignments.js": {"path":"/home/runner/work/windgapacademy/windgapacademy/backend/api/assignments.js","statementMap":{"0":{"start":{"line":1,"column":16},"end":{"line":1,"column":34}},"1":{"start":{"line":2,"column":15},"end":{"line":2,"column":31}},"2":{"start":{"line":5,"column":0},"end":{"line":10,"column":3}},"3":{"start":{"line":6,"column":2},"end":{"line":9,"column":5}},"4":{"start":{"line":13,"column":26},"end":{"line":13,"column":68}},"5":{"start":{"line":14,"column":0},"end":{"line":24,"column":3}},"6":{"start":{"line":15,"column":2},"end":{"line":17,"column":3}},"7":{"start":{"line":16,"column":4},"end":{"line":16,"column":60}},"8":{"start":{"line":18,"column":20},"end":{"line":18,"column":28}},"9":{"start":{"line":19,"column":2},"end":{"line":21,"column":3}},"10":{"start":{"line":20,"column":4},"end":{"line":20,"column":64}},"11":{"start":{"line":23,"column":2},"end":{"line":23,"column":81}},"12":{"start":{"line":26,"column":0},"end":{"line":26,"column":24}}},"fnMap":{"0":{"name":"(anonymous_0)","decl":{"start":{"line":5,"column":16},"end":{"line":5,"column":17}},"loc":{"start":{"line":5,"column":30},"end":{"line":10,"column":1}},"line":5},"1":{"name":"(anonymous_1)","decl":{"start":{"line":14,"column":36},"end":{"line":14,"column":37}},"loc":{"start":{"line":14,"column":50},"end":{"line":24,"column":1}},"line":14}},"branchMap":{"0":{"loc":{"start":{"line":15,"column":2},"end":{"line":17,"column":3}},"type":"if","locations":[{"start":{"line":15,"column":2},"end":{"line":17,"column":3}},{"start":{},"end":{}}],"line":15},"1":{"loc":{"start":{"line":15,"column":6},"end":{"line":15,"column":94}},"type":"binary-expr","locations":[{"start":{"line":15,"column":6},"end":{"line":15,"column":33}},{"start":{"line":15,"column":37},"end":{"line":15,"column":65}},{"start":{"line":15,"column":69},"end":{"line":15,"column":94}}],"line":15},"2":{"loc":{"start":{"line":19,"column":2},"end":{"line":21,"column":3}},"type":"if","locations":[{"start":{"line":19,"column":2},"end":{"line":21,"column":3}},{"start":{},"end":{}}],"line":19}},"s":{"0":3,"1":3,"2":3,"3":1,"4":3,"5":3,"6":0,"7":0,"8":0,"9":0,"10":0,"11":0,"12":3},"f":{"0":1,"1":0},"b":{"0":[0,0],"1":[0,0,0],"2":[0,0]},"_coverageSchema":"1a1c01bbd47fc00a2c39e90264f33305004495a9","hash":"37b3b5e3764db6e5b9b9c7c8fa981d900f960388"}
,"/home/runner/work/windgapacademy/windgapacademy/backend/api/auth.js": {"path":"/home/runner/work/windgapacademy/windgapacademy/backend/api/auth.js","statementMap":{"0":{"start":{"line":1,"column":16},"end":{"line":1,"column":34}},"1":{"start":{"line":2,"column":12},"end":{"line":2,"column":35}},"2":{"start":{"line":3,"column":15},"end":{"line":3,"column":31}},"3":{"start":{"line":5,"column":15},"end":{"line":5,"column":37}},"4":{"start":{"line":6,"column":0},"end":{"line":6,"column":79}},"5":{"start":{"line":6,"column":13},"end":{"line":6,"column":79}},"6":{"start":{"line":9,"column":0},"end":{"line":19,"column":3}},"7":{"start":{"line":10,"column":29},"end":{"line":10,"column":37}},"8":{"start":{"line":12,"column":2},"end":{"line":14,"column":3}},"9":{"start":{"line":13,"column":4},"end":{"line":13,"column":66}},"10":{"start":{"line":15,"column":15},"end":{"line":15,"column":33}},"11":{"start":{"line":16,"column":16},"end":{"line":16,"column":59}},"12":{"start":{"line":17,"column":2},"end":{"line":17,"column":58}},"13":{"start":{"line":18,"column":2},"end":{"line":18,"column":22}},"14":{"start":{"line":21,"column":0},"end":{"line":21,"column":24}}},"fnMap":{"0":{"name":"(anonymous_0)","decl":{"start":{"line":9,"column":22},"end":{"line":9,"column":23}},"loc":{"start":{"line":9,"column":36},"end":{"line":19,"column":1}},"line":9}},"branchMap":{"0":{"loc":{"start":{"line":6,"column":0},"end":{"line":6,"column":79}},"type":"if","locations":[{"start":{"line":6,"column":0},"end":{"line":6,"column":79}},{"start":{},"end":{}}],"line":6},"1":{"loc":{"start":{"line":12,"column":2},"end":{"line":14,"column":3}},"type":"if","locations":[{"start":{"line":12,"column":2},"end":{"line":14,"column":3}},{"start":{},"end":{}}],"line":12},"2":{"loc":{"start":{"line":12,"column":6},"end":{"line":12,"column":24}},"type":"binary-expr","locations":[{"start":{"line":12,"column":6},"end":{"line":12,"column":15}},{"start":{"line":12,"column":19},"end":{"line":12,"column":24}}],"line":12}},"s":{"0":3,"1":3,"2":3,"3":3,"4":3,"5":0,"6":3,"7":2,"8":2,"9":0,"10":2,"11":2,"12":2,"13":2,"14":3},"f":{"0":2},"b":{"0":[0,3],"1":[0,2],"2":[2,2]},"_coverageSchema":"1a1c01bbd47fc00a2c39e90264f33305004495a9","hash":"c678f73415a0e77e71bc406c3f9eaca775ec9398"}
,"/home/runner/work/windgapacademy/windgapacademy/backend/api/game.js": {"path":"/home/runner/work/windgapacademy/windgapacademy/backend/api/game.js","statementMap":{"0":{"start":{"line":1,"column":16},"end":{"line":1,"column":34}},"1":{"start":{"line":2,"column":15},"end":{"line":2,"column":31}},"2":{"start":{"line":3,"column":26},"end":{"line":3,"column":68}},"3":{"start":{"line":4,"column":11},"end":{"line":4,"column":24}},"4":{"start":{"line":5,"column":13},"end":{"line":5,"column":28}},"5":{"start":{"line":8,"column":16},"end":{"line":8,"column":20}},"6":{"start":{"line":9,"column":30},"end":{"line":9,"column":34}},"7":{"start":{"line":10,"column":0},"end":{"line":22,"column":1}},"8":{"start":{"line":11,"column":2},"end":{"line":21,"column":3}},"9":{"start":{"line":12,"column":18},"end":{"line":12,"column":43}},"10":{"start":{"line":13,"column":27},"end":{"line":13,"column":71}},"11":{"start":{"line":14,"column":4},"end":{"line":14,"column":79}},"12":{"start":{"line":15,"column":4},"end":{"line":15,"column":34}},"13":{"start":{"line":16,"column":4},"end":{"line":16,"column":68}},"14":{"start":{"line":17,"column":4},"end":{"line":17,"column":79}},"15":{"start":{"line":19,"column":4},"end":{"line":19,"column":62}},"16":{"start":{"line":20,"column":4},"end":{"line":20,"column":21}},"17":{"start":{"line":25,"column":17},"end":{"line":25,"column":54}},"18":{"start":{"line":26,"column":18},"end":{"line":26,"column":57}},"19":{"start":{"line":29,"column":25},"end":{"line":29,"column":34}},"20":{"start":{"line":32,"column":2},"end":{"line":42,"column":3}},"21":{"start":{"line":33,"column":4},"end":{"line":40,"column":5}},"22":{"start":{"line":34,"column":23},"end":{"line":34,"column":80}},"23":{"start":{"line":35,"column":6},"end":{"line":37,"column":9}},"24":{"start":{"line":36,"column":8},"end":{"line":36,"column":49}},"25":{"start":{"line":39,"column":6},"end":{"line":39,"column":72}},"26":{"start":{"line":41,"column":4},"end":{"line":41,"column":11}},"27":{"start":{"line":44,"column":2},"end":{"line":51,"column":3}},"28":{"start":{"line":45,"column":4},"end":{"line":45,"column":42}},"29":{"start":{"line":45,"column":35},"end":{"line":45,"column":42}},"30":{"start":{"line":46,"column":16},"end":{"line":46,"column":61}},"31":{"start":{"line":47,"column":16},"end":{"line":47,"column":39}},"32":{"start":{"line":48,"column":4},"end":{"line":48,"column":69}},"33":{"start":{"line":48,"column":36},"end":{"line":48,"column":67}},"34":{"start":{"line":50,"column":4},"end":{"line":50,"column":55}},"35":{"start":{"line":55,"column":2},"end":{"line":68,"column":3}},"36":{"start":{"line":56,"column":4},"end":{"line":66,"column":5}},"37":{"start":{"line":58,"column":20},"end":{"line":58,"column":37}},"38":{"start":{"line":59,"column":6},"end":{"line":62,"column":7}},"39":{"start":{"line":60,"column":20},"end":{"line":60,"column":72}},"40":{"start":{"line":61,"column":8},"end":{"line":61,"column":26}},"41":{"start":{"line":63,"column":6},"end":{"line":63,"column":27}},"42":{"start":{"line":65,"column":6},"end":{"line":65,"column":69}},"43":{"start":{"line":67,"column":4},"end":{"line":67,"column":11}},"44":{"start":{"line":70,"column":2},"end":{"line":80,"column":3}},"45":{"start":{"line":71,"column":4},"end":{"line":73,"column":5}},"46":{"start":{"line":72,"column":6},"end":{"line":72,"column":61}},"47":{"start":{"line":74,"column":16},"end":{"line":74,"column":18}},"48":{"start":{"line":75,"column":4},"end":{"line":75,"column":64}},"49":{"start":{"line":75,"column":53},"end":{"line":75,"column":64}},"50":{"start":{"line":76,"column":4},"end":{"line":76,"column":81}},"51":{"start":{"line":79,"column":4},"end":{"line":79,"column":54}},"52":{"start":{"line":84,"column":0},"end":{"line":84,"column":13}},"53":{"start":{"line":86,"column":0},"end":{"line":94,"column":3}},"54":{"start":{"line":88,"column":15},"end":{"line":92,"column":3}},"55":{"start":{"line":93,"column":2},"end":{"line":93,"column":28}},"56":{"start":{"line":96,"column":0},"end":{"line":120,"column":3}},"57":{"start":{"line":97,"column":21},"end":{"line":97,"column":35}},"58":{"start":{"line":99,"column":14},"end":{"line":99,"column":70}},"59":{"start":{"line":100,"column":2},"end":{"line":100,"column":70}},"60":{"start":{"line":100,"column":12},"end":{"line":100,"column":70}},"61":{"start":{"line":102,"column":16},"end":{"line":102,"column":98}},"62":{"start":{"line":104,"column":2},"end":{"line":111,"column":3}},"63":{"start":{"line":105,"column":25},"end":{"line":105,"column":33}},"64":{"start":{"line":106,"column":4},"end":{"line":106,"column":87}},"65":{"start":{"line":106,"column":52},"end":{"line":106,"column":84}},"66":{"start":{"line":107,"column":4},"end":{"line":107,"column":37}},"67":{"start":{"line":109,"column":4},"end":{"line":109,"column":33}},"68":{"start":{"line":110,"column":4},"end":{"line":110,"column":34}},"69":{"start":{"line":112,"column":2},"end":{"line":118,"column":3}},"70":{"start":{"line":114,"column":4},"end":{"line":114,"column":45}},"71":{"start":{"line":115,"column":4},"end":{"line":115,"column":37}},"72":{"start":{"line":116,"column":4},"end":{"line":116,"column":33}},"73":{"start":{"line":117,"column":4},"end":{"line":117,"column":34}},"74":{"start":{"line":119,"column":2},"end":{"line":119,"column":52}},"75":{"start":{"line":122,"column":0},"end":{"line":133,"column":3}},"76":{"start":{"line":123,"column":20},"end":{"line":123,"column":34}},"77":{"start":{"line":124,"column":14},"end":{"line":124,"column":70}},"78":{"start":{"line":125,"column":2},"end":{"line":125,"column":70}},"79":{"start":{"line":125,"column":12},"end":{"line":125,"column":70}},"80":{"start":{"line":126,"column":2},"end":{"line":131,"column":3}},"81":{"start":{"line":127,"column":4},"end":{"line":127,"column":37}},"82":{"start":{"line":129,"column":4},"end":{"line":129,"column":33}},"83":{"start":{"line":130,"column":4},"end":{"line":130,"column":34}},"84":{"start":{"line":132,"column":2},"end":{"line":132,"column":55}},"85":{"start":{"line":135,"column":0},"end":{"line":135,"column":24}}},"fnMap":{"0":{"name":"loadStates","decl":{"start":{"line":31,"column":15},"end":{"line":31,"column":25}},"loc":{"start":{"line":31,"column":28},"end":{"line":52,"column":1}},"line":31},"1":{"name":"(anonymous_1)","decl":{"start":{"line":35,"column":23},"end":{"line":35,"column":24}},"loc":{"start":{"line":35,"column":32},"end":{"line":37,"column":7}},"line":35},"2":{"name":"(anonymous_2)","decl":{"start":{"line":48,"column":29},"end":{"line":48,"column":30}},"loc":{"start":{"line":48,"column":36},"end":{"line":48,"column":67}},"line":48},"3":{"name":"saveStates","decl":{"start":{"line":54,"column":15},"end":{"line":54,"column":25}},"loc":{"start":{"line":54,"column":28},"end":{"line":81,"column":1}},"line":54},"4":{"name":"(anonymous_4)","decl":{"start":{"line":86,"column":21},"end":{"line":86,"column":22}},"loc":{"start":{"line":86,"column":35},"end":{"line":94,"column":1}},"line":86},"5":{"name":"(anonymous_5)","decl":{"start":{"line":96,"column":58},"end":{"line":96,"column":59}},"loc":{"start":{"line":96,"column":72},"end":{"line":120,"column":1}},"line":96},"6":{"name":"(anonymous_6)","decl":{"start":{"line":106,"column":44},"end":{"line":106,"column":45}},"loc":{"start":{"line":106,"column":52},"end":{"line":106,"column":84}},"line":106},"7":{"name":"(anonymous_7)","decl":{"start":{"line":109,"column":23},"end":{"line":109,"column":24}},"loc":{"start":{"line":109,"column":29},"end":{"line":109,"column":31}},"line":109},"8":{"name":"(anonymous_8)","decl":{"start":{"line":116,"column":23},"end":{"line":116,"column":24}},"loc":{"start":{"line":116,"column":29},"end":{"line":116,"column":31}},"line":116},"9":{"name":"(anonymous_9)","decl":{"start":{"line":122,"column":56},"end":{"line":122,"column":57}},"loc":{"start":{"line":122,"column":70},"end":{"line":133,"column":1}},"line":122},"10":{"name":"(anonymous_10)","decl":{"start":{"line":129,"column":23},"end":{"line":129,"column":24}},"loc":{"start":{"line":129,"column":29},"end":{"line":129,"column":31}},"line":129}},"branchMap":{"0":{"loc":{"start":{"line":10,"column":0},"end":{"line":22,"column":1}},"type":"if","locations":[{"start":{"line":10,"column":0},"end":{"line":22,"column":1}},{"start":{},"end":{}}],"line":10},"1":{"loc":{"start":{"line":10,"column":4},"end":{"line":10,"column":77}},"type":"binary-expr","locations":[{"start":{"line":10,"column":4},"end":{"line":10,"column":36}},{"start":{"line":10,"column":40},"end":{"line":10,"column":77}}],"line":10},"2":{"loc":{"start":{"line":32,"column":2},"end":{"line":42,"column":3}},"type":"if","locations":[{"start":{"line":32,"column":2},"end":{"line":42,"column":3}},{"start":{},"end":{}}],"line":32},"3":{"loc":{"start":{"line":32,"column":6},"end":{"line":32,"column":42}},"type":"binary-expr","locations":[{"start":{"line":32,"column":6},"end":{"line":32,"column":15}},{"start":{"line":32,"column":19},"end":{"line":32,"column":42}}],"line":32},"4":{"loc":{"start":{"line":45,"column":4},"end":{"line":45,"column":42}},"type":"if","locations":[{"start":{"line":45,"column":4},"end":{"line":45,"column":42}},{"start":{},"end":{}}],"line":45},"5":{"loc":{"start":{"line":47,"column":27},"end":{"line":47,"column":38}},"type":"binary-expr","locations":[{"start":{"line":47,"column":27},"end":{"line":47,"column":30}},{"start":{"line":47,"column":34},"end":{"line":47,"column":38}}],"line":47},"6":{"loc":{"start":{"line":55,"column":2},"end":{"line":68,"column":3}},"type":"if","locations":[{"start":{"line":55,"column":2},"end":{"line":68,"column":3}},{"start":{},"end":{}}],"line":55},"7":{"loc":{"start":{"line":55,"column":6},"end":{"line":55,"column":42}},"type":"binary-expr","locations":[{"start":{"line":55,"column":6},"end":{"line":55,"column":15}},{"start":{"line":55,"column":19},"end":{"line":55,"column":42}}],"line":55},"8":{"loc":{"start":{"line":71,"column":4},"end":{"line":73,"column":5}},"type":"if","locations":[{"start":{"line":71,"column":4},"end":{"line":73,"column":5}},{"start":{},"end":{}}],"line":71},"9":{"loc":{"start":{"line":88,"column":15},"end":{"line":92,"column":3}},"type":"binary-expr","locations":[{"start":{"line":88,"column":15},"end":{"line":88,"column":47}},{"start":{"line":88,"column":51},"end":{"line":92,"column":3}}],"line":88},"10":{"loc":{"start":{"line":97,"column":21},"end":{"line":97,"column":35}},"type":"binary-expr","locations":[{"start":{"line":97,"column":21},"end":{"line":97,"column":29}},{"start":{"line":97,"column":33},"end":{"line":97,"column":35}}],"line":97},"11":{"loc":{"start":{"line":99,"column":14},"end":{"line":99,"column":70}},"type":"binary-expr","locations":[{"start":{"line":99,"column":15},"end":{"line":99,"column":23}},{"start":{"line":99,"column":28},"end":{"line":99,"column":39}},{"start":{"line":99,"column":43},"end":{"line":99,"column":60}},{"start":{"line":99,"column":66},"end":{"line":99,"column":70}}],"line":99},"12":{"loc":{"start":{"line":100,"column":2},"end":{"line":100,"column":70}},"type":"if","locations":[{"start":{"line":100,"column":2},"end":{"line":100,"column":70}},{"start":{},"end":{}}],"line":100},"13":{"loc":{"start":{"line":102,"column":16},"end":{"line":102,"column":98}},"type":"binary-expr","locations":[{"start":{"line":102,"column":16},"end":{"line":102,"column":41}},{"start":{"line":102,"column":45},"end":{"line":102,"column":98}}],"line":102},"14":{"loc":{"start":{"line":104,"column":2},"end":{"line":111,"column":3}},"type":"if","locations":[{"start":{"line":104,"column":2},"end":{"line":111,"column":3}},{"start":{},"end":{}}],"line":104},"15":{"loc":{"start":{"line":106,"column":52},"end":{"line":106,"column":84}},"type":"cond-expr","locations":[{"start":{"line":106,"column":66},"end":{"line":106,"column":80}},{"start":{"line":106,"column":83},"end":{"line":106,"column":84}}],"line":106},"16":{"loc":{"start":{"line":112,"column":2},"end":{"line":118,"column":3}},"type":"if","locations":[{"start":{"line":112,"column":2},"end":{"line":118,"column":3}},{"start":{},"end":{}}],"line":112},"17":{"loc":{"start":{"line":114,"column":22},"end":{"line":114,"column":44}},"type":"binary-expr","locations":[{"start":{"line":114,"column":22},"end":{"line":114,"column":36}},{"start":{"line":114,"column":40},"end":{"line":114,"column":44}}],"line":114},"18":{"loc":{"start":{"line":123,"column":20},"end":{"line":123,"column":34}},"type":"binary-expr","locations":[{"start":{"line":123,"column":20},"end":{"line":123,"column":28}},{"start":{"line":123,"column":32},"end":{"line":123,"column":34}}],"line":123},"19":{"loc":{"start":{"line":124,"column":14},"end":{"line":124,"column":70}},"type":"binary-expr","locations":[{"start":{"line":124,"column":15},"end":{"line":124,"column":23}},{"start":{"line":124,"column":28},"end":{"line":124,"column":39}},{"start":{"line":124,"column":43},"end":{"line":124,"column":60}},{"start":{"line":124,"column":66},"end":{"line":124,"column":70}}],"line":124},"20":{"loc":{"start":{"line":125,"column":2},"end":{"line":125,"column":70}},"type":"if","locations":[{"start":{"line":125,"column":2},"end":{"line":125,"column":70}},{"start":{},"end":{}}],"line":125},"21":{"loc":{"start":{"line":126,"column":2},"end":{"line":131,"column":3}},"type":"if","locations":[{"start":{"line":126,"column":2},"end":{"line":131,"column":3}},{"start":{},"end":{}}],"line":126}},"s":{"0":3,"1":3,"2":3,"3":3,"4":3,"5":3,"6":3,"7":3,"8":0,"9":0,"10":0,"11":0,"12":0,"13":0,"14":0,"15":0,"16":0,"17":3,"18":3,"19":3,"20":3,"21":0,"22":0,"23":0,"24":0,"25":0,"26":0,"27":3,"28":3,"29":0,"30":3,"31":2,"32":2,"33":2,"34":0,"35":2,"36":0,"37":0,"38":0,"39":0,"40":0,"41":0,"42":0,"43":0,"44":2,"45":2,"46":0,"47":2,"48":2,"49":2,"50":2,"51":0,"52":3,"53":3,"54":2,"55":2,"56":3,"57":1,"58":1,"59":1,"60":0,"61":1,"62":1,"63":1,"64":1,"65":1,"66":1,"67":1,"68":1,"69":0,"70":0,"71":0,"72":0,"73":0,"74":0,"75":3,"76":1,"77":1,"78":1,"79":0,"80":1,"81":1,"82":1,"83":1,"84":0,"85":3},"f":{"0":3,"1":0,"2":2,"3":2,"4":2,"5":1,"6":1,"7":0,"8":0,"9":1,"10":0},"b":{"0":[0,3],"1":[3,0],"2":[0,3],"3":[3,0],"4":[0,3],"5":[2,0],"6":[0,2],"7":[2,0],"8":[0,2],"9":[2,2],"10":[1,0],"11":[1,1,1,0],"12":[0,1],"13":[1,0],"14":[1,0],"15":[1,0],"16":[0,0],"17":[0,0],"18":[1,0],"19":[1,1,1,0],"20":[0,1],"21":[1,0]},"_coverageSchema":"1a1c01bbd47fc00a2c39e90264f33305004495a9","hash":"4c8fb0d88978e6949a5ffc50280679a837fe72f8"}
,"/home/runner/work/windgapacademy/windgapacademy/backend/api/index.js": {"path":"/home/runner/work/windgapacademy/windgapacademy/backend/api/index.js","statementMap":{"0":{"start":{"line":1,"column":16},"end":{"line":1,"column":34}},"1":{"start":{"line":2,"column":15},"end":{"line":2,"column":31}},"2":{"start":{"line":4,"column":0},"end":{"line":4,"column":39}},"3":{"start":{"line":5,"column":0},"end":{"line":5,"column":41}},"4":{"start":{"line":6,"column":0},"end":{"line":6,"column":53}},"5":{"start":{"line":7,"column":0},"end":{"line":7,"column":49}},"6":{"start":{"line":8,"column":0},"end":{"line":8,"column":39}},"7":{"start":{"line":10,"column":0},"end":{"line":10,"column":24}}},"fnMap":{},"branchMap":{},"s":{"0":2,"1":2,"2":2,"3":2,"4":2,"5":2,"6":2,"7":2},"f":{},"b":{},"_coverageSchema":"1a1c01bbd47fc00a2c39e90264f33305004495a9","hash":"e67ba9f56f90db196f1bf3885a0d3b0e6d874623"}
,"/home/runner/work/windgapacademy/windgapacademy/backend/api/materials.js": {"path":"/home/runner/work/windgapacademy/windgapacademy/backend/api/materials.js","statementMap":{"0":{"start":{"line":1,"column":16},"end":{"line":1,"column":34}},"1":{"start":{"line":2,"column":15},"end":{"line":2,"column":31}},"2":{"start":{"line":5,"column":0},"end":{"line":10,"column":3}},"3":{"start":{"line":6,"column":2},"end":{"line":9,"column":5}},"4":{"start":{"line":13,"column":0},"end":{"line":20,"column":3}},"5":{"start":{"line":14,"column":20},"end":{"line":14,"column":28}},"6":{"start":{"line":15,"column":2},"end":{"line":17,"column":3}},"7":{"start":{"line":16,"column":4},"end":{"line":16,"column":64}},"8":{"start":{"line":19,"column":2},"end":{"line":19,"column":77}},"9":{"start":{"line":22,"column":0},"end":{"line":22,"column":24}}},"fnMap":{"0":{"name":"(anonymous_0)","decl":{"start":{"line":5,"column":16},"end":{"line":5,"column":17}},"loc":{"start":{"line":5,"column":30},"end":{"line":10,"column":1}},"line":5},"1":{"name":"(anonymous_1)","decl":{"start":{"line":13,"column":17},"end":{"line":13,"column":18}},"loc":{"start":{"line":13,"column":31},"end":{"line":20,"column":1}},"line":13}},"branchMap":{"0":{"loc":{"start":{"line":15,"column":2},"end":{"line":17,"column":3}},"type":"if","locations":[{"start":{"line":15,"column":2},"end":{"line":17,"column":3}},{"start":{},"end":{}}],"line":15}},"s":{"0":3,"1":3,"2":3,"3":0,"4":3,"5":0,"6":0,"7":0,"8":0,"9":3},"f":{"0":0,"1":0},"b":{"0":[0,0]},"_coverageSchema":"1a1c01bbd47fc00a2c39e90264f33305004495a9","hash":"729dac457ad763aa3677ae2074cbf9a1db80b472"}
,"/home/runner/work/windgapacademy/windgapacademy/backend/api/users.js": {"path":"/home/runner/work/windgapacademy/windgapacademy/backend/api/users.js","statementMap":{"0":{"start":{"line":1,"column":16},"end":{"line":1,"column":34}},"1":{"start":{"line":2,"column":26},"end":{"line":2,"column":68}},"2":{"start":{"line":3,"column":15},"end":{"line":3,"column":31}},"3":{"start":{"line":5,"column":18},"end":{"line":9,"column":1}},"4":{"start":{"line":12,"column":0},"end":{"line":18,"column":3}},"5":{"start":{"line":13,"column":2},"end":{"line":16,"column":3}},"6":{"start":{"line":14,"column":4},"end":{"line":14,"column":86}},"7":{"start":{"line":15,"column":4},"end":{"line":15,"column":31}},"8":{"start":{"line":17,"column":2},"end":{"line":17,"column":22}},"9":{"start":{"line":21,"column":0},"end":{"line":32,"column":3}},"10":{"start":{"line":22,"column":2},"end":{"line":25,"column":3}},"11":{"start":{"line":23,"column":4},"end":{"line":23,"column":81}},"12":{"start":{"line":24,"column":4},"end":{"line":24,"column":31}},"13":{"start":{"line":26,"column":25},"end":{"line":26,"column":33}},"14":{"start":{"line":27,"column":2},"end":{"line":29,"column":3}},"15":{"start":{"line":28,"column":4},"end":{"line":28,"column":67}},"16":{"start":{"line":31,"column":2},"end":{"line":31,"column":74}},"17":{"start":{"line":34,"column":0},"end":{"line":34,"column":24}}},"fnMap":{"0":{"name":"(anonymous_0)","decl":{"start":{"line":12,"column":35},"end":{"line":12,"column":36}},"loc":{"start":{"line":12,"column":49},"end":{"line":18,"column":1}},"line":12},"1":{"name":"(anonymous_1)","decl":{"start":{"line":21,"column":36},"end":{"line":21,"column":37}},"loc":{"start":{"line":21,"column":50},"end":{"line":32,"column":1}},"line":21}},"branchMap":{"0":{"loc":{"start":{"line":13,"column":2},"end":{"line":16,"column":3}},"type":"if","locations":[{"start":{"line":13,"column":2},"end":{"line":16,"column":3}},{"start":{},"end":{}}],"line":13},"1":{"loc":{"start":{"line":22,"column":2},"end":{"line":25,"column":3}},"type":"if","locations":[{"start":{"line":22,"column":2},"end":{"line":25,"column":3}},{"start":{},"end":{}}],"line":22},"2":{"loc":{"start":{"line":27,"column":2},"end":{"line":29,"column":3}},"type":"if","locations":[{"start":{"line":27,"column":2},"end":{"line":29,"column":3}},{"start":{},"end":{}}],"line":27},"3":{"loc":{"start":{"line":27,"column":6},"end":{"line":27,"column":20}},"type":"binary-expr","locations":[{"start":{"line":27,"column":6},"end":{"line":27,"column":11}},{"start":{"line":27,"column":15},"end":{"line":27,"column":20}}],"line":27}},"s":{"0":3,"1":3,"2":3,"3":3,"4":3,"5":1,"6":0,"7":0,"8":1,"9":3,"10":0,"11":0,"12":0,"13":0,"14":0,"15":0,"16":0,"17":3},"f":{"0":1,"1":0},"b":{"0":[0,1],"1":[0,0],"2":[0,0],"3":[0,0]},"_coverageSchema":"1a1c01bbd47fc00a2c39e90264f33305004495a9","hash":"e49d7f8f340246656cb45f89871a596ea8bd8f35"}
,"/home/runner/work/windgapacademy/windgapacademy/backend/controllers/dataController.js": {"path":"/home/runner/work/windgapacademy/windgapacademy/backend/controllers/dataController.js","statementMap":{"0":{"start":{"line":1,"column":15},"end":{"line":1,"column":41}},"1":{"start":{"line":4,"column":20},"end":{"line":4,"column":22}},"2":{"start":{"line":5,"column":25},"end":{"line":5,"column":28}},"3":{"start":{"line":8,"column":30},"end":{"line":15,"column":1}},"4":{"start":{"line":9,"column":2},"end":{"line":14,"column":4}},"5":{"start":{"line":18,"column":21},"end":{"line":18,"column":44}},"6":{"start":{"line":21,"column":0},"end":{"line":28,"column":9}},"7":{"start":{"line":22,"column":2},"end":{"line":22,"column":43}},"8":{"start":{"line":23,"column":2},"end":{"line":23,"column":38}},"9":{"start":{"line":24,"column":2},"end":{"line":26,"column":3}},"10":{"start":{"line":25,"column":4},"end":{"line":25,"column":22}},"11":{"start":{"line":27,"column":2},"end":{"line":27,"column":60}},"12":{"start":{"line":30,"column":23},"end":{"line":30,"column":43}},"13":{"start":{"line":30,"column":29},"end":{"line":30,"column":43}},"14":{"start":{"line":31,"column":26},"end":{"line":31,"column":43}},"15":{"start":{"line":31,"column":32},"end":{"line":31,"column":43}},"16":{"start":{"line":33,"column":0},"end":{"line":36,"column":2}}},"fnMap":{"0":{"name":"(anonymous_0)","decl":{"start":{"line":8,"column":30},"end":{"line":8,"column":31}},"loc":{"start":{"line":8,"column":36},"end":{"line":15,"column":1}},"line":8},"1":{"name":"(anonymous_1)","decl":{"start":{"line":21,"column":12},"end":{"line":21,"column":13}},"loc":{"start":{"line":21,"column":18},"end":{"line":28,"column":1}},"line":21},"2":{"name":"(anonymous_2)","decl":{"start":{"line":30,"column":23},"end":{"line":30,"column":24}},"loc":{"start":{"line":30,"column":29},"end":{"line":30,"column":43}},"line":30},"3":{"name":"(anonymous_3)","decl":{"start":{"line":31,"column":26},"end":{"line":31,"column":27}},"loc":{"start":{"line":31,"column":32},"end":{"line":31,"column":43}},"line":31}},"branchMap":{"0":{"loc":{"start":{"line":24,"column":2},"end":{"line":26,"column":3}},"type":"if","locations":[{"start":{"line":24,"column":2},"end":{"line":26,"column":3}},{"start":{},"end":{}}],"line":24}},"s":{"0":1,"1":1,"2":1,"3":1,"4":1,"5":1,"6":1,"7":0,"8":0,"9":0,"10":0,"11":0,"12":1,"13":0,"14":1,"15":0,"16":1},"f":{"0":1,"1":0,"2":0,"3":0},"b":{"0":[0,0]},"_coverageSchema":"1a1c01bbd47fc00a2c39e90264f33305004495a9","hash":"6ba0ef84a3cc8c1eb775102ee897b84dbf24bf81"}
,"/home/runner/work/windgapacademy/windgapacademy/backend/middleware/authenticateToken.js": {"path":"/home/runner/work/windgapacademy/windgapacademy/backend/middleware/authenticateToken.js","statementMap":{"0":{"start":{"line":1,"column":12},"end":{"line":1,"column":35}},"1":{"start":{"line":3,"column":15},"end":{"line":3,"column":37}},"2":{"start":{"line":4,"column":0},"end":{"line":6,"column":1}},"3":{"start":{"line":5,"column":2},"end":{"line":5,"column":68}},"4":{"start":{"line":9,"column":21},"end":{"line":9,"column":49}},"5":{"start":{"line":10,"column":16},"end":{"line":10,"column":54}},"6":{"start":{"line":12,"column":2},"end":{"line":14,"column":3}},"7":{"start":{"line":13,"column":4},"end":{"line":13,"column":60}},"8":{"start":{"line":16,"column":2},"end":{"line":23,"column":5}},"9":{"start":{"line":17,"column":4},"end":{"line":20,"column":5}},"10":{"start":{"line":18,"column":6},"end":{"line":18,"column":60}},"11":{"start":{"line":19,"column":6},"end":{"line":19,"column":73}},"12":{"start":{"line":21,"column":4},"end":{"line":21,"column":20}},"13":{"start":{"line":22,"column":4},"end":{"line":22,"column":11}},"14":{"start":{"line":26,"column":0},"end":{"line":26,"column":35}}},"fnMap":{"0":{"name":"authenticateToken","decl":{"start":{"line":8,"column":9},"end":{"line":8,"column":26}},"loc":{"start":{"line":8,"column":43},"end":{"line":24,"column":1}},"line":8},"1":{"name":"(anonymous_1)","decl":{"start":{"line":16,"column":28},"end":{"line":16,"column":29}},"loc":{"start":{"line":16,"column":43},"end":{"line":23,"column":3}},"line":16}},"branchMap":{"0":{"loc":{"start":{"line":4,"column":0},"end":{"line":6,"column":1}},"type":"if","locations":[{"start":{"line":4,"column":0},"end":{"line":6,"column":1}},{"start":{},"end":{}}],"line":4},"1":{"loc":{"start":{"line":10,"column":16},"end":{"line":10,"column":54}},"type":"binary-expr","locations":[{"start":{"line":10,"column":16},"end":{"line":10,"column":26}},{"start":{"line":10,"column":30},"end":{"line":10,"column":54}}],"line":10},"2":{"loc":{"start":{"line":12,"column":2},"end":{"line":14,"column":3}},"type":"if","locations":[{"start":{"line":12,"column":2},"end":{"line":14,"column":3}},{"start":{},"end":{}}],"line":12},"3":{"loc":{"start":{"line":17,"column":4},"end":{"line":20,"column":5}},"type":"if","locations":[{"start":{"line":17,"column":4},"end":{"line":20,"column":5}},{"start":{},"end":{}}],"line":17}},"s":{"0":3,"1":3,"2":3,"3":0,"4":4,"5":4,"6":4,"7":1,"8":3,"9":3,"10":0,"11":0,"12":3,"13":3,"14":3},"f":{"0":4,"1":3},"b":{"0":[0,3],"1":[4,3],"2":[1,3],"3":[0,3]},"_coverageSchema":"1a1c01bbd47fc00a2c39e90264f33305004495a9","hash":"0ffcfd554244515e05db09e96f3f3d02dedacaee"}
,"/home/runner/work/windgapacademy/windgapacademy/backend/routes/dataRoutes.js": {"path":"/home/runner/work/windgapacademy/windgapacademy/backend/routes/dataRoutes.js","statementMap":{"0":{"start":{"line":1,"column":16},"end":{"line":1,"column":34}},"1":{"start":{"line":3,"column":23},"end":{"line":3,"column":63}},"2":{"start":{"line":5,"column":15},"end":{"line":5,"column":31}},"3":{"start":{"line":7,"column":0},"end":{"line":9,"column":3}},"4":{"start":{"line":8,"column":2},"end":{"line":8,"column":44}},"5":{"start":{"line":10,"column":0},"end":{"line":12,"column":3}},"6":{"start":{"line":11,"column":2},"end":{"line":11,"column":47}},"7":{"start":{"line":14,"column":0},"end":{"line":14,"column":24}}},"fnMap":{"0":{"name":"(anonymous_0)","decl":{"start":{"line":7,"column":23},"end":{"line":7,"column":24}},"loc":{"start":{"line":7,"column":37},"end":{"line":9,"column":1}},"line":7},"1":{"name":"(anonymous_1)","decl":{"start":{"line":10,"column":26},"end":{"line":10,"column":27}},"loc":{"start":{"line":10,"column":40},"end":{"line":12,"column":1}},"line":10}},"branchMap":{},"s":{"0":1,"1":1,"2":1,"3":1,"4":0,"5":1,"6":0,"7":1},"f":{"0":0,"1":0},"b":{},"_coverageSchema":"1a1c01bbd47fc00a2c39e90264f33305004495a9","hash":"b3cd285534858bc4bde3c92526eb647d427e095c"}
,"/home/runner/work/windgapacademy/windgapacademy/backend/routes/simulation.js": {"path":"/home/runner/work/windgapacademy/windgapacademy/backend/routes/simulation.js","statementMap":{"0":{"start":{"line":1,"column":16},"end":{"line":1,"column":34}},"1":{"start":{"line":2,"column":15},"end":{"line":2,"column":31}},"2":{"start":{"line":5,"column":19},"end":{"line":5,"column":21}},"3":{"start":{"line":8,"column":0},"end":{"line":11,"column":3}},"4":{"start":{"line":9,"column":21},"end":{"line":9,"column":31}},"5":{"start":{"line":10,"column":2},"end":{"line":10,"column":39}},"6":{"start":{"line":14,"column":0},"end":{"line":24,"column":3}},"7":{"start":{"line":15,"column":21},"end":{"line":15,"column":31}},"8":{"start":{"line":16,"column":19},"end":{"line":16,"column":27}},"9":{"start":{"line":18,"column":2},"end":{"line":20,"column":3}},"10":{"start":{"line":19,"column":4},"end":{"line":19,"column":68}},"11":{"start":{"line":22,"column":2},"end":{"line":22,"column":34}},"12":{"start":{"line":23,"column":2},"end":{"line":23,"column":30}},"13":{"start":{"line":26,"column":0},"end":{"line":26,"column":24}}},"fnMap":{"0":{"name":"(anonymous_0)","decl":{"start":{"line":8,"column":23},"end":{"line":8,"column":24}},"loc":{"start":{"line":8,"column":37},"end":{"line":11,"column":1}},"line":8},"1":{"name":"(anonymous_1)","decl":{"start":{"line":14,"column":40},"end":{"line":14,"column":41}},"loc":{"start":{"line":14,"column":54},"end":{"line":24,"column":1}},"line":14}},"branchMap":{"0":{"loc":{"start":{"line":10,"column":11},"end":{"line":10,"column":37}},"type":"binary-expr","locations":[{"start":{"line":10,"column":11},"end":{"line":10,"column":31}},{"start":{"line":10,"column":35},"end":{"line":10,"column":37}}],"line":10},"1":{"loc":{"start":{"line":18,"column":2},"end":{"line":20,"column":3}},"type":"if","locations":[{"start":{"line":18,"column":2},"end":{"line":20,"column":3}},{"start":{},"end":{}}],"line":18},"2":{"loc":{"start":{"line":18,"column":6},"end":{"line":18,"column":47}},"type":"binary-expr","locations":[{"start":{"line":18,"column":6},"end":{"line":18,"column":15}},{"start":{"line":18,"column":19},"end":{"line":18,"column":47}}],"line":18}},"s":{"0":1,"1":1,"2":1,"3":1,"4":0,"5":0,"6":1,"7":0,"8":0,"9":0,"10":0,"11":0,"12":0,"13":1},"f":{"0":0,"1":0},"b":{"0":[0,0],"1":[0,0],"2":[0,0]},"_coverageSchema":"1a1c01bbd47fc00a2c39e90264f33305004495a9","hash":"aeeec1fdc2c1e8e959fcf2efc59ecb13fc6a220c"}
,"/home/runner/work/windgapacademy/windgapacademy/backend/utils/logger.js": {"path":"/home/runner/work/windgapacademy/windgapacademy/backend/utils/logger.js","statementMap":{"0":{"start":{"line":2,"column":2},"end":{"line":2,"column":34}},"1":{"start":{"line":5,"column":0},"end":{"line":9,"column":2}},"2":{"start":{"line":6,"column":22},"end":{"line":6,"column":68}},"3":{"start":{"line":7,"column":21},"end":{"line":7,"column":66}},"4":{"start":{"line":8,"column":22},"end":{"line":8,"column":70}}},"fnMap":{"0":{"name":"timestamp","decl":{"start":{"line":1,"column":9},"end":{"line":1,"column":18}},"loc":{"start":{"line":1,"column":21},"end":{"line":3,"column":1}},"line":1},"1":{"name":"(anonymous_1)","decl":{"start":{"line":6,"column":9},"end":{"line":6,"column":10}},"loc":{"start":{"line":6,"column":22},"end":{"line":6,"column":68}},"line":6},"2":{"name":"(anonymous_2)","decl":{"start":{"line":7,"column":8},"end":{"line":7,"column":9}},"loc":{"start":{"line":7,"column":21},"end":{"line":7,"column":66}},"line":7},"3":{"name":"(anonymous_3)","decl":{"start":{"line":8,"column":9},"end":{"line":8,"column":10}},"loc":{"start":{"line":8,"column":22},"end":{"line":8,"column":70}},"line":8}},"branchMap":{},"s":{"0":1,"1":1,"2":0,"3":1,"4":0},"f":{"0":1,"1":0,"2":1,"3":0},"b":{},"_coverageSchema":"1a1c01bbd47fc00a2c39e90264f33305004495a9","hash":"aeb6bdae454e310173b8ca834df23b3ac0f9edeb"}
,"/home/runner/work/windgapacademy/windgapacademy/components/AvatarBuilder.js": {"path":"/home/runner/work/windgapacademy/windgapacademy/components/AvatarBuilder.js","statementMap":{"0":{"start":{"line":7,"column":2},"end":{"line":16,"column":4}},"1":{"start":{"line":34,"column":2},"end":{"line":66,"column":4}}},"fnMap":{"0":{"name":"getAvatarState","decl":{"start":{"line":6,"column":16},"end":{"line":6,"column":30}},"loc":{"start":{"line":6,"column":46},"end":{"line":17,"column":1}},"line":6},"1":{"name":"showAvatarBuilder","decl":{"start":{"line":33,"column":16},"end":{"line":33,"column":33}},"loc":{"start":{"line":33,"column":60},"end":{"line":68,"column":1}},"line":33}},"branchMap":{"0":{"loc":{"start":{"line":6,"column":31},"end":{"line":6,"column":44}},"type":"default-arg","locations":[{"start":{"line":6,"column":42},"end":{"line":6,"column":44}}],"line":6},"1":{"loc":{"start":{"line":33,"column":45},"end":{"line":33,"column":58}},"type":"default-arg","locations":[{"start":{"line":33,"column":56},"end":{"line":33,"column":58}}],"line":33}},"s":{"0":2,"1":1},"f":{"0":2,"1":1},"b":{"0":[0],"1":[1]},"_coverageSchema":"1a1c01bbd47fc00a2c39e90264f33305004495a9","hash":"e188616ce80fe176cd70563a62890764a4eb14f0"}
,"/home/runner/work/windgapacademy/windgapacademy/components/Dashboard.js": {"path":"/home/runner/work/windgapacademy/windgapacademy/components/Dashboard.js","statementMap":{"0":{"start":{"line":13,"column":16},"end":{"line":13,"column":45}},"1":{"start":{"line":14,"column":2},"end":{"line":14,"column":39}},"2":{"start":{"line":15,"column":2},"end":{"line":15,"column":195}},"3":{"start":{"line":16,"column":2},"end":{"line":16,"column":35}},"4":{"start":{"line":17,"column":2},"end":{"line":17,"column":77}},"5":{"start":{"line":17,"column":62},"end":{"line":17,"column":76}},"6":{"start":{"line":21,"column":17},"end":{"line":21,"column":53}},"7":{"start":{"line":22,"column":2},"end":{"line":25,"column":3}},"8":{"start":{"line":23,"column":4},"end":{"line":23,"column":42}},"9":{"start":{"line":24,"column":4},"end":{"line":24,"column":51}},"10":{"start":{"line":29,"column":2},"end":{"line":29,"column":70}},"11":{"start":{"line":32,"column":2},"end":{"line":32,"column":71}},"12":{"start":{"line":48,"column":2},"end":{"line":52,"column":3}},"13":{"start":{"line":49,"column":4},"end":{"line":49,"column":9}},"14":{"start":{"line":51,"column":4},"end":{"line":51,"column":31}},"15":{"start":{"line":60,"column":2},"end":{"line":60,"column":19}},"16":{"start":{"line":61,"column":2},"end":{"line":61,"column":21}},"17":{"start":{"line":65,"column":0},"end":{"line":67,"column":1}},"18":{"start":{"line":66,"column":2},"end":{"line":66,"column":64}},"19":{"start":{"line":75,"column":2},"end":{"line":78,"column":16}},"20":{"start":{"line":76,"column":4},"end":{"line":76,"column":63}},"21":{"start":{"line":76,"column":34},"end":{"line":76,"column":63}},"22":{"start":{"line":77,"column":4},"end":{"line":77,"column":87}},"23":{"start":{"line":80,"column":2},"end":{"line":84,"column":3}},"24":{"start":{"line":81,"column":4},"end":{"line":81,"column":37}},"25":{"start":{"line":87,"column":4},"end":{"line":87,"column":54}},"26":{"start":{"line":87,"column":28},"end":{"line":87,"column":54}},"27":{"start":{"line":88,"column":4},"end":{"line":92,"column":5}},"28":{"start":{"line":89,"column":6},"end":{"line":89,"column":78}},"29":{"start":{"line":91,"column":6},"end":{"line":91,"column":18}},"30":{"start":{"line":94,"column":18},"end":{"line":94,"column":99}},"31":{"start":{"line":97,"column":19},"end":{"line":104,"column":5}},"32":{"start":{"line":105,"column":4},"end":{"line":107,"column":5}},"33":{"start":{"line":106,"column":6},"end":{"line":106,"column":77}},"34":{"start":{"line":108,"column":4},"end":{"line":108,"column":18}},"35":{"start":{"line":112,"column":25},"end":{"line":112,"column":51}},"36":{"start":{"line":113,"column":4},"end":{"line":210,"column":6}},"37":{"start":{"line":142,"column":43},"end":{"line":142,"column":164}},"38":{"start":{"line":213,"column":18},"end":{"line":213,"column":61}},"39":{"start":{"line":214,"column":4},"end":{"line":224,"column":7}},"40":{"start":{"line":215,"column":6},"end":{"line":223,"column":9}},"41":{"start":{"line":216,"column":8},"end":{"line":216,"column":27}},"42":{"start":{"line":217,"column":24},"end":{"line":217,"column":57}},"43":{"start":{"line":218,"column":8},"end":{"line":218,"column":97}},"44":{"start":{"line":218,"column":70},"end":{"line":218,"column":95}},"45":{"start":{"line":219,"column":19},"end":{"line":219,"column":57}},"46":{"start":{"line":220,"column":8},"end":{"line":220,"column":46}},"47":{"start":{"line":220,"column":16},"end":{"line":220,"column":46}},"48":{"start":{"line":221,"column":8},"end":{"line":221,"column":97}},"49":{"start":{"line":221,"column":67},"end":{"line":221,"column":95}},"50":{"start":{"line":222,"column":8},"end":{"line":222,"column":37}},"51":{"start":{"line":227,"column":18},"end":{"line":227,"column":58}},"52":{"start":{"line":228,"column":4},"end":{"line":228,"column":29}},"53":{"start":{"line":228,"column":15},"end":{"line":228,"column":29}},"54":{"start":{"line":231,"column":22},"end":{"line":231,"column":60}},"55":{"start":{"line":232,"column":4},"end":{"line":242,"column":5}},"56":{"start":{"line":233,"column":6},"end":{"line":241,"column":9}},"57":{"start":{"line":234,"column":8},"end":{"line":236,"column":22}},"58":{"start":{"line":235,"column":10},"end":{"line":235,"column":56}},"59":{"start":{"line":237,"column":8},"end":{"line":237,"column":34}},"60":{"start":{"line":239,"column":8},"end":{"line":240,"column":31}},"61":{"start":{"line":239,"column":48},"end":{"line":239,"column":69}},"62":{"start":{"line":240,"column":13},"end":{"line":240,"column":31}},"63":{"start":{"line":245,"column":25},"end":{"line":245,"column":79}},"64":{"start":{"line":246,"column":18},"end":{"line":246,"column":63}},"65":{"start":{"line":247,"column":4},"end":{"line":253,"column":9}},"66":{"start":{"line":248,"column":6},"end":{"line":253,"column":9}},"67":{"start":{"line":249,"column":18},"end":{"line":249,"column":48}},"68":{"start":{"line":250,"column":8},"end":{"line":250,"column":30}},"69":{"start":{"line":251,"column":8},"end":{"line":251,"column":26}},"70":{"start":{"line":252,"column":8},"end":{"line":252,"column":29}},"71":{"start":{"line":256,"column":21},"end":{"line":256,"column":63}},"72":{"start":{"line":257,"column":4},"end":{"line":261,"column":9}},"73":{"start":{"line":258,"column":6},"end":{"line":261,"column":9}},"74":{"start":{"line":259,"column":8},"end":{"line":259,"column":53}},"75":{"start":{"line":260,"column":8},"end":{"line":260,"column":40}},"76":{"start":{"line":264,"column":27},"end":{"line":264,"column":69}},"77":{"start":{"line":265,"column":4},"end":{"line":275,"column":5}},"78":{"start":{"line":266,"column":21},"end":{"line":272,"column":10}},"79":{"start":{"line":267,"column":8},"end":{"line":271,"column":9}},"80":{"start":{"line":268,"column":10},"end":{"line":268,"column":90}},"81":{"start":{"line":270,"column":10},"end":{"line":270,"column":22}},"82":{"start":{"line":273,"column":6},"end":{"line":274,"column":151}},"83":{"start":{"line":274,"column":8},"end":{"line":274,"column":151}},"84":{"start":{"line":279,"column":2},"end":{"line":284,"column":3}},"85":{"start":{"line":280,"column":4},"end":{"line":280,"column":36}},"86":{"start":{"line":281,"column":4},"end":{"line":281,"column":53}},"87":{"start":{"line":285,"column":2},"end":{"line":287,"column":16}},"88":{"start":{"line":286,"column":4},"end":{"line":286,"column":82}},"89":{"start":{"line":288,"column":2},"end":{"line":288,"column":11}},"90":{"start":{"line":293,"column":2},"end":{"line":305,"column":5}},"91":{"start":{"line":294,"column":19},"end":{"line":294,"column":58}},"92":{"start":{"line":295,"column":4},"end":{"line":304,"column":5}},"93":{"start":{"line":296,"column":18},"end":{"line":296,"column":41}},"94":{"start":{"line":297,"column":6},"end":{"line":297,"column":59}},"95":{"start":{"line":298,"column":6},"end":{"line":298,"column":22}},"96":{"start":{"line":299,"column":6},"end":{"line":299,"column":42}},"97":{"start":{"line":300,"column":6},"end":{"line":300,"column":17}},"98":{"start":{"line":301,"column":6},"end":{"line":301,"column":30}},"99":{"start":{"line":302,"column":6},"end":{"line":302,"column":29}},"100":{"start":{"line":303,"column":6},"end":{"line":303,"column":73}}},"fnMap":{"0":{"name":"showOnboarding","decl":{"start":{"line":12,"column":9},"end":{"line":12,"column":23}},"loc":{"start":{"line":12,"column":26},"end":{"line":18,"column":1}},"line":12},"1":{"name":"(anonymous_1)","decl":{"start":{"line":17,"column":56},"end":{"line":17,"column":57}},"loc":{"start":{"line":17,"column":62},"end":{"line":17,"column":76}},"line":17},"2":{"name":"setAccessibility","decl":{"start":{"line":20,"column":9},"end":{"line":20,"column":25}},"loc":{"start":{"line":20,"column":28},"end":{"line":26,"column":1}},"line":20},"3":{"name":"backupProgress","decl":{"start":{"line":28,"column":9},"end":{"line":28,"column":23}},"loc":{"start":{"line":28,"column":34},"end":{"line":30,"column":1}},"line":28},"4":{"name":"syncProgress","decl":{"start":{"line":31,"column":9},"end":{"line":31,"column":21}},"loc":{"start":{"line":31,"column":24},"end":{"line":33,"column":1}},"line":31},"5":{"name":"updateLeaderboard","decl":{"start":{"line":35,"column":9},"end":{"line":35,"column":26}},"loc":{"start":{"line":35,"column":34},"end":{"line":37,"column":1}},"line":35},"6":{"name":"sendFeedback","decl":{"start":{"line":39,"column":9},"end":{"line":39,"column":21}},"loc":{"start":{"line":39,"column":32},"end":{"line":41,"column":1}},"line":39},"7":{"name":"logEvent","decl":{"start":{"line":43,"column":9},"end":{"line":43,"column":17}},"loc":{"start":{"line":43,"column":25},"end":{"line":45,"column":1}},"line":43},"8":{"name":"safeRun","decl":{"start":{"line":47,"column":9},"end":{"line":47,"column":16}},"loc":{"start":{"line":47,"column":21},"end":{"line":53,"column":1}},"line":47},"9":{"name":"showSettings","decl":{"start":{"line":55,"column":9},"end":{"line":55,"column":21}},"loc":{"start":{"line":55,"column":24},"end":{"line":57,"column":1}},"line":55},"10":{"name":"startDashboard","decl":{"start":{"line":59,"column":9},"end":{"line":59,"column":23}},"loc":{"start":{"line":59,"column":26},"end":{"line":63,"column":1}},"line":59},"11":{"name":"showDashboard","decl":{"start":{"line":74,"column":16},"end":{"line":74,"column":29}},"loc":{"start":{"line":74,"column":52},"end":{"line":289,"column":1}},"line":74},"12":{"name":"readSession","decl":{"start":{"line":86,"column":11},"end":{"line":86,"column":22}},"loc":{"start":{"line":86,"column":25},"end":{"line":93,"column":3}},"line":86},"13":{"name":"buildSidebar","decl":{"start":{"line":96,"column":11},"end":{"line":96,"column":23}},"loc":{"start":{"line":96,"column":30},"end":{"line":109,"column":3}},"line":96},"14":{"name":"render","decl":{"start":{"line":111,"column":11},"end":{"line":111,"column":17}},"loc":{"start":{"line":111,"column":20},"end":{"line":276,"column":3}},"line":111},"15":{"name":"(anonymous_15)","decl":{"start":{"line":142,"column":33},"end":{"line":142,"column":34}},"loc":{"start":{"line":142,"column":43},"end":{"line":142,"column":164}},"line":142},"16":{"name":"(anonymous_16)","decl":{"start":{"line":214,"column":18},"end":{"line":214,"column":19}},"loc":{"start":{"line":214,"column":28},"end":{"line":224,"column":5}},"line":214},"17":{"name":"(anonymous_17)","decl":{"start":{"line":215,"column":37},"end":{"line":215,"column":38}},"loc":{"start":{"line":215,"column":44},"end":{"line":223,"column":7}},"line":215},"18":{"name":"(anonymous_18)","decl":{"start":{"line":218,"column":63},"end":{"line":218,"column":64}},"loc":{"start":{"line":218,"column":70},"end":{"line":218,"column":95}},"line":218},"19":{"name":"(anonymous_19)","decl":{"start":{"line":221,"column":60},"end":{"line":221,"column":61}},"loc":{"start":{"line":221,"column":67},"end":{"line":221,"column":95}},"line":221},"20":{"name":"(anonymous_20)","decl":{"start":{"line":233,"column":42},"end":{"line":233,"column":43}},"loc":{"start":{"line":233,"column":48},"end":{"line":241,"column":7}},"line":233},"21":{"name":"(anonymous_21)","decl":{"start":{"line":248,"column":27},"end":{"line":248,"column":28}},"loc":{"start":{"line":248,"column":34},"end":{"line":253,"column":7}},"line":248},"22":{"name":"(anonymous_22)","decl":{"start":{"line":258,"column":41},"end":{"line":258,"column":42}},"loc":{"start":{"line":258,"column":47},"end":{"line":261,"column":7}},"line":258},"23":{"name":"(anonymous_23)","decl":{"start":{"line":266,"column":22},"end":{"line":266,"column":23}},"loc":{"start":{"line":266,"column":28},"end":{"line":272,"column":7}},"line":266},"24":{"name":"animateCharacters","decl":{"start":{"line":290,"column":9},"end":{"line":290,"column":26}},"loc":{"start":{"line":290,"column":29},"end":{"line":306,"column":1}},"line":290},"25":{"name":"(anonymous_25)","decl":{"start":{"line":293,"column":38},"end":{"line":293,"column":39}},"loc":{"start":{"line":293,"column":51},"end":{"line":305,"column":3}},"line":293}},"branchMap":{"0":{"loc":{"start":{"line":22,"column":2},"end":{"line":25,"column":3}},"type":"if","locations":[{"start":{"line":22,"column":2},"end":{"line":25,"column":3}},{"start":{},"end":{}}],"line":22},"1":{"loc":{"start":{"line":32,"column":20},"end":{"line":32,"column":69}},"type":"binary-expr","locations":[{"start":{"line":32,"column":20},"end":{"line":32,"column":61}},{"start":{"line":32,"column":65},"end":{"line":32,"column":69}}],"line":32},"2":{"loc":{"start":{"line":65,"column":0},"end":{"line":67,"column":1}},"type":"if","locations":[{"start":{"line":65,"column":0},"end":{"line":67,"column":1}},{"start":{},"end":{}}],"line":65},"3":{"loc":{"start":{"line":74,"column":41},"end":{"line":74,"column":50}},"type":"default-arg","locations":[{"start":{"line":74,"column":48},"end":{"line":74,"column":50}}],"line":74},"4":{"loc":{"start":{"line":76,"column":4},"end":{"line":76,"column":63}},"type":"if","locations":[{"start":{"line":76,"column":4},"end":{"line":76,"column":63}},{"start":{},"end":{}}],"line":76},"5":{"loc":{"start":{"line":87,"column":4},"end":{"line":87,"column":54}},"type":"if","locations":[{"start":{"line":87,"column":4},"end":{"line":87,"column":54}},{"start":{},"end":{}}],"line":87},"6":{"loc":{"start":{"line":89,"column":24},"end":{"line":89,"column":76}},"type":"binary-expr","locations":[{"start":{"line":89,"column":24},"end":{"line":89,"column":66}},{"start":{"line":89,"column":70},"end":{"line":89,"column":76}}],"line":89},"7":{"loc":{"start":{"line":94,"column":18},"end":{"line":94,"column":99}},"type":"binary-expr","locations":[{"start":{"line":94,"column":18},"end":{"line":94,"column":31}},{"start":{"line":94,"column":35},"end":{"line":94,"column":99}}],"line":94},"8":{"loc":{"start":{"line":105,"column":4},"end":{"line":107,"column":5}},"type":"if","locations":[{"start":{"line":105,"column":4},"end":{"line":107,"column":5}},{"start":{},"end":{}}],"line":105},"9":{"loc":{"start":{"line":121,"column":51},"end":{"line":121,"column":70}},"type":"binary-expr","locations":[{"start":{"line":121,"column":51},"end":{"line":121,"column":64}},{"start":{"line":121,"column":68},"end":{"line":121,"column":70}}],"line":121},"10":{"loc":{"start":{"line":125,"column":49},"end":{"line":125,"column":72}},"type":"binary-expr","locations":[{"start":{"line":125,"column":49},"end":{"line":125,"column":61}},{"start":{"line":125,"column":65},"end":{"line":125,"column":72}}],"line":125},"11":{"loc":{"start":{"line":126,"column":75},"end":{"line":126,"column":100}},"type":"binary-expr","locations":[{"start":{"line":126,"column":75},"end":{"line":126,"column":87}},{"start":{"line":126,"column":91},"end":{"line":126,"column":100}}],"line":126},"12":{"loc":{"start":{"line":147,"column":66},"end":{"line":147,"column":91}},"type":"binary-expr","locations":[{"start":{"line":147,"column":66},"end":{"line":147,"column":78}},{"start":{"line":147,"column":82},"end":{"line":147,"column":91}}],"line":147},"13":{"loc":{"start":{"line":220,"column":8},"end":{"line":220,"column":46}},"type":"if","locations":[{"start":{"line":220,"column":8},"end":{"line":220,"column":46}},{"start":{},"end":{}}],"line":220},"14":{"loc":{"start":{"line":228,"column":4},"end":{"line":228,"column":29}},"type":"if","locations":[{"start":{"line":228,"column":4},"end":{"line":228,"column":29}},{"start":{},"end":{}}],"line":228},"15":{"loc":{"start":{"line":232,"column":4},"end":{"line":242,"column":5}},"type":"if","locations":[{"start":{"line":232,"column":4},"end":{"line":242,"column":5}},{"start":{},"end":{}}],"line":232},"16":{"loc":{"start":{"line":239,"column":8},"end":{"line":240,"column":31}},"type":"if","locations":[{"start":{"line":239,"column":8},"end":{"line":240,"column":31}},{"start":{"line":240,"column":13},"end":{"line":240,"column":31}}],"line":239},"17":{"loc":{"start":{"line":247,"column":4},"end":{"line":253,"column":9}},"type":"if","locations":[{"start":{"line":247,"column":4},"end":{"line":253,"column":9}},{"start":{},"end":{}}],"line":247},"18":{"loc":{"start":{"line":257,"column":4},"end":{"line":261,"column":9}},"type":"if","locations":[{"start":{"line":257,"column":4},"end":{"line":261,"column":9}},{"start":{},"end":{}}],"line":257},"19":{"loc":{"start":{"line":265,"column":4},"end":{"line":275,"column":5}},"type":"if","locations":[{"start":{"line":265,"column":4},"end":{"line":275,"column":5}},{"start":{},"end":{}}],"line":265},"20":{"loc":{"start":{"line":268,"column":28},"end":{"line":268,"column":88}},"type":"binary-expr","locations":[{"start":{"line":268,"column":28},"end":{"line":268,"column":78}},{"start":{"line":268,"column":82},"end":{"line":268,"column":88}}],"line":268},"21":{"loc":{"start":{"line":273,"column":6},"end":{"line":274,"column":151}},"type":"if","locations":[{"start":{"line":273,"column":6},"end":{"line":274,"column":151}},{"start":{},"end":{}}],"line":273},"22":{"loc":{"start":{"line":273,"column":10},"end":{"line":273,"column":56}},"type":"binary-expr","locations":[{"start":{"line":273,"column":10},"end":{"line":273,"column":16}},{"start":{"line":273,"column":20},"end":{"line":273,"column":56}}],"line":273},"23":{"loc":{"start":{"line":295,"column":4},"end":{"line":304,"column":5}},"type":"if","locations":[{"start":{"line":295,"column":4},"end":{"line":304,"column":5}},{"start":{},"end":{}}],"line":295}},"s":{"0":0,"1":0,"2":0,"3":0,"4":0,"5":0,"6":0,"7":0,"8":0,"9":0,"10":0,"11":0,"12":0,"13":0,"14":0,"15":0,"16":0,"17":1,"18":1,"19":1,"20":1,"21":1,"22":1,"23":1,"24":1,"25":1,"26":0,"27":1,"28":1,"29":0,"30":1,"31":1,"32":1,"33":0,"34":1,"35":1,"36":1,"37":6,"38":1,"39":1,"40":6,"41":1,"42":1,"43":1,"44":7,"45":1,"46":1,"47":1,"48":1,"49":6,"50":1,"51":1,"52":1,"53":1,"54":1,"55":1,"56":1,"57":0,"58":0,"59":0,"60":0,"61":0,"62":0,"63":1,"64":1,"65":1,"66":1,"67":3,"68":3,"69":3,"70":3,"71":1,"72":1,"73":1,"74":0,"75":0,"76":1,"77":1,"78":0,"79":0,"80":0,"81":0,"82":0,"83":0,"84":1,"85":1,"86":1,"87":1,"88":1,"89":1,"90":0,"91":0,"92":0,"93":0,"94":0,"95":0,"96":0,"97":0,"98":0,"99":0,"100":0},"f":{"0":0,"1":0,"2":0,"3":0,"4":0,"5":0,"6":0,"7":0,"8":0,"9":0,"10":0,"11":1,"12":1,"13":1,"14":1,"15":6,"16":6,"17":1,"18":7,"19":6,"20":0,"21":3,"22":0,"23":0,"24":0,"25":0},"b":{"0":[0,0],"1":[0,0],"2":[1,0],"3":[0],"4":[1,0],"5":[0,1],"6":[1,1],"7":[1,1],"8":[0,1],"9":[1,0],"10":[1,0],"11":[1,0],"12":[1,0],"13":[1,0],"14":[1,0],"15":[1,0],"16":[0,0],"17":[1,0],"18":[1,0],"19":[0,1],"20":[0,0],"21":[0,0],"22":[0,0],"23":[0,0]},"_coverageSchema":"1a1c01bbd47fc00a2c39e90264f33305004495a9","hash":"e7a7029b7a988de653c024545a8f4e9e518a5aa5"}
,"/home/runner/work/windgapacademy/windgapacademy/components/gameHelpers.js": {"path":"/home/runner/work/windgapacademy/windgapacademy/components/gameHelpers.js","statementMap":{"0":{"start":{"line":4,"column":2},"end":{"line":4,"column":54}},"1":{"start":{"line":7,"column":2},"end":{"line":9,"column":3}},"2":{"start":{"line":8,"column":4},"end":{"line":8,"column":46}}},"fnMap":{"0":{"name":"launchGame","decl":{"start":{"line":2,"column":16},"end":{"line":2,"column":26}},"loc":{"start":{"line":2,"column":41},"end":{"line":10,"column":1}},"line":2}},"branchMap":{"0":{"loc":{"start":{"line":7,"column":2},"end":{"line":9,"column":3}},"type":"if","locations":[{"start":{"line":7,"column":2},"end":{"line":9,"column":3}},{"start":{},"end":{}}],"line":7}},"s":{"0":1,"1":1,"2":1},"f":{"0":1},"b":{"0":[1,0]},"_coverageSchema":"1a1c01bbd47fc00a2c39e90264f33305004495a9","hash":"2346094bba157bd6bcf3da439f286cc373190662"}
,"/home/runner/work/windgapacademy/windgapacademy/components/GameModules/DigitalSkillsGame.js": {"path":"/home/runner/work/windgapacademy/windgapacademy/components/GameModules/DigitalSkillsGame.js","statementMap":{"0":{"start":{"line":11,"column":15},"end":{"line":57,"column":3}},"1":{"start":{"line":58,"column":20},"end":{"line":58,"column":24}},"2":{"start":{"line":60,"column":4},"end":{"line":60,"column":23}},"3":{"start":{"line":61,"column":4},"end":{"line":61,"column":41}},"4":{"start":{"line":62,"column":4},"end":{"line":62,"column":62}},"5":{"start":{"line":63,"column":4},"end":{"line":63,"column":18}},"6":{"start":{"line":64,"column":4},"end":{"line":64,"column":17}},"7":{"start":{"line":69,"column":4},"end":{"line":77,"column":5}},"8":{"start":{"line":70,"column":6},"end":{"line":70,"column":11}},"9":{"start":{"line":72,"column":6},"end":{"line":76,"column":7}},"10":{"start":{"line":73,"column":8},"end":{"line":73,"column":46}},"11":{"start":{"line":75,"column":8},"end":{"line":75,"column":47}},"12":{"start":{"line":82,"column":4},"end":{"line":85,"column":5}},"13":{"start":{"line":83,"column":6},"end":{"line":83,"column":40}},"14":{"start":{"line":84,"column":6},"end":{"line":84,"column":19}},"15":{"start":{"line":86,"column":4},"end":{"line":86,"column":16}},"16":{"start":{"line":91,"column":16},"end":{"line":91,"column":61}},"17":{"start":{"line":92,"column":4},"end":{"line":104,"column":5}},"18":{"start":{"line":93,"column":6},"end":{"line":93,"column":44}},"19":{"start":{"line":94,"column":6},"end":{"line":94,"column":38}},"20":{"start":{"line":95,"column":6},"end":{"line":96,"column":159}},"21":{"start":{"line":97,"column":6},"end":{"line":101,"column":14}},"22":{"start":{"line":102,"column":6},"end":{"line":102,"column":39}},"23":{"start":{"line":103,"column":6},"end":{"line":103,"column":83}},"24":{"start":{"line":103,"column":68},"end":{"line":103,"column":82}},"25":{"start":{"line":109,"column":4},"end":{"line":109,"column":68}},"26":{"start":{"line":112,"column":4},"end":{"line":112,"column":82}},"27":{"start":{"line":117,"column":4},"end":{"line":117,"column":83}},"28":{"start":{"line":122,"column":4},"end":{"line":122,"column":18}},"29":{"start":{"line":123,"column":4},"end":{"line":137,"column":6}},"30":{"start":{"line":138,"column":4},"end":{"line":181,"column":6}},"31":{"start":{"line":139,"column":18},"end":{"line":139,"column":59}},"32":{"start":{"line":140,"column":6},"end":{"line":179,"column":7}},"33":{"start":{"line":141,"column":8},"end":{"line":141,"column":46}},"34":{"start":{"line":142,"column":8},"end":{"line":142,"column":36}},"35":{"start":{"line":143,"column":8},"end":{"line":144,"column":179}},"36":{"start":{"line":145,"column":8},"end":{"line":165,"column":10}},"37":{"start":{"line":166,"column":8},"end":{"line":166,"column":41}},"38":{"start":{"line":167,"column":8},"end":{"line":167,"column":81}},"39":{"start":{"line":167,"column":66},"end":{"line":167,"column":80}},"40":{"start":{"line":168,"column":8},"end":{"line":168,"column":69}},"41":{"start":{"line":169,"column":8},"end":{"line":169,"column":75}},"42":{"start":{"line":170,"column":8},"end":{"line":170,"column":61}},"43":{"start":{"line":171,"column":8},"end":{"line":171,"column":71}},"44":{"start":{"line":172,"column":8},"end":{"line":172,"column":67}},"45":{"start":{"line":173,"column":8},"end":{"line":176,"column":10}},"46":{"start":{"line":174,"column":10},"end":{"line":174,"column":38}},"47":{"start":{"line":175,"column":10},"end":{"line":175,"column":25}},"48":{"start":{"line":178,"column":8},"end":{"line":178,"column":38}},"49":{"start":{"line":180,"column":6},"end":{"line":180,"column":20}},"50":{"start":{"line":182,"column":4},"end":{"line":182,"column":75}},"51":{"start":{"line":183,"column":4},"end":{"line":183,"column":75}},"52":{"start":{"line":184,"column":4},"end":{"line":184,"column":71}},"53":{"start":{"line":185,"column":4},"end":{"line":185,"column":69}},"54":{"start":{"line":186,"column":4},"end":{"line":186,"column":18}},"55":{"start":{"line":187,"column":4},"end":{"line":190,"column":6}},"56":{"start":{"line":188,"column":6},"end":{"line":188,"column":32}},"57":{"start":{"line":189,"column":6},"end":{"line":189,"column":20}},"58":{"start":{"line":192,"column":25},"end":{"line":192,"column":69}},"59":{"start":{"line":193,"column":4},"end":{"line":203,"column":5}},"60":{"start":{"line":194,"column":6},"end":{"line":194,"column":20}},"61":{"start":{"line":195,"column":6},"end":{"line":195,"column":212}},"62":{"start":{"line":196,"column":6},"end":{"line":202,"column":8}},"63":{"start":{"line":197,"column":8},"end":{"line":197,"column":22}},"64":{"start":{"line":198,"column":20},"end":{"line":198,"column":59}},"65":{"start":{"line":199,"column":8},"end":{"line":201,"column":9}},"66":{"start":{"line":200,"column":10},"end":{"line":200,"column":122}},"67":{"start":{"line":205,"column":4},"end":{"line":208,"column":7}},"68":{"start":{"line":209,"column":4},"end":{"line":212,"column":7}},"69":{"start":{"line":214,"column":4},"end":{"line":214,"column":31}},"70":{"start":{"line":216,"column":2},"end":{"line":216,"column":28}},"71":{"start":{"line":220,"column":4},"end":{"line":243,"column":7}},"72":{"start":{"line":221,"column":6},"end":{"line":242,"column":7}},"73":{"start":{"line":222,"column":8},"end":{"line":222,"column":41}},"74":{"start":{"line":223,"column":8},"end":{"line":237,"column":10}},"75":{"start":{"line":224,"column":20},"end":{"line":224,"column":49}},"76":{"start":{"line":225,"column":10},"end":{"line":225,"column":36}},"77":{"start":{"line":226,"column":10},"end":{"line":226,"column":70}},"78":{"start":{"line":227,"column":10},"end":{"line":227,"column":42}},"79":{"start":{"line":228,"column":10},"end":{"line":228,"column":40}},"80":{"start":{"line":229,"column":10},"end":{"line":229,"column":35}},"81":{"start":{"line":230,"column":10},"end":{"line":230,"column":40}},"82":{"start":{"line":231,"column":10},"end":{"line":231,"column":41}},"83":{"start":{"line":232,"column":10},"end":{"line":232,"column":69}},"84":{"start":{"line":233,"column":10},"end":{"line":233,"column":66}},"85":{"start":{"line":234,"column":10},"end":{"line":234,"column":34}},"86":{"start":{"line":235,"column":10},"end":{"line":235,"column":36}},"87":{"start":{"line":236,"column":10},"end":{"line":236,"column":41}},"88":{"start":{"line":238,"column":8},"end":{"line":241,"column":10}},"89":{"start":{"line":239,"column":20},"end":{"line":239,"column":61}},"90":{"start":{"line":240,"column":10},"end":{"line":240,"column":32}},"91":{"start":{"line":240,"column":19},"end":{"line":240,"column":32}},"92":{"start":{"line":248,"column":16},"end":{"line":248,"column":59}},"93":{"start":{"line":249,"column":4},"end":{"line":271,"column":5}},"94":{"start":{"line":250,"column":6},"end":{"line":250,"column":44}},"95":{"start":{"line":251,"column":6},"end":{"line":251,"column":36}},"96":{"start":{"line":252,"column":6},"end":{"line":253,"column":159}},"97":{"start":{"line":254,"column":6},"end":{"line":260,"column":14}},"98":{"start":{"line":261,"column":6},"end":{"line":261,"column":39}},"99":{"start":{"line":262,"column":6},"end":{"line":262,"column":81}},"100":{"start":{"line":262,"column":66},"end":{"line":262,"column":80}},"101":{"start":{"line":263,"column":6},"end":{"line":266,"column":8}},"102":{"start":{"line":264,"column":8},"end":{"line":264,"column":23}},"103":{"start":{"line":265,"column":8},"end":{"line":265,"column":26}},"104":{"start":{"line":267,"column":6},"end":{"line":270,"column":8}},"105":{"start":{"line":268,"column":8},"end":{"line":268,"column":23}},"106":{"start":{"line":269,"column":8},"end":{"line":269,"column":26}},"107":{"start":{"line":274,"column":16},"end":{"line":274,"column":52}},"108":{"start":{"line":275,"column":4},"end":{"line":287,"column":5}},"109":{"start":{"line":276,"column":6},"end":{"line":276,"column":44}},"110":{"start":{"line":277,"column":6},"end":{"line":277,"column":29}},"111":{"start":{"line":278,"column":6},"end":{"line":279,"column":159}},"112":{"start":{"line":280,"column":6},"end":{"line":284,"column":14}},"113":{"start":{"line":285,"column":6},"end":{"line":285,"column":39}},"114":{"start":{"line":286,"column":6},"end":{"line":286,"column":74}},"115":{"start":{"line":286,"column":59},"end":{"line":286,"column":73}},"116":{"start":{"line":292,"column":4},"end":{"line":292,"column":36}},"117":{"start":{"line":295,"column":4},"end":{"line":295,"column":34}},"118":{"start":{"line":298,"column":2},"end":{"line":308,"column":4}},"119":{"start":{"line":309,"column":22},"end":{"line":309,"column":62}},"120":{"start":{"line":310,"column":2},"end":{"line":351,"column":3}},"121":{"start":{"line":311,"column":4},"end":{"line":350,"column":6}},"122":{"start":{"line":312,"column":18},"end":{"line":312,"column":60}},"123":{"start":{"line":313,"column":6},"end":{"line":348,"column":7}},"124":{"start":{"line":314,"column":8},"end":{"line":314,"column":46}},"125":{"start":{"line":315,"column":8},"end":{"line":315,"column":36}},"126":{"start":{"line":316,"column":8},"end":{"line":317,"column":179}},"127":{"start":{"line":318,"column":8},"end":{"line":335,"column":12}},"128":{"start":{"line":336,"column":8},"end":{"line":336,"column":37}},"129":{"start":{"line":337,"column":8},"end":{"line":337,"column":78}},"130":{"start":{"line":337,"column":63},"end":{"line":337,"column":77}},"131":{"start":{"line":338,"column":8},"end":{"line":338,"column":72}},"132":{"start":{"line":339,"column":8},"end":{"line":339,"column":58}},"133":{"start":{"line":340,"column":8},"end":{"line":340,"column":68}},"134":{"start":{"line":341,"column":8},"end":{"line":341,"column":64}},"135":{"start":{"line":342,"column":8},"end":{"line":345,"column":10}},"136":{"start":{"line":343,"column":10},"end":{"line":343,"column":38}},"137":{"start":{"line":344,"column":10},"end":{"line":344,"column":25}},"138":{"start":{"line":347,"column":8},"end":{"line":347,"column":38}},"139":{"start":{"line":349,"column":6},"end":{"line":349,"column":20}},"140":{"start":{"line":352,"column":2},"end":{"line":352,"column":16}},"141":{"start":{"line":353,"column":20},"end":{"line":353,"column":62}},"142":{"start":{"line":354,"column":2},"end":{"line":358,"column":3}},"143":{"start":{"line":355,"column":4},"end":{"line":357,"column":6}},"144":{"start":{"line":356,"column":6},"end":{"line":356,"column":32}},"145":{"start":{"line":373,"column":18},"end":{"line":373,"column":47}},"146":{"start":{"line":374,"column":4},"end":{"line":374,"column":41}},"147":{"start":{"line":375,"column":4},"end":{"line":375,"column":198}},"148":{"start":{"line":376,"column":4},"end":{"line":376,"column":37}},"149":{"start":{"line":377,"column":4},"end":{"line":377,"column":79}},"150":{"start":{"line":377,"column":64},"end":{"line":377,"column":78}},"151":{"start":{"line":382,"column":19},"end":{"line":382,"column":65}},"152":{"start":{"line":383,"column":4},"end":{"line":386,"column":5}},"153":{"start":{"line":384,"column":6},"end":{"line":384,"column":44}},"154":{"start":{"line":385,"column":6},"end":{"line":385,"column":63}},"155":{"start":{"line":391,"column":4},"end":{"line":391,"column":76}},"156":{"start":{"line":394,"column":4},"end":{"line":394,"column":77}},"157":{"start":{"line":414,"column":4},"end":{"line":418,"column":5}},"158":{"start":{"line":415,"column":6},"end":{"line":415,"column":11}},"159":{"start":{"line":417,"column":6},"end":{"line":417,"column":33}},"160":{"start":{"line":428,"column":4},"end":{"line":428,"column":21}},"161":{"start":{"line":429,"column":4},"end":{"line":429,"column":23}},"162":{"start":{"line":434,"column":2},"end":{"line":436,"column":3}},"163":{"start":{"line":435,"column":4},"end":{"line":435,"column":61}},"164":{"start":{"line":438,"column":14},"end":{"line":438,"column":52}},"165":{"start":{"line":439,"column":2},"end":{"line":439,"column":28}},"166":{"start":{"line":441,"column":18},"end":{"line":441,"column":60}},"167":{"start":{"line":442,"column":2},"end":{"line":442,"column":33}},"168":{"start":{"line":466,"column":2},"end":{"line":475,"column":5}},"169":{"start":{"line":467,"column":4},"end":{"line":474,"column":5}},"170":{"start":{"line":469,"column":24},"end":{"line":469,"column":98}},"171":{"start":{"line":470,"column":20},"end":{"line":470,"column":61}},"172":{"start":{"line":471,"column":19},"end":{"line":471,"column":60}},"173":{"start":{"line":472,"column":6},"end":{"line":472,"column":29}},"174":{"start":{"line":472,"column":16},"end":{"line":472,"column":29}},"175":{"start":{"line":473,"column":6},"end":{"line":473,"column":25}},"176":{"start":{"line":478,"column":22},"end":{"line":478,"column":68}},"177":{"start":{"line":479,"column":2},"end":{"line":479,"column":81}},"178":{"start":{"line":479,"column":19},"end":{"line":479,"column":81}},"179":{"start":{"line":480,"column":20},"end":{"line":480,"column":64}},"180":{"start":{"line":481,"column":2},"end":{"line":481,"column":63}},"181":{"start":{"line":481,"column":17},"end":{"line":481,"column":63}},"182":{"start":{"line":493,"column":0},"end":{"line":496,"column":3}},"183":{"start":{"line":494,"column":2},"end":{"line":494,"column":18}},"184":{"start":{"line":495,"column":2},"end":{"line":495,"column":29}}},"fnMap":{"0":{"name":"showDigitalSkillsGame","decl":{"start":{"line":9,"column":16},"end":{"line":9,"column":37}},"loc":{"start":{"line":9,"column":49},"end":{"line":443,"column":1}},"line":9},"1":{"name":"setLanguage","decl":{"start":{"line":59,"column":11},"end":{"line":59,"column":22}},"loc":{"start":{"line":59,"column":29},"end":{"line":65,"column":3}},"line":59},"2":{"name":"errorBoundary","decl":{"start":{"line":68,"column":11},"end":{"line":68,"column":24}},"loc":{"start":{"line":68,"column":29},"end":{"line":78,"column":3}},"line":68},"3":{"name":"validateInput","decl":{"start":{"line":81,"column":11},"end":{"line":81,"column":24}},"loc":{"start":{"line":81,"column":32},"end":{"line":87,"column":3}},"line":81},"4":{"name":"showAchievements","decl":{"start":{"line":90,"column":11},"end":{"line":90,"column":27}},"loc":{"start":{"line":90,"column":30},"end":{"line":105,"column":3}},"line":90},"5":{"name":"(anonymous_5)","decl":{"start":{"line":103,"column":62},"end":{"line":103,"column":63}},"loc":{"start":{"line":103,"column":68},"end":{"line":103,"column":82}},"line":103},"6":{"name":"showEducatorFeedback","decl":{"start":{"line":108,"column":11},"end":{"line":108,"column":31}},"loc":{"start":{"line":108,"column":34},"end":{"line":110,"column":3}},"line":108},"7":{"name":"showParentFeedback","decl":{"start":{"line":111,"column":11},"end":{"line":111,"column":29}},"loc":{"start":{"line":111,"column":32},"end":{"line":113,"column":3}},"line":111},"8":{"name":"showAnalytics","decl":{"start":{"line":116,"column":11},"end":{"line":116,"column":24}},"loc":{"start":{"line":116,"column":27},"end":{"line":118,"column":3}},"line":116},"9":{"name":"renderGame","decl":{"start":{"line":121,"column":11},"end":{"line":121,"column":21}},"loc":{"start":{"line":121,"column":24},"end":{"line":215,"column":3}},"line":121},"10":{"name":"(anonymous_10)","decl":{"start":{"line":138,"column":54},"end":{"line":138,"column":55}},"loc":{"start":{"line":138,"column":66},"end":{"line":181,"column":5}},"line":138},"11":{"name":"(anonymous_11)","decl":{"start":{"line":167,"column":60},"end":{"line":167,"column":61}},"loc":{"start":{"line":167,"column":66},"end":{"line":167,"column":80}},"line":167},"12":{"name":"(anonymous_12)","decl":{"start":{"line":173,"column":62},"end":{"line":173,"column":63}},"loc":{"start":{"line":173,"column":69},"end":{"line":176,"column":9}},"line":173},"13":{"name":"(anonymous_13)","decl":{"start":{"line":187,"column":56},"end":{"line":187,"column":57}},"loc":{"start":{"line":187,"column":68},"end":{"line":190,"column":5}},"line":187},"14":{"name":"(anonymous_14)","decl":{"start":{"line":196,"column":57},"end":{"line":196,"column":58}},"loc":{"start":{"line":196,"column":69},"end":{"line":202,"column":7}},"line":196},"15":{"name":"addTooltips","decl":{"start":{"line":219,"column":11},"end":{"line":219,"column":22}},"loc":{"start":{"line":219,"column":25},"end":{"line":244,"column":3}},"line":219},"16":{"name":"(anonymous_16)","decl":{"start":{"line":220,"column":62},"end":{"line":220,"column":63}},"loc":{"start":{"line":220,"column":70},"end":{"line":243,"column":5}},"line":220},"17":{"name":"(anonymous_17)","decl":{"start":{"line":223,"column":38},"end":{"line":223,"column":39}},"loc":{"start":{"line":223,"column":50},"end":{"line":237,"column":9}},"line":223},"18":{"name":"(anonymous_18)","decl":{"start":{"line":238,"column":36},"end":{"line":238,"column":37}},"loc":{"start":{"line":238,"column":48},"end":{"line":241,"column":9}},"line":238},"19":{"name":"showOnboarding","decl":{"start":{"line":247,"column":11},"end":{"line":247,"column":25}},"loc":{"start":{"line":247,"column":28},"end":{"line":272,"column":3}},"line":247},"20":{"name":"(anonymous_20)","decl":{"start":{"line":262,"column":60},"end":{"line":262,"column":61}},"loc":{"start":{"line":262,"column":66},"end":{"line":262,"column":80}},"line":262},"21":{"name":"(anonymous_21)","decl":{"start":{"line":263,"column":60},"end":{"line":263,"column":61}},"loc":{"start":{"line":263,"column":66},"end":{"line":266,"column":7}},"line":263},"22":{"name":"(anonymous_22)","decl":{"start":{"line":267,"column":60},"end":{"line":267,"column":61}},"loc":{"start":{"line":267,"column":66},"end":{"line":270,"column":7}},"line":267},"23":{"name":"showFAQ","decl":{"start":{"line":273,"column":11},"end":{"line":273,"column":18}},"loc":{"start":{"line":273,"column":21},"end":{"line":288,"column":3}},"line":273},"24":{"name":"(anonymous_24)","decl":{"start":{"line":286,"column":53},"end":{"line":286,"column":54}},"loc":{"start":{"line":286,"column":59},"end":{"line":286,"column":73}},"line":286},"25":{"name":"backupProgress","decl":{"start":{"line":291,"column":11},"end":{"line":291,"column":25}},"loc":{"start":{"line":291,"column":28},"end":{"line":293,"column":3}},"line":291},"26":{"name":"syncProgress","decl":{"start":{"line":294,"column":11},"end":{"line":294,"column":23}},"loc":{"start":{"line":294,"column":26},"end":{"line":296,"column":3}},"line":294},"27":{"name":"(anonymous_27)","decl":{"start":{"line":311,"column":26},"end":{"line":311,"column":27}},"loc":{"start":{"line":311,"column":38},"end":{"line":350,"column":5}},"line":311},"28":{"name":"(anonymous_28)","decl":{"start":{"line":337,"column":57},"end":{"line":337,"column":58}},"loc":{"start":{"line":337,"column":63},"end":{"line":337,"column":77}},"line":337},"29":{"name":"(anonymous_29)","decl":{"start":{"line":342,"column":59},"end":{"line":342,"column":60}},"loc":{"start":{"line":342,"column":66},"end":{"line":345,"column":9}},"line":342},"30":{"name":"(anonymous_30)","decl":{"start":{"line":355,"column":24},"end":
[...]
ne":235,"column":25},"end":{"line":235,"column":64}},"111":{"start":{"line":236,"column":2},"end":{"line":240,"column":3}},"112":{"start":{"line":237,"column":4},"end":{"line":239,"column":6}},"113":{"start":{"line":238,"column":6},"end":{"line":238,"column":32}},"114":{"start":{"line":243,"column":14},"end":{"line":243,"column":50}},"115":{"start":{"line":244,"column":2},"end":{"line":244,"column":37}},"116":{"start":{"line":244,"column":11},"end":{"line":244,"column":37}},"117":{"start":{"line":246,"column":18},"end":{"line":246,"column":58}},"118":{"start":{"line":247,"column":2},"end":{"line":247,"column":46}},"119":{"start":{"line":247,"column":15},"end":{"line":247,"column":46}},"120":{"start":{"line":253,"column":2},"end":{"line":253,"column":53}},"121":{"start":{"line":257,"column":2},"end":{"line":257,"column":57}},"122":{"start":{"line":261,"column":2},"end":{"line":261,"column":63}},"123":{"start":{"line":265,"column":2},"end":{"line":265,"column":59}},"124":{"start":{"line":269,"column":2},"end":{"line":269,"column":49}},"125":{"start":{"line":273,"column":2},"end":{"line":273,"column":52}},"126":{"start":{"line":277,"column":2},"end":{"line":277,"column":46}},"127":{"start":{"line":281,"column":2},"end":{"line":281,"column":55}},"128":{"start":{"line":285,"column":2},"end":{"line":285,"column":50}},"129":{"start":{"line":289,"column":2},"end":{"line":289,"column":45}},"130":{"start":{"line":299,"column":2},"end":{"line":299,"column":47}},"131":{"start":{"line":303,"column":2},"end":{"line":303,"column":44}},"132":{"start":{"line":308,"column":2},"end":{"line":308,"column":43}},"133":{"start":{"line":316,"column":2},"end":{"line":316,"column":73}}},"fnMap":{"0":{"name":"getRandomAmount","decl":{"start":{"line":8,"column":9},"end":{"line":8,"column":24}},"loc":{"start":{"line":8,"column":27},"end":{"line":13,"column":1}},"line":8},"1":{"name":"renderCurrencyOptions","decl":{"start":{"line":15,"column":9},"end":{"line":15,"column":30}},"loc":{"start":{"line":15,"column":42},"end":{"line":33,"column":1}},"line":15},"2":{"name":"(anonymous_2)","decl":{"start":{"line":19,"column":20},"end":{"line":19,"column":21}},"loc":{"start":{"line":19,"column":30},"end":{"line":25,"column":3}},"line":19},"3":{"name":"(anonymous_3)","decl":{"start":{"line":23,"column":18},"end":{"line":23,"column":19}},"loc":{"start":{"line":23,"column":24},"end":{"line":23,"column":50}},"line":23},"4":{"name":"(anonymous_4)","decl":{"start":{"line":26,"column":20},"end":{"line":26,"column":21}},"loc":{"start":{"line":26,"column":30},"end":{"line":32,"column":3}},"line":26},"5":{"name":"(anonymous_5)","decl":{"start":{"line":30,"column":18},"end":{"line":30,"column":19}},"loc":{"start":{"line":30,"column":24},"end":{"line":30,"column":44}},"line":30},"6":{"name":"selectCurrency","decl":{"start":{"line":38,"column":9},"end":{"line":38,"column":23}},"loc":{"start":{"line":38,"column":31},"end":{"line":41,"column":1}},"line":38},"7":{"name":"updateGameStatus","decl":{"start":{"line":43,"column":9},"end":{"line":43,"column":25}},"loc":{"start":{"line":43,"column":28},"end":{"line":56,"column":1}},"line":43},"8":{"name":"startNewRound","decl":{"start":{"line":58,"column":9},"end":{"line":58,"column":22}},"loc":{"start":{"line":58,"column":25},"end":{"line":62,"column":1}},"line":58},"9":{"name":"showMoneySkillsGame","decl":{"start":{"line":66,"column":16},"end":{"line":66,"column":35}},"loc":{"start":{"line":66,"column":62},"end":{"line":248,"column":1}},"line":66},"10":{"name":"setLanguage","decl":{"start":{"line":98,"column":11},"end":{"line":98,"column":22}},"loc":{"start":{"line":98,"column":29},"end":{"line":103,"column":3}},"line":98},"11":{"name":"addTooltips","decl":{"start":{"line":106,"column":11},"end":{"line":106,"column":22}},"loc":{"start":{"line":106,"column":25},"end":{"line":131,"column":3}},"line":106},"12":{"name":"(anonymous_12)","decl":{"start":{"line":107,"column":62},"end":{"line":107,"column":63}},"loc":{"start":{"line":107,"column":70},"end":{"line":130,"column":5}},"line":107},"13":{"name":"(anonymous_13)","decl":{"start":{"line":110,"column":38},"end":{"line":110,"column":39}},"loc":{"start":{"line":110,"column":50},"end":{"line":124,"column":9}},"line":110},"14":{"name":"(anonymous_14)","decl":{"start":{"line":125,"column":36},"end":{"line":125,"column":37}},"loc":{"start":{"line":125,"column":48},"end":{"line":128,"column":9}},"line":125},"15":{"name":"showOnboarding","decl":{"start":{"line":134,"column":11},"end":{"line":134,"column":25}},"loc":{"start":{"line":134,"column":28},"end":{"line":149,"column":3}},"line":134},"16":{"name":"(anonymous_16)","decl":{"start":{"line":147,"column":60},"end":{"line":147,"column":61}},"loc":{"start":{"line":147,"column":66},"end":{"line":147,"column":80}},"line":147},"17":{"name":"showFAQ","decl":{"start":{"line":150,"column":11},"end":{"line":150,"column":18}},"loc":{"start":{"line":150,"column":21},"end":{"line":165,"column":3}},"line":150},"18":{"name":"(anonymous_18)","decl":{"start":{"line":163,"column":53},"end":{"line":163,"column":54}},"loc":{"start":{"line":163,"column":59},"end":{"line":163,"column":73}},"line":163},"19":{"name":"backupProgress","decl":{"start":{"line":168,"column":11},"end":{"line":168,"column":25}},"loc":{"start":{"line":168,"column":28},"end":{"line":170,"column":3}},"line":168},"20":{"name":"syncProgress","decl":{"start":{"line":171,"column":11},"end":{"line":171,"column":23}},"loc":{"start":{"line":171,"column":26},"end":{"line":173,"column":3}},"line":171},"21":{"name":"(anonymous_21)","decl":{"start":{"line":191,"column":52},"end":{"line":191,"column":53}},"loc":{"start":{"line":191,"column":64},"end":{"line":233,"column":3}},"line":191},"22":{"name":"(anonymous_22)","decl":{"start":{"line":220,"column":58},"end":{"line":220,"column":59}},"loc":{"start":{"line":220,"column":64},"end":{"line":220,"column":78}},"line":220},"23":{"name":"(anonymous_23)","decl":{"start":{"line":225,"column":60},"end":{"line":225,"column":61}},"loc":{"start":{"line":225,"column":67},"end":{"line":228,"column":7}},"line":225},"24":{"name":"(anonymous_24)","decl":{"start":{"line":237,"column":29},"end":{"line":237,"column":30}},"loc":{"start":{"line":237,"column":41},"end":{"line":239,"column":5}},"line":237},"25":{"name":"openParentFeedback","decl":{"start":{"line":251,"column":9},"end":{"line":251,"column":27}},"loc":{"start":{"line":251,"column":30},"end":{"line":254,"column":1}},"line":251},"26":{"name":"showThemeCustomization","decl":{"start":{"line":255,"column":9},"end":{"line":255,"column":31}},"loc":{"start":{"line":255,"column":34},"end":{"line":258,"column":1}},"line":255},"27":{"name":"showChallengesAndLeaderboard","decl":{"start":{"line":259,"column":9},"end":{"line":259,"column":37}},"loc":{"start":{"line":259,"column":40},"end":{"line":262,"column":1}},"line":259},"28":{"name":"enableSignLanguageAvatar","decl":{"start":{"line":263,"column":9},"end":{"line":263,"column":33}},"loc":{"start":{"line":263,"column":36},"end":{"line":266,"column":1}},"line":263},"29":{"name":"enableARVRMode","decl":{"start":{"line":267,"column":9},"end":{"line":267,"column":23}},"loc":{"start":{"line":267,"column":26},"end":{"line":270,"column":1}},"line":267},"30":{"name":"enableOfflineMode","decl":{"start":{"line":271,"column":9},"end":{"line":271,"column":26}},"loc":{"start":{"line":271,"column":29},"end":{"line":274,"column":1}},"line":271},"31":{"name":"setLanguage","decl":{"start":{"line":275,"column":9},"end":{"line":275,"column":20}},"loc":{"start":{"line":275,"column":27},"end":{"line":278,"column":1}},"line":275},"32":{"name":"showLanguageSelector","decl":{"start":{"line":279,"column":9},"end":{"line":279,"column":29}},"loc":{"start":{"line":279,"column":32},"end":{"line":282,"column":1}},"line":279},"33":{"name":"startOnboarding","decl":{"start":{"line":283,"column":9},"end":{"line":283,"column":24}},"loc":{"start":{"line":283,"column":27},"end":{"line":286,"column":1}},"line":283},"34":{"name":"backupData","decl":{"start":{"line":287,"column":9},"end":{"line":287,"column":19}},"loc":{"start":{"line":287,"column":22},"end":{"line":290,"column":1}},"line":287},"35":{"name":"trackEvent","decl":{"start":{"line":297,"column":9},"end":{"line":297,"column":19}},"loc":{"start":{"line":297,"column":33},"end":{"line":300,"column":1}},"line":297},"36":{"name":"showAnalyticsDashboard","decl":{"start":{"line":301,"column":9},"end":{"line":301,"column":31}},"loc":{"start":{"line":301,"column":34},"end":{"line":304,"column":1}},"line":301},"37":{"name":"showEducatorDashboard","decl":{"start":{"line":306,"column":9},"end":{"line":306,"column":30}},"loc":{"start":{"line":306,"column":33},"end":{"line":309,"column":1}},"line":306},"38":{"name":"openContentCreationTools","decl":{"start":{"line":310,"column":9},"end":{"line":310,"column":33}},"loc":{"start":{"line":310,"column":36},"end":{"line":312,"column":1}},"line":310},"39":{"name":"showCommunityFeatures","decl":{"start":{"line":314,"column":9},"end":{"line":314,"column":30}},"loc":{"start":{"line":314,"column":33},"end":{"line":317,"column":1}},"line":314}},"branchMap":{"0":{"loc":{"start":{"line":17,"column":2},"end":{"line":17,"column":27}},"type":"if","locations":[{"start":{"line":17,"column":2},"end":{"line":17,"column":27}},{"start":{},"end":{}}],"line":17},"1":{"loc":{"start":{"line":45,"column":2},"end":{"line":45,"column":25}},"type":"if","locations":[{"start":{"line":45,"column":2},"end":{"line":45,"column":25}},{"start":{},"end":{}}],"line":45},"2":{"loc":{"start":{"line":47,"column":2},"end":{"line":55,"column":3}},"type":"if","locations":[{"start":{"line":47,"column":2},"end":{"line":55,"column":3}},{"start":{"line":51,"column":9},"end":{"line":55,"column":3}}],"line":47},"3":{"loc":{"start":{"line":51,"column":9},"end":{"line":55,"column":3}},"type":"if","locations":[{"start":{"line":51,"column":9},"end":{"line":55,"column":3}},{"start":{},"end":{}}],"line":51},"4":{"loc":{"start":{"line":66,"column":47},"end":{"line":66,"column":60}},"type":"default-arg","locations":[{"start":{"line":66,"column":58},"end":{"line":66,"column":60}}],"line":66},"5":{"loc":{"start":{"line":101,"column":24},"end":{"line":101,"column":61}},"type":"cond-expr","locations":[{"start":{"line":101,"column":48},"end":{"line":101,"column":53}},{"start":{"line":101,"column":56},"end":{"line":101,"column":61}}],"line":101},"6":{"loc":{"start":{"line":108,"column":6},"end":{"line":129,"column":7}},"type":"if","locations":[{"start":{"line":108,"column":6},"end":{"line":129,"column":7}},{"start":{},"end":{}}],"line":108},"7":{"loc":{"start":{"line":108,"column":10},"end":{"line":108,"column":51}},"type":"binary-expr","locations":[{"start":{"line":108,"column":10},"end":{"line":108,"column":18}},{"start":{"line":108,"column":22},"end":{"line":108,"column":51}}],"line":108},"8":{"loc":{"start":{"line":113,"column":28},"end":{"line":113,"column":69}},"type":"binary-expr","locations":[{"start":{"line":113,"column":28},"end":{"line":113,"column":36}},{"start":{"line":113,"column":40},"end":{"line":113,"column":69}}],"line":113},"9":{"loc":{"start":{"line":127,"column":10},"end":{"line":127,"column":32}},"type":"if","locations":[{"start":{"line":127,"column":10},"end":{"line":127,"column":32}},{"start":{},"end":{}}],"line":127},"10":{"loc":{"start":{"line":136,"column":4},"end":{"line":148,"column":5}},"type":"if","locations":[{"start":{"line":136,"column":4},"end":{"line":148,"column":5}},{"start":{},"end":{}}],"line":136},"11":{"loc":{"start":{"line":152,"column":4},"end":{"line":164,"column":5}},"type":"if","locations":[{"start":{"line":152,"column":4},"end":{"line":164,"column":5}},{"start":{},"end":{}}],"line":152},"12":{"loc":{"start":{"line":193,"column":4},"end":{"line":231,"column":5}},"type":"if","locations":[{"start":{"line":193,"column":4},"end":{"line":231,"column":5}},{"start":{"line":229,"column":11},"end":{"line":231,"column":5}}],"line":193},"13":{"loc":{"start":{"line":236,"column":2},"end":{"line":240,"column":3}},"type":"if","locations":[{"start":{"line":236,"column":2},"end":{"line":240,"column":3}},{"start":{},"end":{}}],"line":236},"14":{"loc":{"start":{"line":244,"column":2},"end":{"line":244,"column":37}},"type":"if","locations":[{"start":{"line":244,"column":2},"end":{"line":244,"column":37}},{"start":{},"end":{}}],"line":244},"15":{"loc":{"start":{"line":247,"column":2},"end":{"line":247,"column":46}},"type":"if","locations":[{"start":{"line":247,"column":2},"end":{"line":247,"column":46}},{"start":{},"end":{}}],"line":247}},"s":{"0":1,"1":1,"2":0,"3":0,"4":0,"5":0,"6":0,"7":0,"8":0,"9":0,"10":0,"11":0,"12":0,"13":0,"14":0,"15":0,"16":0,"17":0,"18":0,"19":0,"20":0,"21":0,"22":0,"23":1,"24":1,"25":0,"26":0,"27":0,"28":0,"29":0,"30":0,"31":0,"32":0,"33":0,"34":0,"35":0,"36":0,"37":0,"38":0,"39":0,"40":0,"41":0,"42":1,"43":1,"44":0,"45":0,"46":0,"47":0,"48":2,"49":18,"50":10,"51":10,"52":0,"53":0,"54":0,"55":0,"56":0,"57":0,"58":0,"59":0,"60":0,"61":0,"62":0,"63":0,"64":0,"65":10,"66":0,"67":0,"68":0,"69":0,"70":0,"71":0,"72":0,"73":0,"74":0,"75":0,"76":0,"77":0,"78":0,"79":0,"80":0,"81":0,"82":0,"83":0,"84":0,"85":0,"86":0,"87":0,"88":0,"89":1,"90":1,"91":1,"92":1,"93":1,"94":1,"95":1,"96":1,"97":1,"98":1,"99":0,"100":1,"101":1,"102":1,"103":1,"104":1,"105":0,"106":0,"107":0,"108":1,"109":1,"110":1,"111":1,"112":1,"113":0,"114":1,"115":1,"116":0,"117":1,"118":1,"119":0,"120":0,"121":0,"122":0,"123":0,"124":0,"125":0,"126":0,"127":0,"128":0,"129":0,"130":0,"131":0,"132":0,"133":0},"f":{"0":0,"1":0,"2":0,"3":0,"4":0,"5":0,"6":0,"7":0,"8":0,"9":1,"10":0,"11":2,"12":18,"13":0,"14":0,"15":0,"16":0,"17":0,"18":0,"19":0,"20":0,"21":1,"22":0,"23":0,"24":0,"25":0,"26":0,"27":0,"28":0,"29":0,"30":0,"31":0,"32":0,"33":0,"34":0,"35":0,"36":0,"37":0,"38":0,"39":0},"b":{"0":[0,0],"1":[0,0],"2":[0,0],"3":[0,0],"4":[1],"5":[0,0],"6":[10,8],"7":[18,18],"8":[0,0],"9":[0,0],"10":[0,0],"11":[0,0],"12":[1,0],"13":[1,0],"14":[0,1],"15":[0,1]},"_coverageSchema":"1a1c01bbd47fc00a2c39e90264f33305004495a9","hash":"f8ac6f437cef2ff295569a901bdf372fe0c30cbb"}
,"/home/runner/work/windgapacademy/windgapacademy/src/app/normalizeRole.js": {"path":"/home/runner/work/windgapacademy/windgapacademy/src/app/normalizeRole.js","statementMap":{"0":{"start":{"line":2,"column":2},"end":{"line":2,"column":27}},"1":{"start":{"line":2,"column":10},"end":{"line":2,"column":27}},"2":{"start":{"line":3,"column":12},"end":{"line":3,"column":42}},"3":{"start":{"line":4,"column":2},"end":{"line":4,"column":27}},"4":{"start":{"line":4,"column":10},"end":{"line":4,"column":27}},"5":{"start":{"line":5,"column":2},"end":{"line":5,"column":40}},"6":{"start":{"line":5,"column":23},"end":{"line":5,"column":40}},"7":{"start":{"line":6,"column":2},"end":{"line":6,"column":60}},"8":{"start":{"line":6,"column":42},"end":{"line":6,"column":60}},"9":{"start":{"line":7,"column":2},"end":{"line":7,"column":52}},"10":{"start":{"line":7,"column":43},"end":{"line":7,"column":52}},"11":{"start":{"line":8,"column":2},"end":{"line":8,"column":11}},"12":{"start":{"line":11,"column":0},"end":{"line":11,"column":35}}},"fnMap":{"0":{"name":"normalizeRole","decl":{"start":{"line":1,"column":9},"end":{"line":1,"column":22}},"loc":{"start":{"line":1,"column":26},"end":{"line":9,"column":1}},"line":1}},"branchMap":{"0":{"loc":{"start":{"line":2,"column":2},"end":{"line":2,"column":27}},"type":"if","locations":[{"start":{"line":2,"column":2},"end":{"line":2,"column":27}},{"start":{},"end":{}}],"line":2},"1":{"loc":{"start":{"line":4,"column":2},"end":{"line":4,"column":27}},"type":"if","locations":[{"start":{"line":4,"column":2},"end":{"line":4,"column":27}},{"start":{},"end":{}}],"line":4},"2":{"loc":{"start":{"line":5,"column":2},"end":{"line":5,"column":40}},"type":"if","locations":[{"start":{"line":5,"column":2},"end":{"line":5,"column":40}},{"start":{},"end":{}}],"line":5},"3":{"loc":{"start":{"line":6,"column":2},"end":{"line":6,"column":60}},"type":"if","locations":[{"start":{"line":6,"column":2},"end":{"line":6,"column":60}},{"start":{},"end":{}}],"line":6},"4":{"loc":{"start":{"line":6,"column":6},"end":{"line":6,"column":40}},"type":"binary-expr","locations":[{"start":{"line":6,"column":6},"end":{"line":6,"column":21}},{"start":{"line":6,"column":25},"end":{"line":6,"column":40}}],"line":6},"5":{"loc":{"start":{"line":7,"column":2},"end":{"line":7,"column":52}},"type":"if","locations":[{"start":{"line":7,"column":2},"end":{"line":7,"column":52}},{"start":{},"end":{}}],"line":7},"6":{"loc":{"start":{"line":7,"column":6},"end":{"line":7,"column":41}},"type":"binary-expr","locations":[{"start":{"line":7,"column":6},"end":{"line":7,"column":22}},{"start":{"line":7,"column":26},"end":{"line":7,"column":41}}],"line":7}},"s":{"0":10,"1":3,"2":7,"3":7,"4":1,"5":6,"6":1,"7":5,"8":2,"9":3,"10":2,"11":1,"12":1},"f":{"0":10},"b":{"0":[3,7],"1":[1,6],"2":[1,5],"3":[2,3],"4":[5,4],"5":[2,1],"6":[3,2]},"_coverageSchema":"1a1c01bbd47fc00a2c39e90264f33305004495a9","hash":"eacdbc4a618ca94b4d5ff8bde2a1915fa6339e3f"}
,"/home/runner/work/windgapacademy/windgapacademy/utils/uiUtils.js": {"path":"/home/runner/work/windgapacademy/windgapacademy/utils/uiUtils.js","statementMap":{"0":{"start":{"line":9,"column":2},"end":{"line":9,"column":19}},"1":{"start":{"line":9,"column":12},"end":{"line":9,"column":19}},"2":{"start":{"line":10,"column":2},"end":{"line":10,"column":58}},"3":{"start":{"line":11,"column":2},"end":{"line":13,"column":3}},"4":{"start":{"line":12,"column":4},"end":{"line":12,"column":86}},"5":{"start":{"line":22,"column":2},"end":{"line":22,"column":23}},"6":{"start":{"line":22,"column":16},"end":{"line":22,"column":23}},"7":{"start":{"line":23,"column":2},"end":{"line":23,"column":54}},"8":{"start":{"line":32,"column":2},"end":{"line":32,"column":18}},"9":{"start":{"line":32,"column":11},"end":{"line":32,"column":18}},"10":{"start":{"line":33,"column":2},"end":{"line":35,"column":5}},"11":{"start":{"line":34,"column":4},"end":{"line":34,"column":42}}},"fnMap":{"0":{"name":"applyButtonAnimation","decl":{"start":{"line":8,"column":16},"end":{"line":8,"column":36}},"loc":{"start":{"line":8,"column":42},"end":{"line":14,"column":1}},"line":8},"1":{"name":"applyHeadingAnimation","decl":{"start":{"line":21,"column":16},"end":{"line":21,"column":37}},"loc":{"start":{"line":21,"column":47},"end":{"line":24,"column":1}},"line":21},"2":{"name":"setAriaAttributes","decl":{"start":{"line":31,"column":16},"end":{"line":31,"column":33}},"loc":{"start":{"line":31,"column":50},"end":{"line":36,"column":1}},"line":31},"3":{"name":"(anonymous_3)","decl":{"start":{"line":33,"column":32},"end":{"line":33,"column":33}},"loc":{"start":{"line":33,"column":50},"end":{"line":35,"column":3}},"line":33}},"branchMap":{"0":{"loc":{"start":{"line":9,"column":2},"end":{"line":9,"column":19}},"type":"if","locations":[{"start":{"line":9,"column":2},"end":{"line":9,"column":19}},{"start":{},"end":{}}],"line":9},"1":{"loc":{"start":{"line":11,"column":2},"end":{"line":13,"column":3}},"type":"if","locations":[{"start":{"line":11,"column":2},"end":{"line":13,"column":3}},{"start":{},"end":{}}],"line":11},"2":{"loc":{"start":{"line":22,"column":2},"end":{"line":22,"column":23}},"type":"if","locations":[{"start":{"line":22,"column":2},"end":{"line":22,"column":23}},{"start":{},"end":{}}],"line":22},"3":{"loc":{"start":{"line":31,"column":38},"end":{"line":31,"column":48}},"type":"default-arg","locations":[{"start":{"line":31,"column":46},"end":{"line":31,"column":48}}],"line":31},"4":{"loc":{"start":{"line":32,"column":2},"end":{"line":32,"column":18}},"type":"if","locations":[{"start":{"line":32,"column":2},"end":{"line":32,"column":18}},{"start":{},"end":{}}],"line":32}},"s":{"0":1,"1":1,"2":0,"3":0,"4":0,"5":1,"6":1,"7":0,"8":0,"9":0,"10":0,"11":0},"f":{"0":1,"1":1,"2":0,"3":0},"b":{"0":[1,0],"1":[0,0],"2":[1,0],"3":[0],"4":[0,0]},"_coverageSchema":"1a1c01bbd47fc00a2c39e90264f33305004495a9","hash":"0405a63f7455cdb4f7e5dd28ed5af42bcafd896a"}
}
