TN:
SF:components/AvatarBuilder.js
FN:6,getAvatarState
FN:29,showAvatarBuilder
FNF:2
FNH:2
FNDA:2,getAvatarState
FNDA:1,showAvatarBuilder
DA:7,2
DA:30,1
LF:2
LH:2
BRDA:6,0,0,0
BRDA:29,1,0,1
BRF:2
BRH:1
end_of_record
TN:
SF:components/Dashboard.js
FN:12,showOnboarding
FN:17,(anonymous_1)
FN:20,setAccessibility
FN:28,backupProgress
FN:31,syncProgress
FN:35,updateLeaderboard
FN:39,sendFeedback
FN:43,logEvent
FN:47,safeRun
FN:51,showSettings
FN:55,startDashboard
FN:66,showDashboard
FN:69,navButton
FN:73,helpButton
FN:76,privacyNotice
FN:117,setLanguage
FN:123,setTheme
FN:127,renderDashboard
FN:184,(anonymous_18)
FN:191,(anonymous_19)
FN:198,(anonymous_20)
FN:200,(anonymous_21)
FN:204,(anonymous_22)
FN:216,showPrompt
FN:229,(anonymous_24)
FN:245,(anonymous_25)
FN:252,(anonymous_26)
FN:259,animateCharacters
FN:262,(anonymous_28)
FNF:29
FNH:6
FNDA:0,showOnboarding
FNDA:0,(anonymous_1)
FNDA:0,setAccessibility
FNDA:0,backupProgress
FNDA:0,syncProgress
FNDA:0,updateLeaderboard
FNDA:0,sendFeedback
FNDA:0,logEvent
FNDA:0,safeRun
FNDA:0,showSettings
FNDA:0,startDashboard
FNDA:1,showDashboard
FNDA:0,navButton
FNDA:0,helpButton
FNDA:0,privacyNotice
FNDA:0,setLanguage
FNDA:0,setTheme
FNDA:1,renderDashboard
FNDA:0,(anonymous_18)
FNDA:0,(anonymous_19)
FNDA:0,(anonymous_20)
FNDA:0,(anonymous_21)
FNDA:0,(anonymous_22)
FNDA:1,showPrompt
FNDA:0,(anonymous_24)
FNDA:0,(anonymous_25)
FNDA:6,(anonymous_26)
FNDA:1,animateCharacters
FNDA:3,(anonymous_28)
DA:13,0
DA:14,0
DA:15,0
DA:16,0
DA:17,0
DA:21,0
DA:22,0
DA:23,0
DA:24,0
DA:29,0
DA:32,0
DA:48,0
DA:56,0
DA:57,0
DA:61,1
DA:62,1
DA:70,0
DA:74,0
DA:77,0
DA:80,1
DA:116,1
DA:118,0
DA:119,0
DA:120,0
DA:121,0
DA:124,0
DA:128,1
DA:182,1
DA:183,1
DA:184,1
DA:185,1
DA:187,1
DA:189,1
DA:190,1
DA:191,0
DA:192,0
DA:193,0
DA:197,1
DA:198,1
DA:199,1
DA:200,1
DA:202,1
DA:203,1
DA:204,1
DA:205,0
DA:209,1
DA:215,1
DA:217,1
DA:218,1
DA:219,0
DA:221,1
DA:222,1
DA:224,1
DA:226,1
DA:227,1
DA:228,1
DA:229,0
DA:230,0
DA:231,0
DA:232,0
DA:233,0
DA:237,1
DA:238,1
DA:239,0
DA:242,1
DA:243,1
DA:244,1
DA:245,0
DA:246,0
DA:247,0
DA:248,0
DA:252,1
DA:253,6
DA:256,1
DA:257,1
DA:262,1
DA:263,3
DA:264,3
DA:265,0
DA:266,0
DA:267,0
DA:268,0
DA:269,0
DA:270,0
DA:271,0
DA:272,0
LF:86
LH:41
BRDA:22,0,0,0
BRDA:22,0,1,0
BRDA:32,1,0,0
BRDA:32,1,1,0
BRDA:61,2,0,1
BRDA:61,2,1,0
BRDA:66,3,0,0
BRDA:69,4,0,0
BRDA:70,5,0,0
BRDA:70,5,1,0
BRDA:120,6,0,0
BRDA:120,6,1,0
BRDA:190,7,0,0
BRDA:190,7,1,1
BRDA:198,8,0,1
BRDA:198,8,1,0
BRDA:200,9,0,1
BRDA:200,9,1,0
BRDA:203,10,0,1
BRDA:203,10,1,0
BRDA:218,11,0,0
BRDA:218,11,1,1
BRDA:228,12,0,0
BRDA:228,12,1,1
BRDA:238,13,0,0
BRDA:238,13,1,1
BRDA:244,14,0,0
BRDA:244,14,1,1
BRDA:264,15,0,0
BRDA:264,15,1,3
BRF:30
BRH:10
end_of_record
TN:
SF:components/GameModules/DigitalSkillsGame.js
FN:5,showDigitalSkillsGame
FN:55,setLanguage
FN:64,errorBoundary
FN:75,validateInput
FN:84,showAchievements
FN:96,(anonymous_5)
FN:101,showEducatorFeedback
FN:102,showParentFeedback
FN:105,showAnalytics
FN:108,renderGame
FN:125,(anonymous_10)
FN:153,(anonymous_11)
FN:159,(anonymous_12)
FN:168,(anonymous_13)
FN:177,(anonymous_14)
FN:194,addTooltips
FN:195,(anonymous_16)
FN:198,(anonymous_17)
FN:213,(anonymous_18)
FN:222,showOnboarding
FN:236,(anonymous_20)
FN:237,(anonymous_21)
FN:241,(anonymous_22)
FN:247,showFAQ
FN:259,(anonymous_24)
FN:264,backupProgress
FN:265,syncProgress
FN:280,(anonymous_27)
FN:305,(anonymous_28)
FN:310,(anonymous_29)
FN:318,(anonymous_30)
FN:335,showOnboarding
FN:340,(anonymous_32)
FN:344,setAccessibility
FN:353,backupProgress
FN:356,syncProgress
FN:361,updateLeaderboard
FN:366,sendFeedback
FN:371,logEvent
FN:376,safeRun
FN:381,showSettings
FN:386,startGame
FN:424,enableKeyboardNavigation
FN:425,(anonymous_43)
FN:436,addAriaLabels
FN:452,(anonymous_45)
FNF:46
FNH:5
FNDA:1,showDigitalSkillsGame
FNDA:0,setLanguage
FNDA:1,errorBoundary
FNDA:0,validateInput
FNDA:0,showAchievements
FNDA:0,(anonymous_5)
FNDA:0,showEducatorFeedback
FNDA:0,showParentFeedback
FNDA:0,showAnalytics
FNDA:1,renderGame
FNDA:0,(anonymous_10)
FNDA:0,(anonymous_11)
FNDA:0,(anonymous_12)
FNDA:0,(anonymous_13)
FNDA:0,(anonymous_14)
FNDA:3,addTooltips
FNDA:0,(anonymous_16)
FNDA:0,(anonymous_17)
FNDA:0,(anonymous_18)
FNDA:0,showOnboarding
FNDA:0,(anonymous_20)
FNDA:0,(anonymous_21)
FNDA:0,(anonymous_22)
FNDA:0,showFAQ
FNDA:0,(anonymous_24)
FNDA:0,backupProgress
FNDA:0,syncProgress
FNDA:1,(anonymous_27)
FNDA:0,(anonymous_28)
FNDA:0,(anonymous_29)
FNDA:0,(anonymous_30)
FNDA:0,showOnboarding
FNDA:0,(anonymous_32)
FNDA:0,setAccessibility
FNDA:0,backupProgress
FNDA:0,syncProgress
FNDA:0,updateLeaderboard
FNDA:0,sendFeedback
FNDA:0,logEvent
FNDA:0,safeRun
FNDA:0,showSettings
FNDA:0,startGame
FNDA:0,enableKeyboardNavigation
FNDA:0,(anonymous_43)
FNDA:0,addAriaLabels
FNDA:0,(anonymous_45)
DA:7,1
DA:54,1
DA:56,0
DA:57,0
DA:58,0
DA:59,0
DA:60,0
DA:65,1
DA:66,1
DA:67,1
DA:69,0
DA:76,0
DA:77,0
DA:78,0
DA:80,0
DA:85,0
DA:86,0
DA:87,0
DA:88,0
DA:89,0
DA:90,0
DA:95,0
DA:96,0
DA:101,0
DA:102,0
DA:105,0
DA:109,1
DA:110,1
DA:125,1
DA:126,0
DA:127,0
DA:128,0
DA:129,0
DA:130,0
DA:131,0
DA:152,0
DA:153,0
DA:154,0
DA:155,0
DA:156,0
DA:157,0
DA:158,0
DA:159,0
DA:160,0
DA:161,0
DA:163,0
DA:164,0
DA:165,0
DA:166,0
DA:167,0
DA:168,0
DA:169,0
DA:170,0
DA:173,0
DA:174,0
DA:175,0
DA:176,0
DA:177,0
DA:178,0
DA:179,0
DA:180,0
DA:181,0
DA:186,0
DA:187,0
DA:189,0
DA:191,1
DA:195,3
DA:196,0
DA:197,0
DA:198,0
DA:199,0
DA:200,0
DA:201,0
DA:202,0
DA:203,0
DA:204,0
DA:205,0
DA:206,0
DA:207,0
DA:208,0
DA:209,0
DA:210,0
DA:211,0
DA:213,0
DA:214,0
DA:215,0
DA:223,0
DA:224,0
DA:225,0
DA:226,0
DA:227,0
DA:228,0
DA:235,0
DA:236,0
DA:237,0
DA:238,0
DA:239,0
DA:241,0
DA:242,0
DA:243,0
DA:248,0
DA:249,0
DA:250,0
DA:251,0
DA:252,0
DA:253,0
DA:258,0
DA:259,0
DA:264,0
DA:265,0
DA:267,1
DA:278,1
DA:279,1
DA:280,1
DA:281,1
DA:282,1
DA:283,1
DA:284,1
DA:285,1
DA:286,1
DA:304,1
DA:305,1
DA:306,1
DA:307,1
DA:308,1
DA:309,1
DA:310,1
DA:311,0
DA:312,1
DA:315,1
DA:316,1
DA:317,1
DA:318,1
DA:319,0
DA:336,0
DA:337,0
DA:338,0
DA:339,0
DA:340,0
DA:345,0
DA:346,0
DA:347,0
DA:348,0
DA:354,0
DA:357,0
DA:377,0
DA:387,0
DA:388,0
DA:393,1
DA:394,1
DA:397,1
DA:398,1
DA:400,1
DA:401,1
DA:425,0
DA:426,0
DA:428,0
DA:429,0
DA:430,0
DA:431,0
DA:432,0
DA:437,0
DA:438,0
DA:439,0
DA:440,0
DA:452,1
DA:453,0
DA:454,0
LF:168
LH:39
BRDA:58,0,0,0
BRDA:58,0,1,0
BRDA:66,1,0,1
BRDA:66,1,1,0
BRDA:66,2,0,1
BRDA:66,2,1,1
BRDA:76,3,0,0
BRDA:76,3,1,0
BRDA:76,4,0,0
BRDA:76,4,1,0
BRDA:86,5,0,0
BRDA:86,5,1,0
BRDA:127,6,0,0
BRDA:127,6,1,0
BRDA:174,7,0,0
BRDA:174,7,1,0
BRDA:180,8,0,0
BRDA:180,8,1,0
BRDA:196,9,0,0
BRDA:196,9,1,0
BRDA:196,10,0,0
BRDA:196,10,1,0
BRDA:201,11,0,0
BRDA:201,11,1,0
BRDA:215,12,0,0
BRDA:215,12,1,0
BRDA:224,13,0,0
BRDA:224,13,1,0
BRDA:249,14,0,0
BRDA:249,14,1,0
BRDA:279,15,0,1
BRDA:279,15,1,0
BRDA:282,16,0,1
BRDA:282,16,1,0
BRDA:317,17,0,1
BRDA:317,17,1,0
BRDA:346,18,0,0
BRDA:346,18,1,0
BRDA:357,19,0,0
BRDA:357,19,1,0
BRDA:393,20,0,1
BRDA:393,20,1,0
BRDA:426,21,0,0
BRDA:426,21,1,0
BRDA:431,22,0,0
BRDA:431,22,1,0
BRDA:438,23,0,0
BRDA:438,23,1,0
BRDA:440,24,0,0
BRDA:440,24,1,0
BRF:50
BRH:7
end_of_record
TN:
SF:components/GameModules/MoneySkillsGame.js
FN:9,getRandomAmount
FN:16,renderCurrencyOptions
FN:20,(anonymous_2)
FN:24,(anonymous_3)
FN:27,(anonymous_4)
FN:31,(anonymous_5)
FN:39,selectCurrency
FN:44,updateGameStatus
FN:59,startNewRound
FN:67,showMoneySkillsGame
FN:99,setLanguage
FN:107,addTooltips
FN:108,(anonymous_12)
FN:111,(anonymous_13)
FN:126,(anonymous_14)
FN:135,showOnboarding
FN:147,(anonymous_16)
FN:150,showFAQ
FN:162,(anonymous_18)
FN:167,backupProgress
FN:168,syncProgress
FN:186,(anonymous_21)
FN:214,(anonymous_22)
FN:219,(anonymous_23)
FN:226,(anonymous_24)
FN:240,openParentFeedback
FN:244,showThemeCustomization
FN:248,showChallengesAndLeaderboard
FN:252,enableSignLanguageAvatar
FN:256,enableARVRMode
FN:260,enableOfflineMode
FN:264,setLanguage
FN:268,showLanguageSelector
FN:272,startOnboarding
FN:276,backupData
FN:286,trackEvent
FN:290,showAnalyticsDashboard
FN:295,showEducatorDashboard
FN:299,openContentCreationTools
FN:303,showCommunityFeatures
FNF:40
FNH:4
FNDA:0,getRandomAmount
FNDA:0,renderCurrencyOptions
FNDA:0,(anonymous_2)
FNDA:0,(anonymous_3)
FNDA:0,(anonymous_4)
FNDA:0,(anonymous_5)
FNDA:0,selectCurrency
FNDA:0,updateGameStatus
FNDA:0,startNewRound
FNDA:1,showMoneySkillsGame
FNDA:0,setLanguage
FNDA:2,addTooltips
FNDA:18,(anonymous_12)
FNDA:0,(anonymous_13)
FNDA:0,(anonymous_14)
FNDA:0,showOnboarding
FNDA:0,(anonymous_16)
FNDA:0,showFAQ
FNDA:0,(anonymous_18)
FNDA:0,backupProgress
FNDA:0,syncProgress
FNDA:1,(anonymous_21)
FNDA:0,(anonymous_22)
FNDA:0,(anonymous_23)
FNDA:0,(anonymous_24)
FNDA:0,openParentFeedback
FNDA:0,showThemeCustomization
FNDA:0,showChallengesAndLeaderboard
FNDA:0,enableSignLanguageAvatar
FNDA:0,enableARVRMode
FNDA:0,enableOfflineMode
FNDA:0,setLanguage
FNDA:0,showLanguageSelector
FNDA:0,startOnboarding
FNDA:0,backupData
FNDA:0,trackEvent
FNDA:0,showAnalyticsDashboard
FNDA:0,showEducatorDashboard
FNDA:0,openContentCreationTools
FNDA:0,showCommunityFeatures
DA:6,1
DA:7,1
DA:11,0
DA:12,0
DA:13,0
DA:17,0
DA:18,0
DA:19,0
DA:20,0
DA:21,0
DA:22,0
DA:23,0
DA:24,0
DA:25,0
DA:27,0
DA:28,0
DA:29,0
DA:30,0
DA:31,0
DA:32,0
DA:36,1
DA:37,1
DA:40,0
DA:41,0
DA:45,0
DA:46,0
DA:47,0
DA:48,0
DA:49,0
DA:50,0
DA:51,0
DA:52,0
DA:53,0
DA:54,0
DA:55,0
DA:60,0
DA:61,0
DA:62,0
DA:69,1
DA:98,1
DA:100,0
DA:101,0
DA:102,0
DA:103,0
DA:108,2
DA:109,18
DA:110,10
DA:111,10
DA:112,0
DA:113,0
DA:114,0
DA:115,0
DA:116,0
DA:117,0
DA:118,0
DA:119,0
DA:120,0
DA:121,0
DA:122,0
DA:123,0
DA:124,0
DA:126,10
DA:127,0
DA:128,0
DA:136,0
DA:137,0
DA:138,0
DA:139,0
DA:140,0
DA:141,0
DA:146,0
DA:147,0
DA:151,0
DA:152,0
DA:153,0
DA:154,0
DA:155,0
DA:156,0
DA:161,0
DA:162,0
DA:167,0
DA:168,0
DA:170,1
DA:186,1
DA:187,1
DA:188,1
DA:189,1
DA:190,1
DA:191,1
DA:192,1
DA:213,1
DA:214,1
DA:215,1
DA:216,1
DA:217,1
DA:218,1
DA:219,1
DA:220,0
DA:221,1
DA:223,1
DA:224,1
DA:225,1
DA:226,1
DA:227,0
DA:232,1
DA:233,1
DA:235,1
DA:236,1
DA:242,0
DA:246,0
DA:250,0
DA:254,0
DA:258,0
DA:262,0
DA:266,0
DA:270,0
DA:274,0
DA:278,0
DA:288,0
DA:292,0
DA:297,0
DA:305,0
LF:122
LH:35
BRDA:18,0,0,0
BRDA:18,0,1,0
BRDA:46,1,0,0
BRDA:46,1,1,0
BRDA:48,2,0,0
BRDA:48,2,1,0
BRDA:52,3,0,0
BRDA:52,3,1,0
BRDA:67,4,0,1
BRDA:102,5,0,0
BRDA:102,5,1,0
BRDA:109,6,0,10
BRDA:109,6,1,8
BRDA:109,7,0,18
BRDA:109,7,1,18
BRDA:114,8,0,0
BRDA:114,8,1,0
BRDA:128,9,0,0
BRDA:128,9,1,0
BRDA:137,10,0,0
BRDA:137,10,1,0
BRDA:152,11,0,0
BRDA:152,11,1,0
BRDA:188,12,0,1
BRDA:188,12,1,0
BRDA:225,13,0,1
BRDA:225,13,1,0
BRDA:233,14,0,0
BRDA:233,14,1,1
BRDA:236,15,0,0
BRDA:236,15,1,1
BRF:31
BRH:9
end_of_record
TN:
SF:utils/uiUtils.js
FN:8,applyButtonAnimation
FN:21,applyHeadingAnimation
FN:31,setAriaAttributes
FN:33,(anonymous_3)
FNF:4
FNH:3
FNDA:3,applyButtonAnimation
FNDA:2,applyHeadingAnimation
FNDA:1,setAriaAttributes
FNDA:0,(anonymous_3)
DA:9,3
DA:10,0
DA:11,0
DA:12,0
DA:22,2
DA:23,0
DA:32,1
DA:33,0
DA:34,0
LF:9
LH:3
BRDA:9,0,0,3
BRDA:9,0,1,0
BRDA:11,1,0,0
BRDA:11,1,1,0
BRDA:22,2,0,2
BRDA:22,2,1,0
BRDA:31,3,0,0
BRDA:32,4,0,1
BRDA:32,4,1,0
BRF:9
BRH:3
end_of_record
