TN:
SF:backend/app.js
FN:19,(anonymous_0)
FN:32,(anonymous_1)
FN:37,(anonymous_2)
FN:43,(anonymous_3)
FNF:4
FNH:1
FNDA:1,(anonymous_0)
FNDA:0,(anonymous_1)
FNDA:0,(anonymous_2)
FNDA:0,(anonymous_3)
DA:1,1
DA:2,1
DA:4,1
DA:5,1
DA:6,1
DA:7,1
DA:8,1
DA:9,1
DA:10,1
DA:11,1
DA:13,1
DA:14,1
DA:16,1
DA:19,1
DA:20,1
DA:21,1
DA:24,1
DA:25,1
DA:26,1
DA:27,1
DA:28,1
DA:29,1
DA:30,1
DA:32,1
DA:33,0
DA:37,1
DA:38,0
DA:39,0
DA:42,1
DA:43,0
DA:44,0
DA:48,1
LF:32
LH:27
BRDA:14,0,0,1
BRDA:14,0,1,0
BRDA:42,1,0,0
BRDA:42,1,1,1
BRF:4
BRH:2
end_of_record
TN:
SF:backend/server.js
FN:13,(anonymous_0)
FNF:1
FNH:0
FNDA:0,(anonymous_0)
DA:1,2
DA:2,2
DA:4,2
DA:6,2
DA:7,2
DA:8,2
DA:9,2
DA:11,2
DA:12,0
DA:13,0
DA:14,0
DA:19,2
LF:12
LH:9
BRDA:11,0,0,0
BRDA:11,0,1,2
BRDA:12,1,0,0
BRDA:12,1,1,0
BRF:4
BRH:1
end_of_record
TN:
SF:backend/api/assignments.js
FN:5,(anonymous_0)
FN:14,(anonymous_1)
FNF:2
FNH:1
FNDA:1,(anonymous_0)
FNDA:0,(anonymous_1)
DA:1,3
DA:2,3
DA:5,3
DA:6,1
DA:13,3
DA:14,3
DA:15,0
DA:16,0
DA:18,0
DA:19,0
DA:20,0
DA:23,0
DA:26,3
LF:13
LH:7
BRDA:15,0,0,0
BRDA:15,0,1,0
BRDA:15,1,0,0
BRDA:15,1,1,0
BRDA:15,1,2,0
BRDA:19,2,0,0
BRDA:19,2,1,0
BRF:7
BRH:0
end_of_record
TN:
SF:backend/api/auth.js
FN:9,(anonymous_0)
FNF:1
FNH:1
FNDA:2,(anonymous_0)
DA:1,3
DA:2,3
DA:3,3
DA:5,3
DA:6,3
DA:9,3
DA:10,2
DA:12,2
DA:13,0
DA:15,2
DA:16,2
DA:17,2
DA:18,2
DA:21,3
LF:14
LH:13
BRDA:6,0,0,0
BRDA:6,0,1,3
BRDA:12,1,0,0
BRDA:12,1,1,2
BRDA:12,2,0,2
BRDA:12,2,1,2
BRF:6
BRH:4
end_of_record
TN:
SF:backend/api/game.js
FN:31,loadStates
FN:35,(anonymous_1)
FN:48,(anonymous_2)
FN:54,saveStates
FN:86,(anonymous_4)
FN:96,(anonymous_5)
FN:106,(anonymous_6)
FN:109,(anonymous_7)
FN:116,(anonymous_8)
FN:122,(anonymous_9)
FN:129,(anonymous_10)
FNF:11
FNH:7
FNDA:3,loadStates
FNDA:0,(anonymous_1)
FNDA:2,(anonymous_2)
FNDA:2,saveStates
FNDA:2,(anonymous_4)
FNDA:1,(anonymous_5)
FNDA:1,(anonymous_6)
FNDA:0,(anonymous_7)
FNDA:0,(anonymous_8)
FNDA:1,(anonymous_9)
FNDA:0,(anonymous_10)
DA:1,3
DA:2,3
DA:3,3
DA:4,3
DA:5,3
DA:8,3
DA:9,3
DA:10,3
DA:11,0
DA:12,0
DA:13,0
DA:14,0
DA:15,0
DA:16,0
DA:17,0
DA:19,0
DA:20,0
DA:25,3
DA:26,3
DA:29,3
DA:32,3
DA:33,0
DA:34,0
DA:35,0
DA:36,0
DA:39,0
DA:41,0
DA:44,3
DA:45,3
DA:46,3
DA:47,2
DA:48,2
DA:50,0
DA:55,2
DA:56,0
DA:58,0
DA:59,0
DA:60,0
DA:61,0
DA:63,0
DA:65,0
DA:67,0
DA:70,2
DA:71,2
DA:72,0
DA:74,2
DA:75,2
DA:76,2
DA:79,0
DA:84,3
DA:86,3
DA:88,2
DA:93,2
DA:96,3
DA:97,1
DA:99,1
DA:100,1
DA:102,1
DA:104,1
DA:105,1
DA:106,1
DA:107,1
DA:109,1
DA:110,1
DA:112,0
DA:114,0
DA:115,0
DA:116,0
DA:117,0
DA:119,0
DA:122,3
DA:123,1
DA:124,1
DA:125,1
DA:126,1
DA:127,1
DA:129,1
DA:130,1
DA:132,0
DA:135,3
LF:80
LH:47
BRDA:10,0,0,0
BRDA:10,0,1,3
BRDA:10,1,0,3
BRDA:10,1,1,0
BRDA:32,2,0,0
BRDA:32,2,1,3
BRDA:32,3,0,3
BRDA:32,3,1,0
BRDA:45,4,0,0
BRDA:45,4,1,3
BRDA:47,5,0,2
BRDA:47,5,1,0
BRDA:55,6,0,0
BRDA:55,6,1,2
BRDA:55,7,0,2
BRDA:55,7,1,0
BRDA:71,8,0,0
BRDA:71,8,1,2
BRDA:88,9,0,2
BRDA:88,9,1,2
BRDA:97,10,0,1
BRDA:97,10,1,0
BRDA:99,11,0,1
BRDA:99,11,1,1
BRDA:99,11,2,1
BRDA:99,11,3,0
BRDA:100,12,0,0
BRDA:100,12,1,1
BRDA:102,13,0,1
BRDA:102,13,1,0
BRDA:104,14,0,1
BRDA:104,14,1,0
BRDA:106,15,0,1
BRDA:106,15,1,0
BRDA:112,16,0,0
BRDA:112,16,1,0
BRDA:114,17,0,0
BRDA:114,17,1,0
BRDA:123,18,0,1
BRDA:123,18,1,0
BRDA:124,19,0,1
BRDA:124,19,1,1
BRDA:124,19,2,1
BRDA:124,19,3,0
BRDA:125,20,0,0
BRDA:125,20,1,1
BRDA:126,21,0,1
BRDA:126,21,1,0
BRF:48
BRH:25
end_of_record
TN:
SF:backend/api/index.js
FNF:0
FNH:0
DA:1,2
DA:2,2
DA:4,2
DA:5,2
DA:6,2
DA:7,2
DA:8,2
DA:10,2
LF:8
LH:8
BRF:0
BRH:0
end_of_record
TN:
SF:backend/api/materials.js
FN:5,(anonymous_0)
FN:13,(anonymous_1)
FNF:2
FNH:0
FNDA:0,(anonymous_0)
FNDA:0,(anonymous_1)
DA:1,3
DA:2,3
DA:5,3
DA:6,0
DA:13,3
DA:14,0
DA:15,0
DA:16,0
DA:19,0
DA:22,3
LF:10
LH:5
BRDA:15,0,0,0
BRDA:15,0,1,0
BRF:2
BRH:0
end_of_record
TN:
SF:backend/api/users.js
FN:12,(anonymous_0)
FN:21,(anonymous_1)
FNF:2
FNH:1
FNDA:1,(anonymous_0)
FNDA:0,(anonymous_1)
DA:1,3
DA:2,3
DA:3,3
DA:5,3
DA:12,3
DA:13,1
DA:14,0
DA:15,0
DA:17,1
DA:21,3
DA:22,0
DA:23,0
DA:24,0
DA:26,0
DA:27,0
DA:28,0
DA:31,0
DA:34,3
LF:18
LH:9
BRDA:13,0,0,0
BRDA:13,0,1,1
BRDA:22,1,0,0
BRDA:22,1,1,0
BRDA:27,2,0,0
BRDA:27,2,1,0
BRDA:27,3,0,0
BRDA:27,3,1,0
BRF:8
BRH:1
end_of_record
TN:
SF:backend/controllers/dataController.js
FN:8,(anonymous_0)
FN:21,(anonymous_1)
FN:30,(anonymous_2)
FN:31,(anonymous_3)
FNF:4
FNH:1
FNDA:1,(anonymous_0)
FNDA:0,(anonymous_1)
FNDA:0,(anonymous_2)
FNDA:0,(anonymous_3)
DA:1,1
DA:4,1
DA:5,1
DA:8,1
DA:9,1
DA:18,1
DA:21,1
DA:22,0
DA:23,0
DA:24,0
DA:25,0
DA:27,0
DA:30,1
DA:31,1
DA:33,1
LF:15
LH:10
BRDA:24,0,0,0
BRDA:24,0,1,0
BRF:2
BRH:0
end_of_record
TN:
SF:backend/middleware/authenticateToken.js
FN:8,authenticateToken
FN:16,(anonymous_1)
FNF:2
FNH:2
FNDA:4,authenticateToken
FNDA:3,(anonymous_1)
DA:1,3
DA:3,3
DA:4,3
DA:5,0
DA:9,4
DA:10,4
DA:12,4
DA:13,1
DA:16,3
DA:17,3
DA:18,0
DA:19,0
DA:21,3
DA:22,3
DA:26,3
LF:15
LH:12
BRDA:4,0,0,0
BRDA:4,0,1,3
BRDA:10,1,0,4
BRDA:10,1,1,3
BRDA:12,2,0,1
BRDA:12,2,1,3
BRDA:17,3,0,0
BRDA:17,3,1,3
BRF:8
BRH:6
end_of_record
TN:
SF:backend/routes/dataRoutes.js
FN:7,(anonymous_0)
FN:10,(anonymous_1)
FNF:2
FNH:0
FNDA:0,(anonymous_0)
FNDA:0,(anonymous_1)
DA:1,1
DA:3,1
DA:5,1
DA:7,1
DA:8,0
DA:10,1
DA:11,0
DA:14,1
LF:8
LH:6
BRF:0
BRH:0
end_of_record
TN:
SF:backend/routes/simulation.js
FN:8,(anonymous_0)
FN:14,(anonymous_1)
FNF:2
FNH:0
FNDA:0,(anonymous_0)
FNDA:0,(anonymous_1)
DA:1,1
DA:2,1
DA:5,1
DA:8,1
DA:9,0
DA:10,0
DA:14,1
DA:15,0
DA:16,0
DA:18,0
DA:19,0
DA:22,0
DA:23,0
DA:26,1
LF:14
LH:6
BRDA:10,0,0,0
BRDA:10,0,1,0
BRDA:18,1,0,0
BRDA:18,1,1,0
BRDA:18,2,0,0
BRDA:18,2,1,0
BRF:6
BRH:0
end_of_record
TN:
SF:backend/utils/logger.js
FN:1,timestamp
FN:6,(anonymous_1)
FN:7,(anonymous_2)
FN:8,(anonymous_3)
FNF:4
FNH:2
FNDA:1,timestamp
FNDA:0,(anonymous_1)
FNDA:1,(anonymous_2)
FNDA:0,(anonymous_3)
DA:2,1
DA:5,1
DA:6,0
DA:7,1
DA:8,0
LF:5
LH:3
BRF:0
BRH:0
end_of_record
TN:
SF:components/AvatarBuilder.js
FN:6,getAvatarState
FN:33,showAvatarBuilder
FNF:2
FNH:2
FNDA:2,getAvatarState
FNDA:1,showAvatarBuilder
DA:7,2
DA:34,1
LF:2
LH:2
BRDA:6,0,0,0
BRDA:33,1,0,1
BRF:2
BRH:1
end_of_record
TN:
SF:components/Dashboard.js
FN:12,showOnboarding
FN:17,(anonymous_1)
FN:20,setAccessibility
FN:28,backupProgress
FN:31,syncProgress
FN:35,updateLeaderboard
FN:39,sendFeedback
FN:43,logEvent
FN:47,safeRun
FN:55,showSettings
FN:59,startDashboard
FN:74,showDashboard
FN:86,readSession
FN:96,buildSidebar
FN:111,render
FN:142,(anonymous_15)
FN:214,(anonymous_16)
FN:215,(anonymous_17)
FN:218,(anonymous_18)
FN:221,(anonymous_19)
FN:233,(anonymous_20)
FN:248,(anonymous_21)
FN:258,(anonymous_22)
FN:266,(anonymous_23)
FN:290,animateCharacters
FN:293,(anonymous_25)
FNF:26
FNH:10
FNDA:0,showOnboarding
FNDA:0,(anonymous_1)
FNDA:0,setAccessibility
FNDA:0,backupProgress
FNDA:0,syncProgress
FNDA:0,updateLeaderboard
FNDA:0,sendFeedback
FNDA:0,logEvent
FNDA:0,safeRun
FNDA:0,showSettings
FNDA:0,startDashboard
FNDA:1,showDashboard
FNDA:1,readSession
FNDA:1,buildSidebar
FNDA:1,render
FNDA:6,(anonymous_15)
FNDA:6,(anonymous_16)
FNDA:1,(anonymous_17)
FNDA:7,(anonymous_18)
FNDA:6,(anonymous_19)
FNDA:0,(anonymous_20)
FNDA:3,(anonymous_21)
FNDA:0,(anonymous_22)
FNDA:0,(anonymous_23)
FNDA:0,animateCharacters
FNDA:0,(anonymous_25)
DA:13,0
DA:14,0
DA:15,0
DA:16,0
DA:17,0
DA:21,0
DA:22,0
DA:23,0
DA:24,0
DA:29,0
DA:32,0
DA:48,0
DA:49,0
DA:51,0
DA:60,0
DA:61,0
DA:65,1
DA:66,1
DA:75,1
DA:76,1
DA:77,1
DA:80,1
DA:81,1
DA:87,1
DA:88,1
DA:89,1
DA:91,0
DA:94,1
DA:97,1
DA:105,1
DA:106,0
DA:108,1
DA:112,1
DA:113,1
DA:142,6
DA:213,1
DA:214,1
DA:215,6
DA:216,1
DA:217,1
DA:218,7
DA:219,1
DA:220,1
DA:221,6
DA:222,1
DA:227,1
DA:228,1
DA:231,1
DA:232,1
DA:233,1
DA:234,0
DA:235,0
DA:237,0
DA:239,0
DA:240,0
DA:245,1
DA:246,1
DA:247,1
DA:248,1
DA:249,3
DA:250,3
DA:251,3
DA:252,3
DA:256,1
DA:257,1
DA:258,1
DA:259,0
DA:260,0
DA:264,1
DA:265,1
DA:266,0
DA:267,0
DA:268,0
DA:270,0
DA:273,0
DA:274,0
DA:279,1
DA:280,1
DA:281,1
DA:285,1
DA:286,1
DA:288,1
DA:293,0
DA:294,0
DA:295,0
DA:296,0
DA:297,0
DA:298,0
DA:299,0
DA:300,0
DA:301,0
DA:302,0
DA:303,0
LF:93
LH:51
BRDA:22,0,0,0
BRDA:22,0,1,0
BRDA:32,1,0,0
BRDA:32,1,1,0
BRDA:65,2,0,1
BRDA:65,2,1,0
BRDA:74,3,0,0
BRDA:76,4,0,1
BRDA:76,4,1,0
BRDA:87,5,0,0
BRDA:87,5,1,1
BRDA:89,6,0,1
BRDA:89,6,1,1
BRDA:94,7,0,1
BRDA:94,7,1,1
BRDA:105,8,0,0
BRDA:105,8,1,1
BRDA:121,9,0,1
BRDA:121,9,1,0
BRDA:125,10,0,1
BRDA:125,10,1,0
BRDA:126,11,0,1
BRDA:126,11,1,0
BRDA:147,12,0,1
BRDA:147,12,1,0
BRDA:220,13,0,1
BRDA:220,13,1,0
BRDA:228,14,0,1
BRDA:228,14,1,0
BRDA:232,15,0,1
BRDA:232,15,1,0
BRDA:239,16,0,0
BRDA:239,16,1,0
BRDA:247,17,0,1
BRDA:247,17,1,0
BRDA:257,18,0,1
BRDA:257,18,1,0
BRDA:265,19,0,0
BRDA:265,19,1,1
BRDA:268,20,0,0
BRDA:268,20,1,0
BRDA:273,21,0,0
BRDA:273,21,1,0
BRDA:273,22,0,0
BRDA:273,22,1,0
BRDA:295,23,0,0
BRDA:295,23,1,0
BRF:47
BRH:18
end_of_record
TN:
SF:components/gameHelpers.js
FN:2,launchGame
FNF:1
FNH:1
FNDA:1,launchGame
DA:4,1
DA:7,1
DA:8,1
LF:3
LH:3
BRDA:7,0,0,1
BRDA:7,0,1,0
BRF:2
BRH:1
end_of_record
TN:
SF:components/GameModules/DigitalSkillsGame.js
FN:9,showDigitalSkillsGame
FN:59,setLanguage
FN:68,errorBoundary
FN:81,validateInput
FN:90,showAchievements
FN:103,(anonymous_5)
FN:108,showEducatorFeedback
FN:111,showParentFeedback
FN:116,showAnalytics
FN:121,renderGame
FN:138,(anonymous_10)
FN:167,(anonymous_11)
FN:173,(anonymous_12)
FN:187,(anonymous_13)
FN:196,(anonymous_14)
FN:219,addTooltips
FN:220,(anonymous_16)
FN:223,(anonymous_17)
FN:238,(anonymous_18)
FN:247,showOnboarding
FN:262,(anonymous_20)
FN:263,(anonymous_21)
FN:267,(anonymous_22)
FN:273,showFAQ
FN:286,(anonymous_24)
FN:291,backupProgress
FN:294,syncProgress
FN:311,(anonymous_27)
FN:337,(anonymous_28)
FN:342,(anonymous_29)
FN:355,(anonymous_30)
FN:372,showOnboarding
FN:377,(anonymous_32)
FN:381,setAccessibility
FN:390,backupProgress
FN:393,syncProgress
FN:398,updateLeaderboard
FN:403,sendFeedback
FN:408,logEvent
FN:413,safeRun
FN:422,showSettings
FN:427,startGame
FN:465,enableKeyboardNavigation
FN:466,(anonymous_43)
FN:477,addAriaLabels
FN:493,(anonymous_45)
FNF:46
FNH:5
FNDA:1,showDigitalSkillsGame
FNDA:0,setLanguage
FNDA:1,errorBoundary
FNDA:0,validateInput
FNDA:0,showAchievements
FNDA:0,(anonymous_5)
FNDA:0,showEducatorFeedback
FNDA:0,showParentFeedback
FNDA:0,showAnalytics
FNDA:1,renderGame
FNDA:0,(anonymous_10)
FNDA:0,(anonymous_11)
FNDA:0,(anonymous_12)
FNDA:0,(anonymous_13)
FNDA:0,(anonymous_14)
FNDA:3,addTooltips
FNDA:0,(anonymous_16)
FNDA:0,(anonymous_17)
FNDA:0,(anonymous_18)
FNDA:0,showOnboarding
FNDA:0,(anonymous_20)
FNDA:0,(anonymous_21)
FNDA:0,(anonymous_22)
FNDA:0,showFAQ
FNDA:0,(anonymous_24)
FNDA:0,backupProgress
FNDA:0,syncProgress
FNDA:1,(anonymous_27)
FNDA:0,(anonymous_28)
FNDA:0,(anonymous_29)
FNDA:0,(anonymous_30)
FNDA:0,showOnboarding
FNDA:0,(anonymous_32)
FNDA:0,setAccessibility
FNDA:0,backupProgress
FNDA:0,syncProgress
FNDA:0,updateLeaderboard
FNDA:0,sendFeedback
FNDA:0,logEvent
FNDA:0,safeRun
FNDA:0,showSettings
FNDA:0,startGame
FNDA:0,enableKeyboardNavigation
FNDA:0,(anonymous_43)
FNDA:0,addAriaLabels
FNDA:0,(anonymous_45)
DA:11,1
DA:58,1
DA:60,0
DA:61,0
DA:62,0
DA:63,0
DA:64,0
DA:69,1
DA:70,1
DA:72,1
DA:73,1
DA:75,0
DA:82,0
DA:83,0
DA:84,0
DA:86,0
DA:91,0
DA:92,0
DA:93,0
DA:94,0
DA:95,0
DA:97,0
DA:102,0
DA:103,0
DA:109,0
DA:112,0
DA:117,0
DA:122,1
DA:123,1
DA:138,1
DA:139,0
DA:140,0
DA:141,0
DA:142,0
DA:143,0
DA:145,0
DA:166,0
DA:167,0
DA:168,0
DA:169,0
DA:170,0
DA:171,0
DA:172,0
DA:173,0
DA:174,0
DA:175,0
DA:178,0
DA:180,0
DA:182,0
DA:183,0
DA:184,0
DA:185,0
DA:186,0
DA:187,0
DA:188,0
DA:189,0
DA:192,0
DA:193,0
DA:194,0
DA:195,0
DA:196,0
DA:197,0
DA:198,0
DA:199,0
DA:200,0
DA:205,0
DA:209,0
DA:214,0
DA:216,1
DA:220,3
DA:221,0
DA:222,0
DA:223,0
DA:224,0
DA:225,0
DA:226,0
DA:227,0
DA:228,0
DA:229,0
DA:230,0
DA:231,0
DA:232,0
DA:233,0
DA:234,0
DA:235,0
DA:236,0
DA:238,0
DA:239,0
DA:240,0
DA:248,0
DA:249,0
DA:250,0
DA:251,0
DA:252,0
DA:254,0
DA:261,0
DA:262,0
DA:263,0
DA:264,0
DA:265,0
DA:267,0
DA:268,0
DA:269,0
DA:274,0
DA:275,0
DA:276,0
DA:277,0
DA:278,0
DA:280,0
DA:285,0
DA:286,0
DA:292,0
DA:295,0
DA:298,1
DA:309,1
DA:310,1
DA:311,1
DA:312,1
DA:313,1
DA:314,1
DA:315,1
DA:316,1
DA:318,1
DA:336,1
DA:337,1
DA:338,1
DA:339,1
DA:340,1
DA:341,1
DA:342,1
DA:343,0
DA:344,0
DA:347,0
DA:349,1
DA:352,1
DA:353,1
DA:354,1
DA:355,1
DA:356,0
DA:373,0
DA:374,0
DA:375,0
DA:376,0
DA:377,0
DA:382,0
DA:383,0
DA:384,0
DA:385,0
DA:391,0
DA:394,0
DA:414,0
DA:415,0
DA:417,0
DA:428,0
DA:429,0
DA:434,1
DA:435,1
DA:438,1
DA:439,1
DA:441,1
DA:442,1
DA:466,0
DA:467,0
DA:469,0
DA:470,0
DA:471,0
DA:472,0
DA:473,0
DA:478,0
DA:479,0
DA:480,0
DA:481,0
DA:493,1
DA:494,0
DA:495,0
LF:175
LH:40
BRDA:62,0,0,0
BRDA:62,0,1,0
BRDA:72,1,0,1
BRDA:72,1,1,0
BRDA:72,2,0,1
BRDA:72,2,1,1
BRDA:82,3,0,0
BRDA:82,3,1,0
BRDA:82,4,0,0
BRDA:82,4,1,0
BRDA:92,5,0,0
BRDA:92,5,1,0
BRDA:140,6,0,0
BRDA:140,6,1,0
BRDA:193,7,0,0
BRDA:193,7,1,0
BRDA:199,8,0,0
BRDA:199,8,1,0
BRDA:221,9,0,0
BRDA:221,9,1,0
BRDA:221,10,0,0
BRDA:221,10,1,0
BRDA:226,11,0,0
BRDA:226,11,1,0
BRDA:240,12,0,0
BRDA:240,12,1,0
BRDA:249,13,0,0
BRDA:249,13,1,0
BRDA:275,14,0,0
BRDA:275,14,1,0
BRDA:310,15,0,1
BRDA:310,15,1,0
BRDA:313,16,0,1
BRDA:313,16,1,0
BRDA:354,17,0,1
BRDA:354,17,1,0
BRDA:383,18,0,0
BRDA:383,18,1,0
BRDA:394,19,0,0
BRDA:394,19,1,0
BRDA:434,20,0,1
BRDA:434,20,1,0
BRDA:467,21,0,0
BRDA:467,21,1,0
BRDA:472,22,0,0
BRDA:472,22,1,0
BRDA:479,23,0,0
BRDA:479,23,1,0
BRDA:481,24,0,0
BRDA:481,24,1,0
BRF:50
BRH:7
end_of_record
TN:
SF:components/GameModules/MoneySkillsGame.js
FN:8,getRandomAmount
FN:15,renderCurrencyOptions
FN:19,(anonymous_2)
FN:23,(anonymous_3)
FN:26,(anonymous_4)
FN:30,(anonymous_5)
FN:38,selectCurrency
FN:43,updateGameStatus
FN:58,startNewRound
FN:66,showMoneySkillsGame
FN:98,setLanguage
FN:106,addTooltips
FN:107,(anonymous_12)
FN:110,(anonymous_13)
FN:125,(anonymous_14)
FN:134,showOnboarding
FN:147,(anonymous_16)
FN:150,showFAQ
FN:163,(anonymous_18)
FN:168,backupProgress
FN:171,syncProgress
FN:191,(anonymous_21)
FN:220,(anonymous_22)
FN:225,(anonymous_23)
FN:237,(anonymous_24)
FN:251,openParentFeedback
FN:255,showThemeCustomization
FN:259,showChallengesAndLeaderboard
FN:263,enableSignLanguageAvatar
FN:267,enableARVRMode
FN:271,enableOfflineMode
FN:275,setLanguage
FN:279,showLanguageSelector
FN:283,startOnboarding
FN:287,backupData
FN:297,trackEvent
FN:301,showAnalyticsDashboard
FN:306,showEducatorDashboard
FN:310,openContentCreationTools
FN:314,showCommunityFeatures
FNF:40
FNH:4
FNDA:0,getRandomAmount
FNDA:0,renderCurrencyOptions
FNDA:0,(anonymous_2)
FNDA:0,(anonymous_3)
FNDA:0,(anonymous_4)
FNDA:0,(anonymous_5)
FNDA:0,selectCurrency
FNDA:0,updateGameStatus
FNDA:0,startNewRound
FNDA:1,showMoneySkillsGame
FNDA:0,setLanguage
FNDA:2,addTooltips
FNDA:18,(anonymous_12)
FNDA:0,(anonymous_13)
FNDA:0,(anonymous_14)
FNDA:0,showOnboarding
FNDA:0,(anonymous_16)
FNDA:0,showFAQ
FNDA:0,(anonymous_18)
FNDA:0,backupProgress
FNDA:0,syncProgress
FNDA:1,(anonymous_21)
FNDA:0,(anonymous_22)
FNDA:0,(anonymous_23)
FNDA:0,(anonymous_24)
FNDA:0,openParentFeedback
FNDA:0,showThemeCustomization
FNDA:0,showChallengesAndLeaderboard
FNDA:0,enableSignLanguageAvatar
FNDA:0,enableARVRMode
FNDA:0,enableOfflineMode
FNDA:0,setLanguage
FNDA:0,showLanguageSelector
FNDA:0,startOnboarding
FNDA:0,backupData
FNDA:0,trackEvent
FNDA:0,showAnalyticsDashboard
FNDA:0,showEducatorDashboard
FNDA:0,openContentCreationTools
FNDA:0,showCommunityFeatures
DA:5,1
DA:6,1
DA:10,0
DA:11,0
DA:12,0
DA:16,0
DA:17,0
DA:18,0
DA:19,0
DA:20,0
DA:21,0
DA:22,0
DA:23,0
DA:24,0
DA:26,0
DA:27,0
DA:28,0
DA:29,0
DA:30,0
DA:31,0
DA:35,1
DA:36,1
DA:39,0
DA:40,0
DA:44,0
DA:45,0
DA:46,0
DA:47,0
DA:48,0
DA:49,0
DA:50,0
DA:51,0
DA:52,0
DA:53,0
DA:54,0
DA:59,0
DA:60,0
DA:61,0
DA:68,1
DA:97,1
DA:99,0
DA:100,0
DA:101,0
DA:102,0
DA:107,2
DA:108,18
DA:109,10
DA:110,10
DA:111,0
DA:112,0
DA:113,0
DA:114,0
DA:115,0
DA:116,0
DA:117,0
DA:118,0
DA:119,0
DA:120,0
DA:121,0
DA:122,0
DA:123,0
DA:125,10
DA:126,0
DA:127,0
DA:135,0
DA:136,0
DA:137,0
DA:138,0
DA:139,0
DA:141,0
DA:146,0
DA:147,0
DA:151,0
DA:152,0
DA:153,0
DA:154,0
DA:155,0
DA:157,0
DA:162,0
DA:163,0
DA:169,0
DA:172,0
DA:175,1
DA:191,1
DA:192,1
DA:193,1
DA:194,1
DA:195,1
DA:196,1
DA:198,1
DA:219,1
DA:220,1
DA:221,1
DA:222,1
DA:223,1
DA:224,1
DA:225,1
DA:226,0
DA:227,0
DA:230,0
DA:232,1
DA:234,1
DA:235,1
DA:236,1
DA:237,1
DA:238,0
DA:243,1
DA:244,1
DA:246,1
DA:247,1
DA:253,0
DA:257,0
DA:261,0
DA:265,0
DA:269,0
DA:273,0
DA:277,0
DA:281,0
DA:285,0
DA:289,0
DA:299,0
DA:303,0
DA:308,0
DA:316,0
LF:124
LH:35
BRDA:17,0,0,0
BRDA:17,0,1,0
BRDA:45,1,0,0
BRDA:45,1,1,0
BRDA:47,2,0,0
BRDA:47,2,1,0
BRDA:51,3,0,0
BRDA:51,3,1,0
BRDA:66,4,0,1
BRDA:101,5,0,0
BRDA:101,5,1,0
BRDA:108,6,0,10
BRDA:108,6,1,8
BRDA:108,7,0,18
BRDA:108,7,1,18
BRDA:113,8,0,0
BRDA:113,8,1,0
BRDA:127,9,0,0
BRDA:127,9,1,0
BRDA:136,10,0,0
BRDA:136,10,1,0
BRDA:152,11,0,0
BRDA:152,11,1,0
BRDA:193,12,0,1
BRDA:193,12,1,0
BRDA:236,13,0,1
BRDA:236,13,1,0
BRDA:244,14,0,0
BRDA:244,14,1,1
BRDA:247,15,0,0
BRDA:247,15,1,1
BRF:31
BRH:9
end_of_record
TN:
SF:src/app/normalizeRole.js
FN:1,normalizeRole
FNF:1
FNH:1
FNDA:10,normalizeRole
DA:2,10
DA:3,7
DA:4,7
DA:5,6
DA:6,5
DA:7,3
DA:8,1
DA:11,1
LF:8
LH:8
BRDA:2,0,0,3
BRDA:2,0,1,7
BRDA:4,1,0,1
BRDA:4,1,1,6
BRDA:5,2,0,1
BRDA:5,2,1,5
BRDA:6,3,0,2
BRDA:6,3,1,3
BRDA:6,4,0,5
BRDA:6,4,1,4
BRDA:7,5,0,2
BRDA:7,5,1,1
BRDA:7,6,0,3
BRDA:7,6,1,2
BRF:14
BRH:14
end_of_record
TN:
SF:utils/uiUtils.js
FN:8,applyButtonAnimation
FN:21,applyHeadingAnimation
FN:31,setAriaAttributes
FN:33,(anonymous_3)
FNF:4
FNH:2
FNDA:1,applyButtonAnimation
FNDA:1,applyHeadingAnimation
FNDA:0,setAriaAttributes
FNDA:0,(anonymous_3)
DA:9,1
DA:10,0
DA:11,0
DA:12,0
DA:22,1
DA:23,0
DA:32,0
DA:33,0
DA:34,0
LF:9
LH:2
BRDA:9,0,0,1
BRDA:9,0,1,0
BRDA:11,1,0,0
BRDA:11,1,1,0
BRDA:22,2,0,1
BRDA:22,2,1,0
BRDA:31,3,0,0
BRDA:32,4,0,0
BRDA:32,4,1,0
BRF:9
BRH:2
end_of_record
